<?xml version="1.0" encoding="UTF-8" ?>
<testsuites errors="0"
            failures="1"
            tests="1">

  <testsuite name="users.adminUserAddNewTest"
    errors="0" failures="1" hostname="" id="" package="adminUserAddNewTest" skipped="0"
    tests="1" time="14.98" timestamp="">
  
    <testcase name="Verify that admin can add a new user with valid data" classname="users.adminUserAddNewTest" time="14.98" assertions="1">  <failure message="Timed out while waiting for element &lt;//strong/a[text()=&#39;nightwatch.team1ijmv08q641j&#39;]&gt; to be present for 5000 milliseconds. - expected [0;32m&#34;visible&#34;[0m but got: [0;31m&#34;not found&#34;[0m">    at Page.getColumnValueActual (C:\Users\InternDN19.01.06\autoTest_PNVTeam1\page-objects\nightwatch\users\adminUserManagementPage.js:17:26)
    at NightwatchAPI.&lt;anonymous&gt; (C:\Users\InternDN19.01.06\autoTest_PNVTeam1\tests\nightwatch\users\adminUserAddNewTest.js:26:28)
    at processTicksAndRejections (internal/process/task_queues.js:79:9)</failure>
<system-out>[[ATTACHMENT|C:\Users\InternDN19.01.06\autoTest_PNVTeam1\reports\users\adminUserAddNewTest\Verify-that-admin-can-add-a-new-user-with-valid-data_FAILED_May-22-2019-162535-GMT+0700-(Indochina.png]]</system-out>
    <failure message="    at Page.getColumnValueActual (C:\Users\InternDN19.01.06\autoTest_PNVTeam1\page-objects\nightwatch\users\adminUserManagementPage.js:17:26)">    at NightwatchAPI.&lt;anonymous&gt; (C:\Users\InternDN19.01.06\autoTest_PNVTeam1\tests\nightwatch\users\adminUserAddNewTest.js:26:28)
    at processTicksAndRejections (internal/process/task_queues.js:79:9)</failure>
    </testcase>
  

  

  
  </testsuite>
</testsuites>
