<?xml version="1.0" encoding="UTF-8" ?>
<testsuites errors="0"
            failures="2"
            tests="1">

  <testsuite name="pages.adminPageAddTest"
    errors="0" failures="2" hostname="" id="" package="adminPageAddTest" skipped="0"
    tests="1" time="19.39" timestamp="">
  
    <testcase name="Verify that admin can add new page with valid data successfully" classname="pages.adminPageAddTest" time="19.39" assertions="6">

    

    

    

      <failure message="Timed out while waiting for element &lt;textarea[class=editor-post-title__input]&gt; to be present for 10000 milliseconds. - expected [0;32m&#34;visible&#34;[0m but got: [0;31m&#34;not found&#34;[0m">    at Page.getColumActual (C:\Users\InternDN19.01.05\internship_project\autoTest_PNVTeam1\page-objects\pages\adminPageAddPage.js:19:14)
    at NightwatchAPI.&lt;anonymous&gt; (C:\Users\InternDN19.01.05\internship_project\autoTest_PNVTeam1\tests\pages\adminPageAddTest.js:27:18)
    at processTicksAndRejections (internal/process/task_queues.js:79:9)</failure>

      <failure message="Failed [equal]: ({
  error: [
    &#39;  (Session info: chrome=73.0.3683.103)&#39;,
    &#39;  (Driver info: chromedriver=73.0.3683.20 (8e2b610813e167eee3619ac4ce6e42e3ec622017),platform=Windows NT 10.0.17134 x86_64)&#39;
  ],
  message: &#39;no such element: Unable to locate element: {&#34;method&#34;:&#34;css selector&#34;,&#34;selector&#34;:&#34;textarea[class=editor-post-title__input]&#34;}&#39;
} == &#39;Hello summer&#39;) - expected [0;32m&#34;Hello summer&#34;[0m but got: [0;31m&#34;[object Object]&#34;[0m">  error: [
    &#39;  (Session info: chrome=73.0.3683.103)&#39;,
    &#39;  (Driver info: chromedriver=73.0.3683.20 (8e2b610813e167eee3619ac4ce6e42e3ec622017),platform=Windows NT 10.0.17134 x86_64)&#39;
  ],
  message: &#39;no such element: Unable to locate element: {&#34;method&#34;:&#34;css selector&#34;,&#34;selector&#34;:&#34;textarea[class=editor-post-title__input]&#34;}&#39;
} == &#39;Hello summer&#39;
    at C:\Users\InternDN19.01.05\internship_project\autoTest_PNVTeam1\tests\pages\adminPageAddTest.js:28:32
    at NightwatchAPI.&lt;anonymous&gt; (C:\Users\InternDN19.01.05\internship_project\autoTest_PNVTeam1\commands\commons\getContainText.js:3:9)
    at processTicksAndRejections (internal/process/task_queues.js:86:5)</failure>
<system-out>[[ATTACHMENT|C:\Users\InternDN19.01.05\internship_project\autoTest_PNVTeam1\reports\pages\adminPageAddTest\Verify-that-admin-can-add-new-page-with-valid-data-successfully_FAILED_May-08-2019-114925-GMT+0700-(Indochina.png]]</system-out>
    <failure message="  error: [">    &#39;  (Session info: chrome=73.0.3683.103)&#39;,
    &#39;  (Driver info: chromedriver=73.0.3683.20 (8e2b610813e167eee3619ac4ce6e42e3ec622017),platform=Windows NT 10.0.17134 x86_64)&#39;
  ],
  message: &#39;no such element: Unable to locate element: {&#34;method&#34;:&#34;css selector&#34;,&#34;selector&#34;:&#34;textarea[class=editor-post-title__input]&#34;}&#39;
} == &#39;Hello summer&#39;
    at C:\Users\InternDN19.01.05\internship_project\autoTest_PNVTeam1\tests\pages\adminPageAddTest.js:28:32
    at NightwatchAPI.&lt;anonymous&gt; (C:\Users\InternDN19.01.05\internship_project\autoTest_PNVTeam1\commands\commons\getContainText.js:3:9)
    at processTicksAndRejections (internal/process/task_queues.js:86:5)</failure>
    </testcase>
  

  

  
  </testsuite>
</testsuites>
