<?xml version="1.0" encoding="UTF-8" ?>
<testsuites errors="1"
            failures="3"
            tests="1">

  <testsuite name="testPostProduct"
    errors="1" failures="3" hostname="" id="" package="testPostProduct" skipped="0"
    tests="1" time="8.932" timestamp="">
  
    <testcase name="post with valid information" classname="testPostProduct" time="8.932" assertions="15">

    

    

    

    

    

    

    

    

    

    

    

      <failure message="Testing if element &lt;Element [name=@linkRedirectManagePostPage]&gt; is visible. Element could not be located in 1000 ms. - expected [0;32m&#34;true&#34;[0m but got: [0;31m&#34;null&#34;[0m">    at Page.redirectManagePostPage (C:\Users\InternDN19.01.04\autoTest_PNVTeam1\pages\PostProduct.js:32:28)
    at Object.post with valid information (C:\Users\InternDN19.01.04\autoTest_PNVTeam1\tests\testPostProduct.js:15:10)</failure>

      <failure message="Testing if element &lt;Element [name=@labelNameProduct]&gt; is visible. Element could not be located in 1000 ms. - expected [0;32m&#34;true&#34;[0m but got: [0;31m&#34;null&#34;[0m">    at Page.checkValueNameProduct (C:\Users\InternDN19.01.04\autoTest_PNVTeam1\pages\UserManagePost.js:4:28)
    at Object.post with valid information (C:\Users\InternDN19.01.04\autoTest_PNVTeam1\tests\testPostProduct.js:18:26)</failure>

      <failure message="Testing if element &lt;Element [name=@labelNameProduct]&gt; contains text: &#34;fan&#34;. Element could not be located in 1000 ms. - expected [0;32m&#34;fan&#34;[0m but got: [0;31m&#34;null&#34;[0m">    at Page.checkValueNameProduct (C:\Users\InternDN19.01.04\autoTest_PNVTeam1\pages\UserManagePost.js:5:17)
    at Object.post with valid information (C:\Users\InternDN19.01.04\autoTest_PNVTeam1\tests\testPostProduct.js:18:26)</failure>

    <failure message="    at Page.checkValueNameProduct (C:\Users\InternDN19.01.04\autoTest_PNVTeam1\pages\UserManagePost.js:5:17)">    at Object.post with valid information (C:\Users\InternDN19.01.04\autoTest_PNVTeam1\tests\testPostProduct.js:18:26)</failure>
    </testcase>
  

  

  
  </testsuite>
</testsuites>
