<!DOCTYPE html>
<html>
<head>
  <title>Test Results - </title>

  <style>
    html, body {
      font-family: Arial,sans-serif;
      margin: 0;
      padding: 0;
    }
    body { padding: 10px 40px; }
    header { position: relative; }
    #expand-collapse-all {
      position: absolute;
      bottom: -25px;
      right: 0;
      padding: 3px 6px;
      border-radius: 4px;
      background-color: #000;
      font-size: 0.8em;
      color: #fff;
      cursor: pointer;
    }
    table { width: 100%; margin-bottom: 20px; }
      td {
        padding: 7px;
        border-top: none;
        border-left: 1px black solid;
        border-bottom: 1px black solid;
        border-right: none;
      }
      td.pass { color: #003b07; background: #86e191; }
      td.skip { color: #7d3a00; background: #ffd24a; }
      td.fail { color: #5e0e00; background: #ff9c8a; }
    tr:last-child       { border-top: 1px black solid; }
      tr:last-child td    { border-top: 1px black solid; }
      tr:first-child td   { border-top: 1px black solid; }
        td:last-child       { border-right: 1px black solid; }
    tr.overview td      { padding-bottom: 0px; border-bottom: none; }
    tr.overview.last td { padding-bottom: 3px; }
    .suite { cursor: pointer; }
      .suite > .toggle-assertions { display: none; font-weight: normal; margin-left: 2px; }
    ul.assertions     { list-style-type: none; }
      span.error      { color: #AD2B2B; }
      span.success    { color: #53891E; }
    .stacktrace { display: inline; }
      .stacktrace code { display: none; }
    #nightwatch-logo {
      position: absolute;
      top: 20px;
      right: 33px;
      width: 70px;
      height: 75px;
      background: transparent url('http://nightwatchjs.org/img/logo-nightwatch.png') no-repeat;
      background-size: 70px 75px;
    }
  </style>
</head>

<body>
  <h1>Test Results</h1>

  <header>
    <table border="0" cellpadding="0" cellspacing="0">
      <tr class="overview">
        <td colspan="3" title=""><strong>Browser:</strong> </td>
      </tr>
      <tr class="overview">
        <td colspan="3"><strong>Timestamp:</strong> Thu May 09 2019 14:36:36 GMT+0700 (Indochina Time)</td>
      </tr>
      <tr class="overview last">
        <!-- <td colspan="3"><strong>Tests:</strong> 0<br></td> -->
      </tr>
      <tr>
        <td class="pass"><strong>65</strong> passed</td>
        <td class="skip"><strong>0</strong> errors</td>
        <td class="fail"><strong>9</strong> failures</td>
      </tr>
    </table>

    <div id="controls">
      <div id="expand-collapse-all">toggle asssertions</div>
    </div>
  </header>
  

      <h2>medias\adminMediaAddTest</h2>
      <h4>Test cases have run: 1</h4>
        <h3 class="suite">Verify that User Admin is able add new image <span class="toggle-assertions"></span></h3>
        
        <ul class="assertions">
            <li>
                <span class="error">&#10006;</span>

              Failed [equal]: ({
  error: [
    &#x27;  (Session info: chrome&#x3D;73.0.3683.103)&#x27;,
    &#x27;  (Driver info: chromedriver&#x3D;73.0.3683.20 (8e2b610813e167eee3619ac4ce6e42e3ec622017),platform&#x3D;Windows NT 10.0.17134 x86_64)&#x27;
  ],
  message: &#x27;no such element: Unable to locate element: {&quot;method&quot;:&quot;xpath&quot;,&quot;selector&quot;:&quot;//tr[1]/td/strong[@class&#x3D;&quot;has-media-icon&quot;]/a&quot;}&#x27;
} &#x3D;&#x3D; &#x27;girl&#x27;) - expected [0;32m&quot;girl&quot;[0m but got: [0;31m&quot;[object Object]&quot;[0m

                Expected &quot;girl&quot; but got: &quot;[object Object]&quot;

            </li>
          <section data-featherlight-gallery data-featherlight-filter="a">
                <div class='gallery-row-title'>
                    <h4>Verify that User Admin is able add new image Screenshots checkpoint fails</h4>
                </div>
                <div class='gallery-row'>
                                <div class='gallery-column'><a href='C:/Users/InternDN19.01.04/autoTest_PNVTeam1/reports/medias/adminMediaAddTest/Verify-that-User-Admin-is-able-add-new-image_FAILED_May-09-2019-143549-GMT+0700-(Indochina.png' class='thumbnail gallery'><img class='thumbnail' src='C:/Users/InternDN19.01.04/autoTest_PNVTeam1/reports/medias/adminMediaAddTest/Verify-that-User-Admin-is-able-add-new-image_FAILED_May-09-2019-143549-GMT+0700-(Indochina.png' alt='Failed [equal]: ({
  error: [
    &#x27;  (Session info: chrome&#x3D;73.0.3683.103)&#x27;,
    &#x27;  (Driver info: chromedriver&#x3D;73.0.3683.20 (8e2b610813e167eee3619ac4ce6e42e3ec622017),platform&#x3D;Windows NT 10.0.17134 x86_64)&#x27;
  ],
  message: &#x27;no such element: Unable to locate element: {&quot;method&quot;:&quot;xpath&quot;,&quot;selector&quot;:&quot;//tr[1]/td/strong[@class&#x3D;&quot;has-media-icon&quot;]/a&quot;}&#x27;
} &#x3D;&#x3D; &#x27;girl&#x27;) - expected [0;32m&quot;girl&quot;[0m but got: [0;31m&quot;[object Object]&quot;[0m' /></a></div>
                </div>
            </section>
        </ul>

        <p>
            <span class="error"><strong>FAILED:</strong></span>
            <span class="error"><strong>1</strong></span> assertions failed and
            <span class="success"><strong>0</span></strong> passed. (0.1650s)
        </p>


      <hr>
      <h2>menus\adminMenuAddMenuTest</h2>
      <h4>Test cases have run: 1</h4>
        <h3 class="suite">Verify that admin can add new Menu with valid data <span class="toggle-assertions"></span></h3>
        
        <ul class="assertions">
            <li>
                <span class="success">&#10004;</span>

              Element &lt;input[id&#x3D;user_login]&gt; was visible after 221 milliseconds.


            </li>
            <li>
                <span class="success">&#10004;</span>

              Element &lt;input[id&#x3D;user_pass]&gt; was visible after 88 milliseconds.


            </li>
            <li>
                <span class="success">&#10004;</span>

              Element &lt;select[id&#x3D;select-menu-to-edit]&gt; was visible after 29 milliseconds.


            </li>
            <li>
                <span class="error">&#10006;</span>

              Failed [equal]: (&#x27;&#x27; &#x3D;&#x3D; &#x27;Comments&#x27;) - expected [0;32m&quot;Comments&quot;[0m but got: [0;31m&quot;&quot;[0m

                Expected &quot;Comments&quot; but got: &quot;&quot;

            </li>
          <section data-featherlight-gallery data-featherlight-filter="a">
                <div class='gallery-row-title'>
                    <h4>Verify that admin can add new Menu with valid data Screenshots checkpoint fails</h4>
                </div>
                <div class='gallery-row'>
                                <div class='gallery-column'><a href='C:/Users/InternDN19.01.04/autoTest_PNVTeam1/reports/menus/adminMenuAddMenuTest/Verify-that-admin-can-add-new-Menu-with-valid-data_FAILED_May-09-2019-143552-GMT+0700-(Indochina.png' class='thumbnail gallery'><img class='thumbnail' src='C:/Users/InternDN19.01.04/autoTest_PNVTeam1/reports/menus/adminMenuAddMenuTest/Verify-that-admin-can-add-new-Menu-with-valid-data_FAILED_May-09-2019-143552-GMT+0700-(Indochina.png' alt='Failed [equal]: (&#x27;&#x27; &#x3D;&#x3D; &#x27;Comments&#x27;) - expected [0;32m&quot;Comments&quot;[0m but got: [0;31m&quot;&quot;[0m' /></a></div>
                </div>
            </section>
        </ul>

        <p>
            <span class="error"><strong>FAILED:</strong></span>
            <span class="error"><strong>1</strong></span> assertions failed and
            <span class="success"><strong>3</span></strong> passed. (5.844s)
        </p>


      <hr>
      <h2>pages\adminPageAddTest</h2>
      <h4>Test cases have run: 1</h4>
        <h3 class="suite">Verify that admin can add new page with valid data successfully <span class="toggle-assertions"></span></h3>
        
        <ul class="assertions">
            <li>
                <span class="success">&#10004;</span>

              Element &lt;input[id&#x3D;user_login]&gt; was visible after 168 milliseconds.


            </li>
            <li>
                <span class="success">&#10004;</span>

              Element &lt;input[id&#x3D;user_pass]&gt; was visible after 79 milliseconds.


            </li>
            <li>
                <span class="error">&#10006;</span>

              Timed out while waiting for element &lt;div.components-notice__content&gt; to be present for 5000 milliseconds. - expected [0;32m&quot;visible&quot;[0m but got: [0;31m&quot;not found&quot;[0m

                Expected &quot;visible&quot; but got: &quot;not found&quot;

            </li>
            <li>
                <span class="error">&#10006;</span>

              Failed [equal]: ({
  error: [
    &#x27;  (Session info: chrome&#x3D;73.0.3683.103)&#x27;,
    &#x27;  (Driver info: chromedriver&#x3D;73.0.3683.20 (8e2b610813e167eee3619ac4ce6e42e3ec622017),platform&#x3D;Windows NT 10.0.17134 x86_64)&#x27;
  ],
  message: &#x27;no such element: Unable to locate element: {&quot;method&quot;:&quot;css selector&quot;,&quot;selector&quot;:&quot;div.components-notice__content&quot;}&#x27;
} &#x3D;&#x3D; &#x27;Page published.\nView Page&#x27;) - expected [0;32m&quot;Page published.
View Page&quot;[0m but got: [0;31m&quot;[object Object]&quot;[0m

                Expected &quot;Page published.
View Page&quot; but got: &quot;[object Object]&quot;

            </li>
          <section data-featherlight-gallery data-featherlight-filter="a">
                <div class='gallery-row-title'>
                    <h4>Verify that admin can add new page with valid data successfully Screenshots checkpoint fails</h4>
                </div>
                <div class='gallery-row'>
                                <div class='gallery-column'><a href='C:/Users/InternDN19.01.04/autoTest_PNVTeam1/reports/pages/adminPageAddTest/Verify-that-admin-can-add-new-page-with-valid-data-successfully_FAILED_May-09-2019-143554-GMT+0700-(Indochina.png' class='thumbnail gallery'><img class='thumbnail' src='C:/Users/InternDN19.01.04/autoTest_PNVTeam1/reports/pages/adminPageAddTest/Verify-that-admin-can-add-new-page-with-valid-data-successfully_FAILED_May-09-2019-143554-GMT+0700-(Indochina.png' alt='Failed [equal]: ({
  error: [
    &#x27;  (Session info: chrome&#x3D;73.0.3683.103)&#x27;,
    &#x27;  (Driver info: chromedriver&#x3D;73.0.3683.20 (8e2b610813e167eee3619ac4ce6e42e3ec622017),platform&#x3D;Windows NT 10.0.17134 x86_64)&#x27;
  ],
  message: &#x27;no such element: Unable to locate element: {&quot;method&quot;:&quot;css selector&quot;,&quot;selector&quot;:&quot;div.components-notice__content&quot;}&#x27;
} &#x3D;&#x3D; &#x27;Page published.\nView Page&#x27;) - expected [0;32m&quot;Page published.
View Page&quot;[0m but got: [0;31m&quot;[object Object]&quot;[0m' /></a></div>
                </div>
            </section>
        </ul>

        <p>
            <span class="error"><strong>FAILED:</strong></span>
            <span class="error"><strong>2</strong></span> assertions failed and
            <span class="success"><strong>2</span></strong> passed. (7.988s)
        </p>


      <hr>
      <h2>categories\adminCategoryTest</h2>
      <h4>Test cases have run: 1</h4>
        <h3 class="suite">Verify that user can create a new category with valid information <span class="toggle-assertions"></span></h3>
        
        <ul class="assertions">
            <li>
                <span class="error">&#10006;</span>

              Timed out while waiting for element &lt;//td[@class&#x3D;&quot;name column-name has-row-actions column-primary&quot;]/strong/a[text()&#x3D;&quot;clothes&quot;]&gt; to be present for 5000 milliseconds. - expected [0;32m&quot;visible&quot;[0m but got: [0;31m&quot;not found&quot;[0m

                Expected &quot;visible&quot; but got: &quot;not found&quot;

            </li>
            <li>
                <span class="error">&#10006;</span>

              Failed [equal]: ({
  error: [
    &#x27;  (Session info: chrome&#x3D;73.0.3683.103)&#x27;,
    &#x27;  (Driver info: chromedriver&#x3D;73.0.3683.20 (8e2b610813e167eee3619ac4ce6e42e3ec622017),platform&#x3D;Windows NT 10.0.17134 x86_64)&#x27;
  ],
  message: &#x27;no such element: Unable to locate element: {&quot;method&quot;:&quot;xpath&quot;,&quot;selector&quot;:&quot;//td[@class&#x3D;&quot;name column-name has-row-actions column-primary&quot;]/strong/a[text()&#x3D;&quot;clothes&quot;]&quot;}&#x27;
} &#x3D;&#x3D; &#x27;clothes&#x27;) - expected [0;32m&quot;clothes&quot;[0m but got: [0;31m&quot;[object Object]&quot;[0m

                Expected &quot;clothes&quot; but got: &quot;[object Object]&quot;

            </li>
          <section data-featherlight-gallery data-featherlight-filter="a">
                <div class='gallery-row-title'>
                    <h4>Verify that user can create a new category with valid information Screenshots checkpoint fails</h4>
                </div>
                <div class='gallery-row'>
                                <div class='gallery-column'><a href='C:/Users/InternDN19.01.04/autoTest_PNVTeam1/reports/categories/adminCategoryTest/Verify-that-user-can-create-a-new-category-with-valid-information_FAILED_May-09-2019-143554-GMT+0700-(Indochina.png' class='thumbnail gallery'><img class='thumbnail' src='C:/Users/InternDN19.01.04/autoTest_PNVTeam1/reports/categories/adminCategoryTest/Verify-that-user-can-create-a-new-category-with-valid-information_FAILED_May-09-2019-143554-GMT+0700-(Indochina.png' alt='Failed [equal]: ({
  error: [
    &#x27;  (Session info: chrome&#x3D;73.0.3683.103)&#x27;,
    &#x27;  (Driver info: chromedriver&#x3D;73.0.3683.20 (8e2b610813e167eee3619ac4ce6e42e3ec622017),platform&#x3D;Windows NT 10.0.17134 x86_64)&#x27;
  ],
  message: &#x27;no such element: Unable to locate element: {&quot;method&quot;:&quot;xpath&quot;,&quot;selector&quot;:&quot;//td[@class&#x3D;&quot;name column-name has-row-actions column-primary&quot;]/strong/a[text()&#x3D;&quot;clothes&quot;]&quot;}&#x27;
} &#x3D;&#x3D; &#x27;clothes&#x27;) - expected [0;32m&quot;clothes&quot;[0m but got: [0;31m&quot;[object Object]&quot;[0m' /></a></div>
                </div>
            </section>
        </ul>

        <p>
            <span class="error"><strong>FAILED:</strong></span>
            <span class="error"><strong>2</strong></span> assertions failed and
            <span class="success"><strong>0</span></strong> passed. (5.932s)
        </p>

        <h4>skipped</h4>
        <ul>
            <li>Verify that user can edit category with valid data information</li>
        </ul>

      <hr>
      <h2>tags\adminTagTest</h2>
      <h4>Test cases have run: 2</h4>
        <h3 class="suite">Verify that admin can add new tag successfully <span class="toggle-assertions"></span></h3>
        
        <ul class="assertions">
            <li>
                <span class="success">&#10004;</span>

              Element &lt;//td[@class&#x3D;&quot;name column-name has-row-actions column-primary&quot;]/strong/a[text()&#x3D;&quot;automation testing&quot;]&gt; was visible after 698 milliseconds.


            </li>
            <li>
                <span class="success">&#10004;</span>

              Passed [equal]: automation testing &#x3D;&#x3D; automation testing


            </li>
            <li>
                <span class="success">&#10004;</span>

              Element &lt;//td[@class&#x3D;&quot;slug column-slug&quot; and ancestor::tr//a[text()&#x3D;&quot;automation testing&quot;]]&gt; was visible after 73 milliseconds.


            </li>
            <li>
                <span class="success">&#10004;</span>

              Passed [equal]: automation-test &#x3D;&#x3D; automation-test


            </li>
            <li>
                <span class="success">&#10004;</span>

              Element &lt;//td[@class&#x3D;&quot;description column-description&quot;]/p[ancestor::tr//a[text()&#x3D;&quot;automation testing&quot;]]&gt; was visible after 66 milliseconds.


            </li>
            <li>
                <span class="success">&#10004;</span>

              Passed [equal]: To learn Automation testing &#x3D;&#x3D; To learn Automation testing


            </li>
            <li>
                <span class="success">&#10004;</span>

              Element &lt;//td[@class&#x3D;&quot;name column-name has-row-actions column-primary&quot;]/strong/a[text()&#x3D;&quot;automation testing&quot;]&gt; was visible after 51 milliseconds.


            </li>
            <li>
                <span class="success">&#10004;</span>

              Element &lt;//span[@class&#x3D;&quot;delete&quot;]/a[ancestor::td//a[text()&#x3D;&quot;automation testing&quot;]]&gt; was visible after 68 milliseconds.


            </li>
          <section data-featherlight-gallery data-featherlight-filter="a">
                <div class='gallery-row-title'>
                    <h4>Verify that admin can add new tag successfully Screenshots checkpoint fails</h4>
                </div>
                <div class='gallery-row'>
                </div>
            </section>
        </ul>

        <p>
            <span class="success"><strong>OK.</strong></span>
            <span class="success"><strong>8</strong></span> assertions passed. (3.392s)
        </p>
        <h3 class="suite">Verify that Admin can edit tag  <span class="toggle-assertions"></span></h3>
        
        <ul class="assertions">
            <li>
                <span class="success">&#10004;</span>

              Element &lt;//td[@class&#x3D;&quot;name column-name has-row-actions column-primary&quot;]/strong/a[text()&#x3D;&quot;automation testing&quot;]&gt; was visible after 702 milliseconds.


            </li>
            <li>
                <span class="success">&#10004;</span>

              Element &lt;//span[@class&#x3D;&quot;edit&quot;]/a[ancestor::td//a[text()&#x3D;&quot;automation testing&quot;]]&gt; was visible after 37 milliseconds.


            </li>
            <li>
                <span class="success">&#10004;</span>

              Element &lt;div#message&gt;p&gt;strong&gt; was visible after 35 milliseconds.


            </li>
            <li>
                <span class="success">&#10004;</span>

              Passed [equal]: Tag updated. &#x3D;&#x3D; Tag updated.


            </li>
            <li>
                <span class="success">&#10004;</span>

              Element &lt;//td[@class&#x3D;&quot;name column-name has-row-actions column-primary&quot;]/strong/a[text()&#x3D;&quot;automation&quot;]&gt; was visible after 35 milliseconds.


            </li>
            <li>
                <span class="success">&#10004;</span>

              Passed [equal]: automation &#x3D;&#x3D; automation


            </li>
            <li>
                <span class="success">&#10004;</span>

              Element &lt;//td[@class&#x3D;&quot;slug column-slug&quot; and ancestor::tr//a[text()&#x3D;&quot;automation&quot;]]&gt; was visible after 23 milliseconds.


            </li>
            <li>
                <span class="success">&#10004;</span>

              Passed [equal]: automation-testing &#x3D;&#x3D; automation-testing


            </li>
            <li>
                <span class="success">&#10004;</span>

              Element &lt;//td[@class&#x3D;&quot;description column-description&quot;]/p[ancestor::tr//a[text()&#x3D;&quot;automation&quot;]]&gt; was visible after 24 milliseconds.


            </li>
            <li>
                <span class="success">&#10004;</span>

              Passed [equal]: To learn Automation testing by using nightwatch &#x3D;&#x3D; To learn Automation testing by using nightwatch


            </li>
            <li>
                <span class="success">&#10004;</span>

              Element &lt;//td[@class&#x3D;&quot;name column-name has-row-actions column-primary&quot;]/strong/a[text()&#x3D;&quot;automation&quot;]&gt; was visible after 16 milliseconds.


            </li>
            <li>
                <span class="success">&#10004;</span>

              Element &lt;//span[@class&#x3D;&quot;delete&quot;]/a[ancestor::td//a[text()&#x3D;&quot;automation&quot;]]&gt; was visible after 29 milliseconds.


            </li>
          <section data-featherlight-gallery data-featherlight-filter="a">
                <div class='gallery-row-title'>
                    <h4>Verify that Admin can edit tag  Screenshots checkpoint fails</h4>
                </div>
                <div class='gallery-row'>
                </div>
            </section>
        </ul>

        <p>
            <span class="success"><strong>OK.</strong></span>
            <span class="success"><strong>12</strong></span> assertions passed. (6.716s)
        </p>


      <hr>
      <h2>users\adminUserAddNewTest</h2>
      <h4>Test cases have run: 1</h4>
        <h3 class="suite">Verify that user can add a new user with valid information <span class="toggle-assertions"></span></h3>
        
        <ul class="assertions">
            <li>
                <span class="error">&#10006;</span>

              Timed out while waiting for element &lt;//strong/a[text()&#x3D;&quot;nightwatch.team1&quot;]&gt; to be present for 5000 milliseconds. - expected [0;32m&quot;visible&quot;[0m but got: [0;31m&quot;not found&quot;[0m

                Expected &quot;visible&quot; but got: &quot;not found&quot;

            </li>
            <li>
                <span class="error">&#10006;</span>

              Failed [equal]: ({
  error: [
    &#x27;  (Session info: chrome&#x3D;73.0.3683.103)&#x27;,
    &#x27;  (Driver info: chromedriver&#x3D;73.0.3683.20 (8e2b610813e167eee3619ac4ce6e42e3ec622017),platform&#x3D;Windows NT 10.0.17134 x86_64)&#x27;
  ],
  message: &#x27;no such element: Unable to locate element: {&quot;method&quot;:&quot;xpath&quot;,&quot;selector&quot;:&quot;//strong/a[text()&#x3D;&quot;nightwatch.team1&quot;]&quot;}&#x27;
} &#x3D;&#x3D; &#x27;nightwatch.team1&#x27;) - expected [0;32m&quot;nightwatch.team1&quot;[0m but got: [0;31m&quot;[object Object]&quot;[0m

                Expected &quot;nightwatch.team1&quot; but got: &quot;[object Object]&quot;

            </li>
          <section data-featherlight-gallery data-featherlight-filter="a">
                <div class='gallery-row-title'>
                    <h4>Verify that user can add a new user with valid information Screenshots checkpoint fails</h4>
                </div>
                <div class='gallery-row'>
                                <div class='gallery-column'><a href='C:/Users/InternDN19.01.04/autoTest_PNVTeam1/reports/users/adminUserAddNewTest/Verify-that-user-can-add-a-new-user-with-valid-information_FAILED_May-09-2019-143609-GMT+0700-(Indochina.png' class='thumbnail gallery'><img class='thumbnail' src='C:/Users/InternDN19.01.04/autoTest_PNVTeam1/reports/users/adminUserAddNewTest/Verify-that-user-can-add-a-new-user-with-valid-information_FAILED_May-09-2019-143609-GMT+0700-(Indochina.png' alt='Failed [equal]: ({
  error: [
    &#x27;  (Session info: chrome&#x3D;73.0.3683.103)&#x27;,
    &#x27;  (Driver info: chromedriver&#x3D;73.0.3683.20 (8e2b610813e167eee3619ac4ce6e42e3ec622017),platform&#x3D;Windows NT 10.0.17134 x86_64)&#x27;
  ],
  message: &#x27;no such element: Unable to locate element: {&quot;method&quot;:&quot;xpath&quot;,&quot;selector&quot;:&quot;//strong/a[text()&#x3D;&quot;nightwatch.team1&quot;]&quot;}&#x27;
} &#x3D;&#x3D; &#x27;nightwatch.team1&#x27;) - expected [0;32m&quot;nightwatch.team1&quot;[0m but got: [0;31m&quot;[object Object]&quot;[0m' /></a></div>
                </div>
            </section>
        </ul>

        <p>
            <span class="error"><strong>FAILED:</strong></span>
            <span class="error"><strong>2</strong></span> assertions failed and
            <span class="success"><strong>0</span></strong> passed. (8.354s)
        </p>


      <hr>
      <h2>users\adminEditAdminProfileTest</h2>
      <h4>Test cases have run: 1</h4>
        <h3 class="suite">Verify that Admin can edit the profile of admin successfully <span class="toggle-assertions"></span></h3>
        
        <ul class="assertions">
            <li>
                <span class="success">&#10004;</span>

              Passed [equal]: true &#x3D;&#x3D; true


            </li>
            <li>
                <span class="success">&#10004;</span>

              Passed [equal]: true &#x3D;&#x3D; true


            </li>
            <li>
                <span class="success">&#10004;</span>

              Passed [equal]: true &#x3D;&#x3D; true


            </li>
            <li>
                <span class="success">&#10004;</span>

              Passed [equal]: true &#x3D;&#x3D; true


            </li>
            <li>
                <span class="success">&#10004;</span>

              Passed [equal]: true &#x3D;&#x3D; true


            </li>
            <li>
                <span class="success">&#10004;</span>

              Element &lt;//div[@id&#x3D;&quot;message&quot;] // strong&gt; was visible after 24 milliseconds.


            </li>
            <li>
                <span class="success">&#10004;</span>

              Passed [equal]: Profile updated. &#x3D;&#x3D; Profile updated.


            </li>
            <li>
                <span class="success">&#10004;</span>

              Element &lt;input[id&#x3D;first_name]&gt; was visible after 26 milliseconds.


            </li>
            <li>
                <span class="success">&#10004;</span>

              Passed [equal]: Ho√†ng &#x3D;&#x3D; Ho√†ng


            </li>
            <li>
                <span class="success">&#10004;</span>

              Element &lt;input[id&#x3D;last_name]&gt; was visible after 35 milliseconds.


            </li>
            <li>
                <span class="success">&#10004;</span>

              Passed [equal]: Vi &#x3D;&#x3D; Vi


            </li>
            <li>
                <span class="success">&#10004;</span>

              Element &lt;input[id&#x3D;nickname]&gt; was visible after 24 milliseconds.


            </li>
            <li>
                <span class="success">&#10004;</span>

              Passed [equal]: administrator &#x3D;&#x3D; administrator


            </li>
            <li>
                <span class="success">&#10004;</span>

              Element &lt;input[id&#x3D;url]&gt; was visible after 25 milliseconds.


            </li>
            <li>
                <span class="success">&#10004;</span>

              Passed [equal]: http://pnvteam1.com &#x3D;&#x3D; http://pnvteam1.com


            </li>
            <li>
                <span class="success">&#10004;</span>

              Element &lt;textarea[id&#x3D;description]&gt; was visible after 22 milliseconds.


            </li>
            <li>
                <span class="success">&#10004;</span>

              Passed [equal]: I am final year student at Passerellesnumeriques Viet Nam, with major is Testing and Software Development &#x3D;&#x3D; I am final year student at Passerellesnumeriques Viet Nam, with major is Testing and Software Development


            </li>
          <section data-featherlight-gallery data-featherlight-filter="a">
                <div class='gallery-row-title'>
                    <h4>Verify that Admin can edit the profile of admin successfully Screenshots checkpoint fails</h4>
                </div>
                <div class='gallery-row'>
                </div>
            </section>
        </ul>

        <p>
            <span class="success"><strong>OK.</strong></span>
            <span class="success"><strong>17</strong></span> assertions passed. (11.11s)
        </p>


      <hr>
      <h2>users\adminUserLoginTest</h2>
      <h4>Test cases have run: 1</h4>
        <h3 class="suite">Verify that admin can login with valid account <span class="toggle-assertions"></span></h3>
        
        <ul class="assertions">
            <li>
                <span class="success">&#10004;</span>

              Element &lt;input[id&#x3D;user_login]&gt; was visible after 56 milliseconds.


            </li>
            <li>
                <span class="success">&#10004;</span>

              Element &lt;input[id&#x3D;user_pass]&gt; was visible after 47 milliseconds.


            </li>
            <li>
                <span class="success">&#10004;</span>

              Element &lt;//li[@id&#x3D;&quot;wp-admin-bar-logout&quot;]/a[text()&#x3D;&quot;Log Out&quot;]&gt; was visible after 334 milliseconds.


            </li>
            <li>
                <span class="success">&#10004;</span>

              Passed [equal]: true &#x3D;&#x3D; true


            </li>
            <li>
                <span class="success">&#10004;</span>

              Element &lt;//li[@id&#x3D;&quot;wp-admin-bar-logout&quot;]/a[text()&#x3D;&quot;Log Out&quot;]&gt; was visible after 17 milliseconds.


            </li>
          <section data-featherlight-gallery data-featherlight-filter="a">
                <div class='gallery-row-title'>
                    <h4>Verify that admin can login with valid account Screenshots checkpoint fails</h4>
                </div>
                <div class='gallery-row'>
                </div>
            </section>
        </ul>

        <p>
            <span class="success"><strong>OK.</strong></span>
            <span class="success"><strong>5</strong></span> assertions passed. (3.367s)
        </p>


      <hr>
      <h2>posts\adminPostTest</h2>
      <h4>Test cases have run: 1</h4>
        <h3 class="suite">Verify that use can add new post with valid data <span class="toggle-assertions"></span></h3>
        
        <ul class="assertions">
            <li>
                <span class="success">&#10004;</span>

              Element &lt;button.editor-post-publish-button&gt; was visible after 72 milliseconds.


            </li>
            <li>
                <span class="success">&#10004;</span>

              Element &lt;div[class&#x3D;components-notice__content]&gt; was visible after 1040 milliseconds.


            </li>
            <li>
                <span class="success">&#10004;</span>

              Passed [equal]: Post published.
View Post &#x3D;&#x3D; Post published.
View Post


            </li>
            <li>
                <span class="success">&#10004;</span>

              Element &lt;textarea[id&#x3D;post-title-0]&gt; was visible after 55 milliseconds.


            </li>
            <li>
                <span class="success">&#10004;</span>

              Passed [equal]: Post: 37 Where were you &#x3D;&#x3D; Post: 37 Where were you


            </li>
            <li>
                <span class="success">&#10004;</span>

              Element &lt;textarea[class&#x3D;editor-post-text-editor]&gt; was visible after 29 milliseconds.


            </li>
            <li>
                <span class="error">&#10006;</span>

              Failed [equal]: (&#x27;&#x27; &#x3D;&#x3D; &#x27;When you were in trouble and you needed a hand I was always there.&#x27;) - expected [0;32m&quot;When you were in trouble and you needed a hand I was always there.&quot;[0m but got: [0;31m&quot;&quot;[0m

                Expected &quot;When you were in trouble and you needed a hand I was always there.&quot; but got: &quot;&quot;

            </li>
          <section data-featherlight-gallery data-featherlight-filter="a">
                <div class='gallery-row-title'>
                    <h4>Verify that use can add new post with valid data Screenshots checkpoint fails</h4>
                </div>
                <div class='gallery-row'>
                                <div class='gallery-column'><a href='C:/Users/InternDN19.01.04/autoTest_PNVTeam1/reports/posts/adminPostTest/Verify-that-use-can-add-new-post-with-valid-data_FAILED_May-09-2019-143622-GMT+0700-(Indochina.png' class='thumbnail gallery'><img class='thumbnail' src='C:/Users/InternDN19.01.04/autoTest_PNVTeam1/reports/posts/adminPostTest/Verify-that-use-can-add-new-post-with-valid-data_FAILED_May-09-2019-143622-GMT+0700-(Indochina.png' alt='Failed [equal]: (&#x27;&#x27; &#x3D;&#x3D; &#x27;When you were in trouble and you needed a hand I was always there.&#x27;) - expected [0;32m&quot;When you were in trouble and you needed a hand I was always there.&quot;[0m but got: [0;31m&quot;&quot;[0m' /></a></div>
                </div>
            </section>
        </ul>

        <p>
            <span class="error"><strong>FAILED:</strong></span>
            <span class="error"><strong>1</strong></span> assertions failed and
            <span class="success"><strong>6</span></strong> passed. (18.35s)
        </p>

        <h4>skipped</h4>
        <ul>
            <li>Verify that user can edit post with valid data</li>
        </ul>

      <hr>

  <div id="nightwatch-logo"></div>

  <script src="https://code.jquery.com/jquery-2.1.4.min.js"></script>
  <script>
  $(function() {
    $('div.stacktrace').on('click', 'a', function(evt) {
      evt.preventDefault();
      var $link = $(this);
      var $code = $link.parent().find('code');
      $code.toggle();
      $code.is(':visible') ? $link.text('hide stacktrace'):
                             $link.text('view stacktrace');
    });
    $('h3.suite')
      .on({
          click: function(evt) {
            $(this).next('ul.assertions').toggle();
            toggleAssertions(this);
          },
          mouseenter: function(evt) {
            toggleAssertions(this);
            $(this).find('span.toggle-assertions').show();
          },
          mouseleave: function(evt) {
            $(this).find('span.toggle-assertions').hide();
          }
      });
    function toggleAssertions(element) {
      if ( $(element).next('ul.assertions').is(':visible') ) {
        $(element).find('span.toggle-assertions').text('-');
      } else {
        $(element).find('span.toggle-assertions').text('+');
      }
    }
    $('#expand-collapse-all').on('click', function(evt) {
      $('ul.assertions').toggle();
    });
   if ( $(document).height() > $(window).height()) {
     $('ul.assertions').hide();
   }
  });
  </script>
</body>
</html>