<?xml version="1.0" encoding="UTF-8" ?>
<testsuites errors="0"
            failures="1"
            tests="2">

  <testsuite name="categories.adminCategoryTest"
    errors="0" failures="1" hostname="" id="" package="adminCategoryTest" skipped="0"
    tests="2" time="13.71" timestamp="">
  
    <testcase name="Verify that admin can create a new category with valid data" classname="categories.adminCategoryTest" time="5.551" assertions="8">

    

    

    

    

    

    

    

    
    </testcase>
  
    <testcase name="Verify that admin can edit category with valid data" classname="categories.adminCategoryTest" time="8.162" assertions="3">

    

      <failure message="Timed out while waiting for element &lt;#message &gt; p:nth-child(1) &gt; strong&gt; to be present for 5000 milliseconds. - expected [0;32m&#34;visible&#34;[0m but got: [0;31m&#34;not found&#34;[0m">    at Page.getMessageSuccessfully (C:\Users\InternDN19.01.04\autoTest_PNVTeam1\page-objects\nightwatch\categories\adminCategoryEditPage.js:20:18)
    at NightwatchAPI.&lt;anonymous&gt; (C:\Users\InternDN19.01.04\autoTest_PNVTeam1\tests\nightwatch\categories\adminCategoryTest.js:47:30)
    at processTicksAndRejections (internal/process/task_queues.js:79:9)</failure>
<system-out>[[ATTACHMENT|C:\Users\InternDN19.01.04\autoTest_PNVTeam1\reports\nightwatch\categories\adminCategoryTest\Verify-that-admin-can-edit-category-with-valid-data_FAILED_May-28-2019-101245-GMT+0700-(Indochina.png]]</system-out>
    <failure message="    at Page.getMessageSuccessfully (C:\Users\InternDN19.01.04\autoTest_PNVTeam1\page-objects\nightwatch\categories\adminCategoryEditPage.js:20:18)">    at NightwatchAPI.&lt;anonymous&gt; (C:\Users\InternDN19.01.04\autoTest_PNVTeam1\tests\nightwatch\categories\adminCategoryTest.js:47:30)
    at processTicksAndRejections (internal/process/task_queues.js:79:9)</failure>
    </testcase>
  

  

  
  </testsuite>
</testsuites>
