<?xml version="1.0" encoding="UTF-8" ?>
<testsuites errors="0"
            failures="1"
            tests="1">

  <testsuite name="categories.adminCategoryTest"
    errors="0" failures="1" hostname="" id="" package="adminCategoryTest" skipped="1"
    tests="1" time="5.146" timestamp="">
  
    <testcase name="Verify that user can create a new category with valid information" classname="categories.adminCategoryTest" time="5.146" assertions="1">  <failure message="Timed out while waiting for element &lt;//td[@class=&#39;name column-name has-row-actions column-primary&#39;]/strong/a[text()=&#39;clothes&#39;]&gt; to be present for 5000 milliseconds. - expected [0;32m&#34;visible&#34;[0m but got: [0;31m&#34;not found&#34;[0m">    at Page.getColumnValueActual (C:\Users\InternDN19.01.05\internship_project\autoTest_PNVTeam1\page-objects\nightwatch\categories\adminCategoryAddPage.js:24:26)
    at NightwatchAPI.&lt;anonymous&gt; (C:\Users\InternDN19.01.05\internship_project\autoTest_PNVTeam1\tests\nightwatch\categories\adminCategoryTest.js:27:29)
    at processTicksAndRejections (internal/process/task_queues.js:79:9)</failure>
<system-out>[[ATTACHMENT|C:\Users\InternDN19.01.05\internship_project\autoTest_PNVTeam1\reports\nightwatch\categories\adminCategoryTest\Verify-that-user-can-create-a-new-category-with-valid-information_FAILED_May-17-2019-110814-GMT+0700-(Indochina.png]]</system-out>
    <failure message="    at Page.getColumnValueActual (C:\Users\InternDN19.01.05\internship_project\autoTest_PNVTeam1\page-objects\nightwatch\categories\adminCategoryAddPage.js:24:26)">    at NightwatchAPI.&lt;anonymous&gt; (C:\Users\InternDN19.01.05\internship_project\autoTest_PNVTeam1\tests\nightwatch\categories\adminCategoryTest.js:27:29)
    at processTicksAndRejections (internal/process/task_queues.js:79:9)</failure>
    </testcase>
  

  

  
    
    <testcase
      name="Verify that user can edit category with valid data information" classname="categories.adminCategoryTest">
      <skipped />
    </testcase>
    
  
  </testsuite>
</testsuites>
