<?xml version="1.0" encoding="UTF-8" ?>
<testsuites errors="0"
            failures="1"
            tests="2">

  <testsuite name="categories.adminCategoryTest"
    errors="0" failures="1" hostname="" id="" package="adminCategoryTest" skipped="0"
    tests="2" time="12.01" timestamp="">
  
    <testcase name="Verify that admin can create a new category with valid data" classname="categories.adminCategoryTest" time="5.010" assertions="8">

    

    

    

    

    

    

    

    
    </testcase>
  
    <testcase name="Verify that admin can edit category with valid data" classname="categories.adminCategoryTest" time="6.999" assertions="2">

      <failure message="Timed out while waiting for element &lt;//span[@class=&#39;edit&#39;]/a[ancestor::td//a[text()=&#39;clothes7mx0r408rvh&#39;]]&gt; to be visible for 5000 milliseconds. - expected [0;32m&#34;visible&#34;[0m but got: [0;31m&#34;not visible&#34;[0m">    at Page.clickLink (C:\Users\InternDN19.01.06\autoTest_PNVTeam1\page-objects\nightwatch\categories\adminCategoryAddPage.js:46:18)
    at Page.goToAction (C:\Users\InternDN19.01.06\autoTest_PNVTeam1\page-objects\nightwatch\categories\adminCategoryAddPage.js:52:26)
    at NightwatchAPI.&lt;anonymous&gt; (C:\Users\InternDN19.01.06\autoTest_PNVTeam1\tests\nightwatch\categories\adminCategoryTest.js:45:29)
    at processTicksAndRejections (internal/process/task_queues.js:79:9)</failure>
<system-out>[[ATTACHMENT|C:\Users\InternDN19.01.06\autoTest_PNVTeam1\reports\categories\adminCategoryTest\Verify-that-admin-can-edit-category-with-valid-data_FAILED_May-22-2019-160838-GMT+0700-(Indochina.png]]</system-out>
    <failure message="    at Page.clickLink (C:\Users\InternDN19.01.06\autoTest_PNVTeam1\page-objects\nightwatch\categories\adminCategoryAddPage.js:46:18)">    at Page.goToAction (C:\Users\InternDN19.01.06\autoTest_PNVTeam1\page-objects\nightwatch\categories\adminCategoryAddPage.js:52:26)
    at NightwatchAPI.&lt;anonymous&gt; (C:\Users\InternDN19.01.06\autoTest_PNVTeam1\tests\nightwatch\categories\adminCategoryTest.js:45:29)
    at processTicksAndRejections (internal/process/task_queues.js:79:9)</failure>
    </testcase>
  

  

  
  </testsuite>
</testsuites>
