<?xml version="1.0" encoding="UTF-8" ?>
<testsuites errors="7"
            failures="1"
            tests="1">

  <testsuite name="categories.adminCategoryTest"
    errors="7" failures="1" hostname="" id="" package="adminCategoryTest" skipped="1"
    tests="1" time="7.587" timestamp="">
  
    <testcase name="Verify that admin can create a new category with valid data" classname="categories.adminCategoryTest" time="7.587" assertions="1">  <failure message="Timed out while waiting for element &lt;//td[@class=&#39;name column-name has-row-actions column-primary&#39;]/strong/a[text()=&#39;clothestxyxeeyx89&#39;]&gt; to be present for 5000 milliseconds. - expected [0;32m&#34;visible&#34;[0m but got: [0;31m&#34;not found&#34;[0m">    at Page.getColumnValueActual (C:\Users\InternDN19.01.06\autoTest_PNVTeam1\page-objects\nightwatch\categories\adminCategoryAddPage.js:24:26)
    at NightwatchAPI.&lt;anonymous&gt; (C:\Users\InternDN19.01.06\autoTest_PNVTeam1\tests\nightwatch\categories\adminCategoryTest.js:28:29)
    at processTicksAndRejections (internal/process/task_queues.js:79:9)</failure>
<system-out>[[ATTACHMENT|C:\Users\InternDN19.01.06\autoTest_PNVTeam1\reports\categories\adminCategoryTest\Verify-that-admin-can-create-a-new-category-with-valid-data_FAILED_May-22-2019-162510-GMT+0700-(Indochina.png]]</system-out>
    <failure message="    at Page.getColumnValueActual (C:\Users\InternDN19.01.06\autoTest_PNVTeam1\page-objects\nightwatch\categories\adminCategoryAddPage.js:24:26)">    at NightwatchAPI.&lt;anonymous&gt; (C:\Users\InternDN19.01.06\autoTest_PNVTeam1\tests\nightwatch\categories\adminCategoryTest.js:28:29)
    at processTicksAndRejections (internal/process/task_queues.js:79:9)</failure>
    </testcase>
  

  

  
    
    <testcase
      name="Verify that admin can edit category with valid data" classname="categories.adminCategoryTest">
      <skipped />
    </testcase>
    
  
  </testsuite>
</testsuites>
