<!DOCTYPE html>
<html>
<head>
  <title>Test Results - </title>

  <style>
    html, body {
      font-family: Arial,sans-serif;
      margin: 0;
      padding: 0;
    }
    body { padding: 10px 40px; }
    header { position: relative; }
    #expand-collapse-all {
      position: absolute;
      bottom: -25px;
      right: 0;
      padding: 3px 6px;
      border-radius: 4px;
      background-color: #000;
      font-size: 0.8em;
      color: #fff;
      cursor: pointer;
    }
    table { width: 100%; margin-bottom: 20px; }
      td {
        padding: 7px;
        border-top: none;
        border-left: 1px black solid;
        border-bottom: 1px black solid;
        border-right: none;
      }
      td.pass { color: #003b07; background: #86e191; }
      td.skip { color: #7d3a00; background: #ffd24a; }
      td.fail { color: #5e0e00; background: #ff9c8a; }
    tr:last-child       { border-top: 1px black solid; }
      tr:last-child td    { border-top: 1px black solid; }
      tr:first-child td   { border-top: 1px black solid; }
        td:last-child       { border-right: 1px black solid; }
    tr.overview td      { padding-bottom: 0px; border-bottom: none; }
    tr.overview.last td { padding-bottom: 3px; }
    .suite { cursor: pointer; }
      .suite > .toggle-assertions { display: none; font-weight: normal; margin-left: 2px; }
    ul.assertions     { list-style-type: none; }
      span.error      { color: #AD2B2B; }
      span.success    { color: #53891E; }
    .stacktrace { display: inline; }
      .stacktrace code { display: none; }
    #nightwatch-logo {
      position: absolute;
      top: 20px;
      right: 33px;
      width: 70px;
      height: 75px;
      background: transparent url('http://nightwatchjs.org/img/logo-nightwatch.png') no-repeat;
      background-size: 70px 75px;
    }
  </style>
</head>

<body>
  <h1>Test Results</h1>

  <header>
    <table border="0" cellpadding="0" cellspacing="0">
      <tr class="overview">
        <td colspan="3" title=""><strong>Browser:</strong> </td>
      </tr>
      <tr class="overview">
        <td colspan="3"><strong>Timestamp:</strong> Mon May 27 2019 16:50:46 GMT+0700 (Indochina Time)</td>
      </tr>
      <tr class="overview last">
        <td colspan="3"><strong>Tests:</strong> 0<br></td>
      </tr>
      <tr>
        <td class="pass"><strong>70</strong> passed</td>
        <td class="skip"><strong>0</strong> errors</td>
        <td class="fail"><strong>8</strong> failures</td>
      </tr>
    </table>

    <div id="controls">
      <div id="expand-collapse-all">toggle asssertions</div>
    </div>
  </header>
  

      <h2>menus\adminMenuAddMenuTest</h2>

        <h3 class="suite">Verify that admin can add new Menu with valid data <span class="toggle-assertions"></span></h3>
        
        <ul class="assertions">
            <li>
                <span class="error">&#10006;</span>

              Timed out while waiting for element &lt;select[id&#x3D;select-menu-to-edit]&gt; to be present for 5000 milliseconds. - expected [0;32m&quot;visible&quot;[0m but got: [0;31m&quot;not found&quot;[0m

                Expected &quot;visible&quot; but got: &quot;not found&quot;

            </li>
          <section data-featherlight-gallery data-featherlight-filter="a">
                <div class='gallery-row'>
                                <div class='gallery-column'><a href='C:/Users/InternDN19.01.04/autoTest_PNVTeam1/reports/nightwatch/menus/adminMenuAddMenuTest/Verify-that-admin-can-add-new-Menu-with-valid-data_FAILED_May-27-2019-164831-GMT+0700-(Indochina.png' class='thumbnail gallery'><img class='thumbnail' src='C:/Users/InternDN19.01.04/autoTest_PNVTeam1/reports/nightwatch/menus/adminMenuAddMenuTest/Verify-that-admin-can-add-new-Menu-with-valid-data_FAILED_May-27-2019-164831-GMT+0700-(Indochina.png' alt='Timed out while waiting for element &lt;select[id&#x3D;select-menu-to-edit]&gt; to be present for 5000 milliseconds. - expected [0;32m&quot;visible&quot;[0m but got: [0;31m&quot;not found&quot;[0m' /></a></div>
                </div>
            </section>
        </ul>

        <p>
            <span class="error"><strong>FAILED:</strong></span>
            <span class="error"><strong>1</strong></span> assertions failed and
            <span class="success"><strong>0</span></strong> passed. (5.381s)
        </p>


      <hr>
      <h2>medias\adminMediaAddTest</h2>

        <h3 class="suite">Verify that admin can add new image with valid data <span class="toggle-assertions"></span></h3>
        
        <ul class="assertions">
            <li>
                <span class="success">&#10004;</span>

              Passed [equal]: girl &#x3D;&#x3D; girl


            </li>
          <section data-featherlight-gallery data-featherlight-filter="a">
                <div class='gallery-row'>
                </div>
            </section>
        </ul>

        <p>
            <span class="success"><strong>OK.</strong></span>
            <span class="success"><strong>1</strong></span> assertions passed. (4.601s)
        </p>


      <hr>
      <h2>categories\adminCategoryTest</h2>

        <h3 class="suite">Verify that admin can create a new category with valid data <span class="toggle-assertions"></span></h3>
        
        <ul class="assertions">
            <li>
                <span class="error">&#10006;</span>

              Timed out while waiting for element &lt;//td[@class&#x3D;&#x27;name column-name has-row-actions column-primary&#x27;]/strong/a[text()&#x3D;&#x27;clotheshhszhcikgcj&#x27;]&gt; to be present for 5000 milliseconds. - expected [0;32m&quot;visible&quot;[0m but got: [0;31m&quot;not found&quot;[0m

                Expected &quot;visible&quot; but got: &quot;not found&quot;

            </li>
          <section data-featherlight-gallery data-featherlight-filter="a">
                <div class='gallery-row'>
                </div>
            </section>
        </ul>

        <p>
            <span class="error"><strong>FAILED:</strong></span>
            <span class="error"><strong>1</strong></span> assertions failed and
            <span class="success"><strong>0</span></strong> passed. (5.549s)
        </p>
        <h3 class="suite">Verify that admin can edit category with valid data <span class="toggle-assertions"></span></h3>
        
        <ul class="assertions">
            <li>
                <span class="error">&#10006;</span>

              Timed out while waiting for element &lt;//td[@class&#x3D;&#x27;name column-name has-row-actions column-primary&#x27;]/strong/a[text()&#x3D;&#x27;clotheshhszhcikgcj&#x27;]&gt; to be present for 5000 milliseconds. - expected [0;32m&quot;visible&quot;[0m but got: [0;31m&quot;not found&quot;[0m

                Expected &quot;visible&quot; but got: &quot;not found&quot;

            </li>
          <section data-featherlight-gallery data-featherlight-filter="a">
                <div class='gallery-row'>
                                <div class='gallery-column'><a href='C:/Users/InternDN19.01.04/autoTest_PNVTeam1/reports/nightwatch/categories/adminCategoryTest/Verify-that-admin-can-edit-category-with-valid-data_FAILED_May-27-2019-164836-GMT+0700-(Indochina.png' class='thumbnail gallery'><img class='thumbnail' src='C:/Users/InternDN19.01.04/autoTest_PNVTeam1/reports/nightwatch/categories/adminCategoryTest/Verify-that-admin-can-edit-category-with-valid-data_FAILED_May-27-2019-164836-GMT+0700-(Indochina.png' alt='Timed out while waiting for element &lt;//td[@class&#x3D;&#x27;name column-name has-row-actions column-primary&#x27;]/strong/a[text()&#x3D;&#x27;clotheshhszhcikgcj&#x27;]&gt; to be present for 5000 milliseconds. - expected [0;32m&quot;visible&quot;[0m but got: [0;31m&quot;not found&quot;[0m' /></a></div>
                </div>
            </section>
        </ul>

        <p>
            <span class="error"><strong>FAILED:</strong></span>
            <span class="error"><strong>1</strong></span> assertions failed and
            <span class="success"><strong>0</span></strong> passed. (5.270s)
        </p>


      <hr>
      <h2>pages\adminPageTest</h2>

        <h3 class="suite">Verify that admin can add a new page with valid data <span class="toggle-assertions"></span></h3>
        
        <ul class="assertions">
            <li>
                <span class="success">&#10004;</span>

              Element &lt;button.editor-post-publish-button&gt; was visible after 36 milliseconds.


            </li>
            <li>
                <span class="success">&#10004;</span>

              Element &lt;div.components-notice__content&gt; was visible after 675 milliseconds.


            </li>
            <li>
                <span class="success">&#10004;</span>

              Passed [equal]: Page published.
View Page &#x3D;&#x3D; Page published.
View Page


            </li>
            <li>
                <span class="success">&#10004;</span>

              Element &lt;textarea[id&#x3D;post-title-0]&gt; was visible after 73 milliseconds.


            </li>
            <li>
                <span class="success">&#10004;</span>

              Passed [equal]: Hello summer &#x3D;&#x3D; Hello summer


            </li>
            <li>
                <span class="success">&#10004;</span>

              Element &lt;textarea[class&#x3D;editor-post-text-editor]&gt; was visible after 54 milliseconds.


            </li>
            <li>
                <span class="success">&#10004;</span>

              Passed [equal]: I like swimming on the beach. &#x3D;&#x3D; I like swimming on the beach.


            </li>
            <li>
                <span class="success">&#10004;</span>

              Element &lt;//strong/a[ancestor::tr[@id&#x3D;&#x27;post-3641&#x27;]]&gt; was visible after 121 milliseconds.


            </li>
            <li>
                <span class="success">&#10004;</span>

              Element &lt;//span[@class&#x3D;&#x27;trash&#x27;]/a[ancestor::tr[@id&#x3D;&#x27;post-3641&#x27;]]&gt; was visible after 51 milliseconds.


            </li>
          <section data-featherlight-gallery data-featherlight-filter="a">
                <div class='gallery-row'>
                </div>
            </section>
        </ul>

        <p>
            <span class="success"><strong>OK.</strong></span>
            <span class="success"><strong>9</strong></span> assertions passed. (15.25s)
        </p>
        <h3 class="suite">Verify that admin can edit page with valid data <span class="toggle-assertions"></span></h3>
        
        <ul class="assertions">
            <li>
                <span class="success">&#10004;</span>

              Element &lt;button.editor-post-publish-button&gt; was visible after 63 milliseconds.


            </li>
            <li>
                <span class="success">&#10004;</span>

              Element &lt;div.components-notice__content&gt; was visible after 1090 milliseconds.


            </li>
            <li>
                <span class="success">&#10004;</span>

              Element &lt;//strong/a[ancestor::tr[@id&#x3D;&#x27;post-3644&#x27;]]&gt; was visible after 88 milliseconds.


            </li>
            <li>
                <span class="error">&#10006;</span>

              Timed out while waiting for element &lt;//span[@class&#x3D;&#x27;edit&#x27;]/a[ancestor::tr[@id&#x3D;&#x27;post-3644&#x27;]]&gt; to be visible for 5000 milliseconds. - expected [0;32m&quot;visible&quot;[0m but got: [0;31m&quot;not visible&quot;[0m

                Expected &quot;visible&quot; but got: &quot;not visible&quot;

            </li>
          <section data-featherlight-gallery data-featherlight-filter="a">
                <div class='gallery-row'>
                                <div class='gallery-column'><a href='C:/Users/InternDN19.01.04/autoTest_PNVTeam1/reports/nightwatch/pages/adminPageTest/Verify-that-admin-can-edit-page-with-valid-data_FAILED_May-27-2019-164856-GMT+0700-(Indochina.png' class='thumbnail gallery'><img class='thumbnail' src='C:/Users/InternDN19.01.04/autoTest_PNVTeam1/reports/nightwatch/pages/adminPageTest/Verify-that-admin-can-edit-page-with-valid-data_FAILED_May-27-2019-164856-GMT+0700-(Indochina.png' alt='Timed out while waiting for element &lt;//span[@class&#x3D;&#x27;edit&#x27;]/a[ancestor::tr[@id&#x3D;&#x27;post-3644&#x27;]]&gt; to be visible for 5000 milliseconds. - expected [0;32m&quot;visible&quot;[0m but got: [0;31m&quot;not visible&quot;[0m' /></a></div>
                </div>
            </section>
        </ul>

        <p>
            <span class="error"><strong>FAILED:</strong></span>
            <span class="error"><strong>1</strong></span> assertions failed and
            <span class="success"><strong>3</span></strong> passed. (14.71s)
        </p>


      <hr>
      <h2>tags\adminTagTest</h2>

        <h3 class="suite">Verify that admin can add a new tag with valid data  <span class="toggle-assertions"></span></h3>
        
        <ul class="assertions">
            <li>
                <span class="success">&#10004;</span>

              Element &lt;//td[@class&#x3D;&#x27;name column-name has-row-actions column-primary&#x27;]/strong/a[text()&#x3D;&#x27;automation testing9kx81uj7hdh&#x27;]&gt; was visible after 996 milliseconds.


            </li>
            <li>
                <span class="success">&#10004;</span>

              Passed [equal]: automation testing9kx81uj7hdh &#x3D;&#x3D; automation testing9kx81uj7hdh


            </li>
            <li>
                <span class="success">&#10004;</span>

              Element &lt;//td[@class&#x3D;&#x27;slug column-slug&#x27; and ancestor::tr//a[text()&#x3D;&#x27;automation testing9kx81uj7hdh&#x27;]]&gt; was visible after 71 milliseconds.


            </li>
            <li>
                <span class="success">&#10004;</span>

              Passed [equal]: automation-test256hbe24iy2 &#x3D;&#x3D; automation-test256hbe24iy2


            </li>
            <li>
                <span class="success">&#10004;</span>

              Element &lt;//td[@class&#x3D;&#x27;description column-description&#x27;]/p[ancestor::tr//a[text()&#x3D;&#x27;automation testing9kx81uj7hdh&#x27;]]&gt; was visible after 40 milliseconds.


            </li>
            <li>
                <span class="success">&#10004;</span>

              Passed [equal]: To learn Automation testing &#x3D;&#x3D; To learn Automation testing


            </li>
            <li>
                <span class="success">&#10004;</span>

              Element &lt;//td[@class&#x3D;&#x27;name column-name has-row-actions column-primary&#x27;]/strong/a[text()&#x3D;&#x27;automation testing9kx81uj7hdh&#x27;]&gt; was visible after 37 milliseconds.


            </li>
            <li>
                <span class="success">&#10004;</span>

              Element &lt;//span[@class&#x3D;&#x27;delete&#x27;]/a[ancestor::td//a[text()&#x3D;&#x27;automation testing9kx81uj7hdh&#x27;]]&gt; was visible after 46 milliseconds.


            </li>
          <section data-featherlight-gallery data-featherlight-filter="a">
                <div class='gallery-row'>
                </div>
            </section>
        </ul>

        <p>
            <span class="success"><strong>OK.</strong></span>
            <span class="success"><strong>8</strong></span> assertions passed. (4.575s)
        </p>
        <h3 class="suite">Verify that admin can edit tag with valid data <span class="toggle-assertions"></span></h3>
        
        <ul class="assertions">
            <li>
                <span class="success">&#10004;</span>

              Element &lt;//td[@class&#x3D;&#x27;name column-name has-row-actions column-primary&#x27;]/strong/a[text()&#x3D;&#x27;automation testing9kx81uj7hdh&#x27;]&gt; was visible after 2398 milliseconds.


            </li>
            <li>
                <span class="error">&#10006;</span>

              Timed out while waiting for element &lt;//span[@class&#x3D;&#x27;edit&#x27;]/a[ancestor::td//a[text()&#x3D;&#x27;automation testing9kx81uj7hdh&#x27;]]&gt; to be visible for 5000 milliseconds. - expected [0;32m&quot;visible&quot;[0m but got: [0;31m&quot;not visible&quot;[0m

                Expected &quot;visible&quot; but got: &quot;not visible&quot;

            </li>
          <section data-featherlight-gallery data-featherlight-filter="a">
                <div class='gallery-row'>
                                <div class='gallery-column'><a href='C:/Users/InternDN19.01.04/autoTest_PNVTeam1/reports/nightwatch/tags/adminTagTest/Verify-that-admin-can-edit-tag-with-valid-data_FAILED_May-27-2019-164904-GMT+0700-(Indochina.png' class='thumbnail gallery'><img class='thumbnail' src='C:/Users/InternDN19.01.04/autoTest_PNVTeam1/reports/nightwatch/tags/adminTagTest/Verify-that-admin-can-edit-tag-with-valid-data_FAILED_May-27-2019-164904-GMT+0700-(Indochina.png' alt='Timed out while waiting for element &lt;//span[@class&#x3D;&#x27;edit&#x27;]/a[ancestor::td//a[text()&#x3D;&#x27;automation testing9kx81uj7hdh&#x27;]]&gt; to be visible for 5000 milliseconds. - expected [0;32m&quot;visible&quot;[0m but got: [0;31m&quot;not visible&quot;[0m' /></a></div>
                </div>
            </section>
        </ul>

        <p>
            <span class="error"><strong>FAILED:</strong></span>
            <span class="error"><strong>1</strong></span> assertions failed and
            <span class="success"><strong>1</span></strong> passed. (10.52s)
        </p>


      <hr>
      <h2>users\adminUserAddNewTest</h2>

        <h3 class="suite">Verify that admin can add a new user with valid data <span class="toggle-assertions"></span></h3>
        
        <ul class="assertions">
            <li>
                <span class="success">&#10004;</span>

              Element &lt;//strong/a[text()&#x3D;&#x27;nightwatch.team1b6biwvrd81a&#x27;]&gt; was visible after 781 milliseconds.


            </li>
            <li>
                <span class="success">&#10004;</span>

              Passed [equal]: nightwatch.team1b6biwvrd81a &#x3D;&#x3D; nightwatch.team1b6biwvrd81a


            </li>
            <li>
                <span class="success">&#10004;</span>

              Element &lt;//td[@class&#x3D;&#x27;name column-name&#x27; and ancestor::tr//a[text()&#x3D;&#x27;nightwatch.team1b6biwvrd81a&#x27;]]&gt; was visible after 70 milliseconds.


            </li>
            <li>
                <span class="success">&#10004;</span>

              Passed [equal]: NightWatchr27vrokn1cr Team 1a4njha2nrw &#x3D;&#x3D; NightWatchr27vrokn1cr Team 1a4njha2nrw


            </li>
            <li>
                <span class="success">&#10004;</span>

              Element &lt;//td[@class&#x3D;&#x27;email column-email&#x27;]/a[ancestor::tr//a[text()&#x3D;&#x27;nightwatch.team1b6biwvrd81a&#x27;]]&gt; was visible after 52 milliseconds.


            </li>
            <li>
                <span class="success">&#10004;</span>

              Passed [equal]: nightwatchomi1mr6uk7b@gmail.com &#x3D;&#x3D; nightwatchomi1mr6uk7b@gmail.com


            </li>
            <li>
                <span class="success">&#10004;</span>

              Element &lt;//td[@class&#x3D;&#x27;role column-role&#x27; and ancestor::tr//a[text()&#x3D;&#x27;nightwatch.team1b6biwvrd81a&#x27;]]&gt; was visible after 49 milliseconds.


            </li>
            <li>
                <span class="success">&#10004;</span>

              Passed [equal]: Subscriber &#x3D;&#x3D; Subscriber


            </li>
            <li>
                <span class="success">&#10004;</span>

              Element &lt;//li[@id&#x3D;&quot;wp-admin-bar-logout&quot;]/a[text()&#x3D;&quot;Log Out&quot;]&gt; was visible after 425 milliseconds.


            </li>
            <li>
                <span class="success">&#10004;</span>

              Element &lt;body&gt; was visible after 55 milliseconds.


            </li>
            <li>
                <span class="success">&#10004;</span>

              Element &lt;input[id&#x3D;user_login]&gt; was visible after 48 milliseconds.


            </li>
            <li>
                <span class="success">&#10004;</span>

              Element &lt;input[id&#x3D;user_pass]&gt; was visible after 62 milliseconds.


            </li>
            <li>
                <span class="error">&#10006;</span>

              Timed out while waiting for element &lt;//li[@id&#x3D;&quot;wp-admin-bar-logout&quot;]/a[text()&#x3D;&quot;Log Out&quot;]&gt; to be present for 5000 milliseconds. - expected [0;32m&quot;visible&quot;[0m but got: [0;31m&quot;not found&quot;[0m

                Expected &quot;visible&quot; but got: &quot;not found&quot;

            </li>
          <section data-featherlight-gallery data-featherlight-filter="a">
                <div class='gallery-row'>
                                <div class='gallery-column'><a href='C:/Users/InternDN19.01.04/autoTest_PNVTeam1/reports/nightwatch/users/adminUserAddNewTest/Verify-that-admin-can-add-a-new-user-with-valid-data_FAILED_May-27-2019-164917-GMT+0700-(Indochina.png' class='thumbnail gallery'><img class='thumbnail' src='C:/Users/InternDN19.01.04/autoTest_PNVTeam1/reports/nightwatch/users/adminUserAddNewTest/Verify-that-admin-can-add-a-new-user-with-valid-data_FAILED_May-27-2019-164917-GMT+0700-(Indochina.png' alt='Timed out while waiting for element &lt;//li[@id&#x3D;&quot;wp-admin-bar-logout&quot;]/a[text()&#x3D;&quot;Log Out&quot;]&gt; to be present for 5000 milliseconds. - expected [0;32m&quot;visible&quot;[0m but got: [0;31m&quot;not found&quot;[0m' /></a></div>
                </div>
            </section>
        </ul>

        <p>
            <span class="error"><strong>FAILED:</strong></span>
            <span class="error"><strong>1</strong></span> assertions failed and
            <span class="success"><strong>12</span></strong> passed. (19.19s)
        </p>


      <hr>
      <h2>posts\adminPostTest</h2>

        <h3 class="suite">Verify that admin can add a new post with valid data <span class="toggle-assertions"></span></h3>
        
        <ul class="assertions">
            <li>
                <span class="success">&#10004;</span>

              Element &lt;button.editor-post-publish-button&gt; was visible after 59 milliseconds.


            </li>
            <li>
                <span class="success">&#10004;</span>

              Element &lt;div[class&#x3D;components-notice__content]&gt; was visible after 3026 milliseconds.


            </li>
            <li>
                <span class="success">&#10004;</span>

              Passed [equal]: Post published.
View Post &#x3D;&#x3D; Post published.
View Post


            </li>
            <li>
                <span class="success">&#10004;</span>

              Element &lt;textarea[id&#x3D;post-title-0]&gt; was visible after 77 milliseconds.


            </li>
            <li>
                <span class="success">&#10004;</span>

              Passed [equal]: Post: Where were you &#x3D;&#x3D; Post: Where were you


            </li>
            <li>
                <span class="success">&#10004;</span>

              Element &lt;textarea[class&#x3D;editor-post-text-editor]&gt; was visible after 33 milliseconds.


            </li>
            <li>
                <span class="success">&#10004;</span>

              Passed [equal]: When you were in trouble and you needed a hand I was always there. &#x3D;&#x3D; When you were in trouble and you needed a hand I was always there.


            </li>
            <li>
                <span class="success">&#10004;</span>

              Element &lt;//strong/a[ancestor::tr[@id&#x3D;&#x27;post-3646&#x27;]]&gt; was visible after 76 milliseconds.


            </li>
            <li>
                <span class="success">&#10004;</span>

              Element &lt;//span[@class&#x3D;&#x27;trash&#x27;]/a[ancestor::tr[@id&#x3D;&#x27;post-3646&#x27;]]&gt; was visible after 45 milliseconds.


            </li>
          <section data-featherlight-gallery data-featherlight-filter="a">
                <div class='gallery-row'>
                </div>
            </section>
        </ul>

        <p>
            <span class="success"><strong>OK.</strong></span>
            <span class="success"><strong>9</strong></span> assertions passed. (18.37s)
        </p>
        <h3 class="suite">Verify that admin can edit post with valid data <span class="toggle-assertions"></span></h3>
        
        <ul class="assertions">
            <li>
                <span class="success">&#10004;</span>

              Element &lt;button.editor-post-publish-button&gt; was visible after 61 milliseconds.


            </li>
            <li>
                <span class="success">&#10004;</span>

              Element &lt;div[class&#x3D;components-notice__content]&gt; was visible after 2062 milliseconds.


            </li>
            <li>
                <span class="success">&#10004;</span>

              Element &lt;//strong/a[ancestor::tr[@id&#x3D;&#x27;post-3648&#x27;]]&gt; was visible after 52 milliseconds.


            </li>
            <li>
                <span class="error">&#10006;</span>

              Timed out while waiting for element &lt;//span[@class&#x3D;&#x27;edit&#x27;]/a[ancestor::tr[@id&#x3D;&#x27;post-3648&#x27;]]&gt; to be visible for 5000 milliseconds. - expected [0;32m&quot;visible&quot;[0m but got: [0;31m&quot;not visible&quot;[0m

                Expected &quot;visible&quot; but got: &quot;not visible&quot;

            </li>
          <section data-featherlight-gallery data-featherlight-filter="a">
                <div class='gallery-row'>
                                <div class='gallery-column'><a href='C:/Users/InternDN19.01.04/autoTest_PNVTeam1/reports/nightwatch/posts/adminPostTest/Verify-that-admin-can-edit-post-with-valid-data_FAILED_May-27-2019-164920-GMT+0700-(Indochina.png' class='thumbnail gallery'><img class='thumbnail' src='C:/Users/InternDN19.01.04/autoTest_PNVTeam1/reports/nightwatch/posts/adminPostTest/Verify-that-admin-can-edit-post-with-valid-data_FAILED_May-27-2019-164920-GMT+0700-(Indochina.png' alt='Timed out while waiting for element &lt;//span[@class&#x3D;&#x27;edit&#x27;]/a[ancestor::tr[@id&#x3D;&#x27;post-3648&#x27;]]&gt; to be visible for 5000 milliseconds. - expected [0;32m&quot;visible&quot;[0m but got: [0;31m&quot;not visible&quot;[0m' /></a></div>
                </div>
            </section>
        </ul>

        <p>
            <span class="error"><strong>FAILED:</strong></span>
            <span class="error"><strong>1</strong></span> assertions failed and
            <span class="success"><strong>3</span></strong> passed. (15.64s)
        </p>


      <hr>
      <h2>users\adminUserLoginTest</h2>

        <h3 class="suite">Verify that admin can login with valid account <span class="toggle-assertions"></span></h3>
        
        <ul class="assertions">
            <li>
                <span class="success">&#10004;</span>

              Element &lt;body&gt; was visible after 48 milliseconds.


            </li>
            <li>
                <span class="success">&#10004;</span>

              Element &lt;input[id&#x3D;user_login]&gt; was visible after 57 milliseconds.


            </li>
            <li>
                <span class="success">&#10004;</span>

              Element &lt;input[id&#x3D;user_pass]&gt; was visible after 60 milliseconds.


            </li>
            <li>
                <span class="error">&#10006;</span>

              Timed out while waiting for element &lt;//li[@id&#x3D;&quot;wp-admin-bar-logout&quot;]/a[text()&#x3D;&quot;Log Out&quot;]&gt; to be visible for 5000 milliseconds. - expected [0;32m&quot;visible&quot;[0m but got: [0;31m&quot;not visible&quot;[0m

                Expected &quot;visible&quot; but got: &quot;not visible&quot;

            </li>
          <section data-featherlight-gallery data-featherlight-filter="a">
                <div class='gallery-row'>
                                <div class='gallery-column'><a href='C:/Users/InternDN19.01.04/autoTest_PNVTeam1/reports/nightwatch/users/adminUserLoginTest/Verify-that-admin-can-login-with-valid-account_FAILED_May-27-2019-164926-GMT+0700-(Indochina.png' class='thumbnail gallery'><img class='thumbnail' src='C:/Users/InternDN19.01.04/autoTest_PNVTeam1/reports/nightwatch/users/adminUserLoginTest/Verify-that-admin-can-login-with-valid-account_FAILED_May-27-2019-164926-GMT+0700-(Indochina.png' alt='Timed out while waiting for element &lt;//li[@id&#x3D;&quot;wp-admin-bar-logout&quot;]/a[text()&#x3D;&quot;Log Out&quot;]&gt; to be visible for 5000 milliseconds. - expected [0;32m&quot;visible&quot;[0m but got: [0;31m&quot;not visible&quot;[0m' /></a></div>
                </div>
            </section>
        </ul>

        <p>
            <span class="error"><strong>FAILED:</strong></span>
            <span class="error"><strong>1</strong></span> assertions failed and
            <span class="success"><strong>3</span></strong> passed. (9.996s)
        </p>


      <hr>

  <div id="nightwatch-logo"></div>

  <script src="https://code.jquery.com/jquery-2.1.4.min.js"></script>
  <script>
  $(function() {
    $('div.stacktrace').on('click', 'a', function(evt) {
      evt.preventDefault();
      var $link = $(this);
      var $code = $link.parent().find('code');
      $code.toggle();
      $code.is(':visible') ? $link.text('hide stacktrace'):
                             $link.text('view stacktrace');
    });
    $('h3.suite')
      .on({
          click: function(evt) {
            $(this).next('ul.assertions').toggle();
            toggleAssertions(this);
          },
          mouseenter: function(evt) {
            toggleAssertions(this);
            $(this).find('span.toggle-assertions').show();
          },
          mouseleave: function(evt) {
            $(this).find('span.toggle-assertions').hide();
          }
      });
    function toggleAssertions(element) {
      if ( $(element).next('ul.assertions').is(':visible') ) {
        $(element).find('span.toggle-assertions').text('-');
      } else {
        $(element).find('span.toggle-assertions').text('+');
      }
    }
    $('#expand-collapse-all').on('click', function(evt) {
      $('ul.assertions').toggle();
    });
   if ( $(document).height() > $(window).height()) {
     $('ul.assertions').hide();
   }
  });
  </script>
</body>
</html>