<!DOCTYPE html>
<html>
<head>
  <title>Test Results - </title>

  <style>
    html, body {
      font-family: Arial,sans-serif;
      margin: 0;
      padding: 0;
    }
    body { padding: 10px 40px; }
    header { position: relative; }
    #expand-collapse-all {
      position: absolute;
      bottom: -25px;
      right: 0;
      padding: 3px 6px;
      border-radius: 4px;
      background-color: #000;
      font-size: 0.8em;
      color: #fff;
      cursor: pointer;
    }
    table { width: 100%; margin-bottom: 20px; }
      td {
        padding: 7px;
        border-top: none;
        border-left: 1px black solid;
        border-bottom: 1px black solid;
        border-right: none;
      }
      td.pass { color: #003b07; background: #86e191; }
      td.skip { color: #7d3a00; background: #ffd24a; }
      td.fail { color: #5e0e00; background: #ff9c8a; }
    tr:last-child       { border-top: 1px black solid; }
      tr:last-child td    { border-top: 1px black solid; }
      tr:first-child td   { border-top: 1px black solid; }
        td:last-child       { border-right: 1px black solid; }
    tr.overview td      { padding-bottom: 0px; border-bottom: none; }
    tr.overview.last td { padding-bottom: 3px; }
    .suite { cursor: pointer; }
      .suite > .toggle-assertions { display: none; font-weight: normal; margin-left: 2px; }
    ul.assertions     { list-style-type: none; }
      span.error      { color: #AD2B2B; }
      span.success    { color: #53891E; }
    .stacktrace { display: inline; }
      .stacktrace code { display: none; }
    #nightwatch-logo {
      position: absolute;
      top: 20px;
      right: 33px;
      width: 70px;
      height: 75px;
      background: transparent url('http://nightwatchjs.org/img/logo-nightwatch.png') no-repeat;
      background-size: 70px 75px;
    }
  </style>
</head>

<body>
  <h1>Test Results</h1>

  <header>
    <table border="0" cellpadding="0" cellspacing="0">
      <tr class="overview">
        <td colspan="3" title=""><strong>Browser:</strong> </td>
      </tr>
      <tr class="overview">
        <td colspan="3"><strong>Timestamp:</strong> Wed May 22 2019 15:21:40 GMT+0700 (Indochina Time)</td>
      </tr>
      <tr class="overview last">
        <td colspan="3"><strong>Tests:</strong> 0<br></td>
      </tr>
      <tr>
        <td class="pass"><strong>132</strong> passed</td>
        <td class="skip"><strong>0</strong> errors</td>
        <td class="fail"><strong>2</strong> failures</td>
      </tr>
    </table>

    <div id="controls">
      <div id="expand-collapse-all">toggle asssertions</div>
    </div>
  </header>
  

      <h2>medias\adminMediaAddTest</h2>

        <h3 class="suite">Verify that admin can add new image <span class="toggle-assertions"></span></h3>
        
        <ul class="assertions">
            <li>
                <span class="success">&#10004;</span>

              Passed [equal]: girl &#x3D;&#x3D; girl


            </li>
          <section data-featherlight-gallery data-featherlight-filter="a">
                <div class='gallery-row-title'>
                    <h4>Verify that admin can add new image Screenshots checkpoint fails</h4>
                </div>
                <div class='gallery-row'>
                </div>
            </section>
        </ul>

        <p>
            <span class="success"><strong>OK.</strong></span>
            <span class="success"><strong>1</strong></span> assertions passed. (2.270s)
        </p>


      <hr>
      <h2>menus\adminMenuAddMenuTest</h2>

        <h3 class="suite">Verify that admin can add new Menu with valid data <span class="toggle-assertions"></span></h3>
        
        <ul class="assertions">
            <li>
                <span class="success">&#10004;</span>

              Element &lt;select[id&#x3D;select-menu-to-edit]&gt; was visible after 30 milliseconds.


            </li>
            <li>
                <span class="success">&#10004;</span>

              Passed [equal]: Comments838w6wcrt3b &#x3D;&#x3D; Comments838w6wcrt3b


            </li>
            <li>
                <span class="success">&#10004;</span>

              Element &lt;span[class&#x3D;delete-action]&gt;a&gt; was visible after 29 milliseconds.


            </li>
          <section data-featherlight-gallery data-featherlight-filter="a">
                <div class='gallery-row-title'>
                    <h4>Verify that admin can add new Menu with valid data Screenshots checkpoint fails</h4>
                </div>
                <div class='gallery-row'>
                </div>
            </section>
        </ul>

        <p>
            <span class="success"><strong>OK.</strong></span>
            <span class="success"><strong>3</strong></span> assertions passed. (5.087s)
        </p>


      <hr>
      <h2>categories\adminCategoryTest</h2>

        <h3 class="suite">Verify that user can create a new category with valid information <span class="toggle-assertions"></span></h3>
        
        <ul class="assertions">
            <li>
                <span class="success">&#10004;</span>

              Element &lt;//td[@class&#x3D;&#x27;name column-name has-row-actions column-primary&#x27;]/strong/a[text()&#x3D;&#x27;clothes0gohpdd7cz17&#x27;]&gt; was visible after 682 milliseconds.


            </li>
            <li>
                <span class="success">&#10004;</span>

              Passed [equal]: clothes0gohpdd7cz17 &#x3D;&#x3D; clothes0gohpdd7cz17


            </li>
            <li>
                <span class="success">&#10004;</span>

              Element &lt;//td[@class&#x3D;&#x27;description column-description&#x27;]/p[ancestor::tr//a[text()&#x3D;&#x27;clothes0gohpdd7cz17&#x27;]]&gt; was visible after 51 milliseconds.


            </li>
            <li>
                <span class="success">&#10004;</span>

              Passed [equal]: Clothes on the store &#x3D;&#x3D; Clothes on the store


            </li>
            <li>
                <span class="success">&#10004;</span>

              Element &lt;//td[@class&#x3D;&#x27;slug column-slug&#x27; and ancestor::tr//a[text()&#x3D;&#x27;clothes0gohpdd7cz17&#x27;]]&gt; was visible after 87 milliseconds.


            </li>
            <li>
                <span class="success">&#10004;</span>

              Passed [equal]: shoppingc89z765dlw4 &#x3D;&#x3D; shoppingc89z765dlw4


            </li>
            <li>
                <span class="success">&#10004;</span>

              Element &lt;//td[@class&#x3D;&#x27;name column-name has-row-actions column-primary&#x27;]/strong/a[text()&#x3D;&#x27;clothes0gohpdd7cz17&#x27;]&gt; was visible after 149 milliseconds.


            </li>
            <li>
                <span class="success">&#10004;</span>

              Element &lt;//span[@class&#x3D;&#x27;delete&#x27;]/a[ancestor::td//a[text()&#x3D;&#x27;clothes0gohpdd7cz17&#x27;]]&gt; was visible after 43 milliseconds.


            </li>
          <section data-featherlight-gallery data-featherlight-filter="a">
                <div class='gallery-row-title'>
                    <h4>Verify that user can create a new category with valid information Screenshots checkpoint fails</h4>
                </div>
                <div class='gallery-row'>
                </div>
            </section>
        </ul>

        <p>
            <span class="success"><strong>OK.</strong></span>
            <span class="success"><strong>8</strong></span> assertions passed. (3.100s)
        </p>
        <h3 class="suite">Verify that user can edit category with valid data information <span class="toggle-assertions"></span></h3>
        
        <ul class="assertions">
            <li>
                <span class="success">&#10004;</span>

              Element &lt;//td[@class&#x3D;&#x27;name column-name has-row-actions column-primary&#x27;]/strong/a[text()&#x3D;&#x27;clothes0gohpdd7cz17&#x27;]&gt; was visible after 714 milliseconds.


            </li>
            <li>
                <span class="success">&#10004;</span>

              Element &lt;//span[@class&#x3D;&#x27;edit&#x27;]/a[ancestor::td//a[text()&#x3D;&#x27;clothes0gohpdd7cz17&#x27;]]&gt; was visible after 34 milliseconds.


            </li>
            <li>
                <span class="success">&#10004;</span>

              Element &lt;#message &gt; p:nth-child(1) &gt; strong&gt; was visible after 40 milliseconds.


            </li>
            <li>
                <span class="success">&#10004;</span>

              Passed [equal]: Category updated. &#x3D;&#x3D; Category updated.


            </li>
            <li>
                <span class="success">&#10004;</span>

              Element &lt;//td[@class&#x3D;&#x27;name column-name has-row-actions column-primary&#x27;]/strong/a[text()&#x3D;&#x27;â€” clothes storeerkeyoaee4i&#x27;]&gt; was visible after 26 milliseconds.


            </li>
            <li>
                <span class="success">&#10004;</span>

              Passed [equal]: â€” clothes storeerkeyoaee4i &#x3D;&#x3D; â€” clothes storeerkeyoaee4i


            </li>
            <li>
                <span class="success">&#10004;</span>

              Element &lt;//td[@class&#x3D;&#x27;description column-description&#x27;]/p[ancestor::tr//a[text()&#x3D;&#x27;â€” clothes storeerkeyoaee4i&#x27;]]&gt; was visible after 31 milliseconds.


            </li>
            <li>
                <span class="success">&#10004;</span>

              Passed [equal]: Clothes on the Team 1 store &#x3D;&#x3D; Clothes on the Team 1 store


            </li>
            <li>
                <span class="success">&#10004;</span>

              Element &lt;//td[@class&#x3D;&#x27;slug column-slug&#x27; and ancestor::tr//a[text()&#x3D;&#x27;â€” clothes storeerkeyoaee4i&#x27;]]&gt; was visible after 24 milliseconds.


            </li>
            <li>
                <span class="success">&#10004;</span>

              Passed [equal]: shoppingstorej70kjg9eyzf &#x3D;&#x3D; shoppingstorej70kjg9eyzf


            </li>
            <li>
                <span class="success">&#10004;</span>

              Element &lt;//td[@class&#x3D;&#x27;name column-name has-row-actions column-primary&#x27;]/strong/a[text()&#x3D;&#x27;â€” clothes storeerkeyoaee4i&#x27;]&gt; was visible after 19 milliseconds.


            </li>
            <li>
                <span class="success">&#10004;</span>

              Element &lt;//span[@class&#x3D;&#x27;delete&#x27;]/a[ancestor::td//a[text()&#x3D;&#x27;â€” clothes storeerkeyoaee4i&#x27;]]&gt; was visible after 30 milliseconds.


            </li>
          <section data-featherlight-gallery data-featherlight-filter="a">
                <div class='gallery-row-title'>
                    <h4>Verify that user can edit category with valid data information Screenshots checkpoint fails</h4>
                </div>
                <div class='gallery-row'>
                </div>
            </section>
        </ul>

        <p>
            <span class="success"><strong>OK.</strong></span>
            <span class="success"><strong>12</strong></span> assertions passed. (4.697s)
        </p>


      <hr>
      <h2>tags\adminTagTest</h2>

        <h3 class="suite">Verify that admin can add new tag successfully <span class="toggle-assertions"></span></h3>
        
        <ul class="assertions">
            <li>
                <span class="success">&#10004;</span>

              Element &lt;//td[@class&#x3D;&#x27;name column-name has-row-actions column-primary&#x27;]/strong/a[text()&#x3D;&#x27;automation testing1ae3k8u6f5t&#x27;]&gt; was visible after 346 milliseconds.


            </li>
            <li>
                <span class="success">&#10004;</span>

              Passed [equal]: automation testing1ae3k8u6f5t &#x3D;&#x3D; automation testing1ae3k8u6f5t


            </li>
            <li>
                <span class="success">&#10004;</span>

              Element &lt;//td[@class&#x3D;&#x27;slug column-slug&#x27; and ancestor::tr//a[text()&#x3D;&#x27;automation testing1ae3k8u6f5t&#x27;]]&gt; was visible after 31 milliseconds.


            </li>
            <li>
                <span class="success">&#10004;</span>

              Passed [equal]: automation-test28qa33jo4sw &#x3D;&#x3D; automation-test28qa33jo4sw


            </li>
            <li>
                <span class="success">&#10004;</span>

              Element &lt;//td[@class&#x3D;&#x27;description column-description&#x27;]/p[ancestor::tr//a[text()&#x3D;&#x27;automation testing1ae3k8u6f5t&#x27;]]&gt; was visible after 30 milliseconds.


            </li>
            <li>
                <span class="success">&#10004;</span>

              Passed [equal]: To learn Automation testing &#x3D;&#x3D; To learn Automation testing


            </li>
            <li>
                <span class="success">&#10004;</span>

              Element &lt;//td[@class&#x3D;&#x27;name column-name has-row-actions column-primary&#x27;]/strong/a[text()&#x3D;&#x27;automation testing1ae3k8u6f5t&#x27;]&gt; was visible after 31 milliseconds.


            </li>
            <li>
                <span class="success">&#10004;</span>

              Element &lt;//span[@class&#x3D;&#x27;delete&#x27;]/a[ancestor::td//a[text()&#x3D;&#x27;automation testing1ae3k8u6f5t&#x27;]]&gt; was visible after 35 milliseconds.


            </li>
          <section data-featherlight-gallery data-featherlight-filter="a">
                <div class='gallery-row-title'>
                    <h4>Verify that admin can add new tag successfully Screenshots checkpoint fails</h4>
                </div>
                <div class='gallery-row'>
                </div>
            </section>
        </ul>

        <p>
            <span class="success"><strong>OK.</strong></span>
            <span class="success"><strong>8</strong></span> assertions passed. (3.004s)
        </p>
        <h3 class="suite">Verify that Admin can edit tag  <span class="toggle-assertions"></span></h3>
        
        <ul class="assertions">
            <li>
                <span class="success">&#10004;</span>

              Element &lt;//td[@class&#x3D;&#x27;name column-name has-row-actions column-primary&#x27;]/strong/a[text()&#x3D;&#x27;automation testing1ae3k8u6f5t&#x27;]&gt; was visible after 645 milliseconds.


            </li>
            <li>
                <span class="success">&#10004;</span>

              Element &lt;//span[@class&#x3D;&#x27;edit&#x27;]/a[ancestor::td//a[text()&#x3D;&#x27;automation testing1ae3k8u6f5t&#x27;]]&gt; was visible after 29 milliseconds.


            </li>
            <li>
                <span class="success">&#10004;</span>

              Element &lt;div#message&gt;p&gt;strong&gt; was visible after 133 milliseconds.


            </li>
            <li>
                <span class="success">&#10004;</span>

              Passed [equal]: Tag updated. &#x3D;&#x3D; Tag updated.


            </li>
            <li>
                <span class="success">&#10004;</span>

              Element &lt;//td[@class&#x3D;&#x27;name column-name has-row-actions column-primary&#x27;]/strong/a[text()&#x3D;&#x27;automationafq3k3kugcs&#x27;]&gt; was visible after 63 milliseconds.


            </li>
            <li>
                <span class="success">&#10004;</span>

              Passed [equal]: automationafq3k3kugcs &#x3D;&#x3D; automationafq3k3kugcs


            </li>
            <li>
                <span class="success">&#10004;</span>

              Element &lt;//td[@class&#x3D;&#x27;slug column-slug&#x27; and ancestor::tr//a[text()&#x3D;&#x27;automationafq3k3kugcs&#x27;]]&gt; was visible after 31 milliseconds.


            </li>
            <li>
                <span class="success">&#10004;</span>

              Passed [equal]: automation-testing7sh9zkzo238 &#x3D;&#x3D; automation-testing7sh9zkzo238


            </li>
            <li>
                <span class="success">&#10004;</span>

              Element &lt;//td[@class&#x3D;&#x27;description column-description&#x27;]/p[ancestor::tr//a[text()&#x3D;&#x27;automationafq3k3kugcs&#x27;]]&gt; was visible after 25 milliseconds.


            </li>
            <li>
                <span class="success">&#10004;</span>

              Passed [equal]: To learn Automation testing by using nightwatch &#x3D;&#x3D; To learn Automation testing by using nightwatch


            </li>
            <li>
                <span class="success">&#10004;</span>

              Element &lt;//td[@class&#x3D;&#x27;name column-name has-row-actions column-primary&#x27;]/strong/a[text()&#x3D;&#x27;automationafq3k3kugcs&#x27;]&gt; was visible after 34 milliseconds.


            </li>
            <li>
                <span class="success">&#10004;</span>

              Element &lt;//span[@class&#x3D;&#x27;delete&#x27;]/a[ancestor::td//a[text()&#x3D;&#x27;automationafq3k3kugcs&#x27;]]&gt; was visible after 31 milliseconds.


            </li>
          <section data-featherlight-gallery data-featherlight-filter="a">
                <div class='gallery-row-title'>
                    <h4>Verify that Admin can edit tag  Screenshots checkpoint fails</h4>
                </div>
                <div class='gallery-row'>
                </div>
            </section>
        </ul>

        <p>
            <span class="success"><strong>OK.</strong></span>
            <span class="success"><strong>12</strong></span> assertions passed. (5.365s)
        </p>


      <hr>
      <h2>pages\adminPageTest</h2>

        <h3 class="suite">Verify that admin can add new page with valid data successfully <span class="toggle-assertions"></span></h3>
        
        <ul class="assertions">
            <li>
                <span class="success">&#10004;</span>

              Element &lt;button.editor-post-publish-button&gt; was visible after 27 milliseconds.


            </li>
            <li>
                <span class="success">&#10004;</span>

              Element &lt;div.components-notice__content&gt; was visible after 662 milliseconds.


            </li>
            <li>
                <span class="success">&#10004;</span>

              Passed [equal]: Page published.
View Page &#x3D;&#x3D; Page published.
View Page


            </li>
            <li>
                <span class="success">&#10004;</span>

              Element &lt;textarea[id&#x3D;post-title-0]&gt; was visible after 31 milliseconds.


            </li>
            <li>
                <span class="success">&#10004;</span>

              Passed [equal]: Hello summer &#x3D;&#x3D; Hello summer


            </li>
            <li>
                <span class="success">&#10004;</span>

              Element &lt;textarea[class&#x3D;editor-post-text-editor]&gt; was visible after 25 milliseconds.


            </li>
            <li>
                <span class="success">&#10004;</span>

              Passed [equal]: I like swimming on the beach. &#x3D;&#x3D; I like swimming on the beach.


            </li>
            <li>
                <span class="success">&#10004;</span>

              Element &lt;//strong/a[ancestor::tr[@id&#x3D;&#x27;post-3332&#x27;]]&gt; was visible after 28 milliseconds.


            </li>
            <li>
                <span class="success">&#10004;</span>

              Element &lt;//span[@class&#x3D;&#x27;trash&#x27;]/a[ancestor::tr[@id&#x3D;&#x27;post-3332&#x27;]]&gt; was visible after 38 milliseconds.


            </li>
          <section data-featherlight-gallery data-featherlight-filter="a">
                <div class='gallery-row-title'>
                    <h4>Verify that admin can add new page with valid data successfully Screenshots checkpoint fails</h4>
                </div>
                <div class='gallery-row'>
                </div>
            </section>
        </ul>

        <p>
            <span class="success"><strong>OK.</strong></span>
            <span class="success"><strong>9</strong></span> assertions passed. (9.140s)
        </p>
        <h3 class="suite">Verify that admin can edit page with valid data successfully <span class="toggle-assertions"></span></h3>
        
        <ul class="assertions">
            <li>
                <span class="success">&#10004;</span>

              Element &lt;button.editor-post-publish-button&gt; was visible after 333 milliseconds.


            </li>
            <li>
                <span class="success">&#10004;</span>

              Element &lt;div.components-notice__content&gt; was visible after 391 milliseconds.


            </li>
            <li>
                <span class="success">&#10004;</span>

              Element &lt;//strong/a[ancestor::tr[@id&#x3D;&#x27;post-3335&#x27;]]&gt; was visible after 37 milliseconds.


            </li>
            <li>
                <span class="success">&#10004;</span>

              Element &lt;//span[@class&#x3D;&#x27;edit&#x27;]/a[ancestor::tr[@id&#x3D;&#x27;post-3335&#x27;]]&gt; was visible after 32 milliseconds.


            </li>
            <li>
                <span class="success">&#10004;</span>

              Element &lt;button.nux-dot-tip__disable&gt; was visible after 66 milliseconds.


            </li>
            <li>
                <span class="success">&#10004;</span>

              Element &lt;textarea[id&#x3D;post-title-0]&gt; was visible after 18 milliseconds.


            </li>
            <li>
                <span class="success">&#10004;</span>

              Element &lt;button.editor-post-publish-button&gt; was visible after 22 milliseconds.


            </li>
            <li>
                <span class="success">&#10004;</span>

              Element &lt;div[class&#x3D;components-notice__content]&gt; was visible after 680 milliseconds.


            </li>
            <li>
                <span class="success">&#10004;</span>

              Passed [equal]: Page updated.
View Page &#x3D;&#x3D; Page updated.
View Page


            </li>
            <li>
                <span class="success">&#10004;</span>

              Element &lt;textarea[id&#x3D;post-title-0]&gt; was visible after 31 milliseconds.


            </li>
            <li>
                <span class="success">&#10004;</span>

              Passed [equal]: Hello summer &#x3D;&#x3D; Hello summer


            </li>
            <li>
                <span class="success">&#10004;</span>

              Element &lt;textarea[class&#x3D;editor-post-text-editor]&gt; was visible after 24 milliseconds.


            </li>
            <li>
                <span class="success">&#10004;</span>

              Passed [equal]: I often go to the beach on the weekend &#x3D;&#x3D; I often go to the beach on the weekend


            </li>
            <li>
                <span class="success">&#10004;</span>

              Element &lt;//strong/a[ancestor::tr[@id&#x3D;&#x27;post-3335&#x27;]]&gt; was visible after 49 milliseconds.


            </li>
            <li>
                <span class="success">&#10004;</span>

              Element &lt;//span[@class&#x3D;&#x27;trash&#x27;]/a[ancestor::tr[@id&#x3D;&#x27;post-3335&#x27;]]&gt; was visible after 28 milliseconds.


            </li>
          <section data-featherlight-gallery data-featherlight-filter="a">
                <div class='gallery-row-title'>
                    <h4>Verify that admin can edit page with valid data successfully Screenshots checkpoint fails</h4>
                </div>
                <div class='gallery-row'>
                </div>
            </section>
        </ul>

        <p>
            <span class="success"><strong>OK.</strong></span>
            <span class="success"><strong>15</strong></span> assertions passed. (12.18s)
        </p>


      <hr>
      <h2>users\adminEditAdminProfileTest</h2>

        <h3 class="suite">Verify that Admin can edit the profile of admin successfully <span class="toggle-assertions"></span></h3>
        
        <ul class="assertions">
            <li>
                <span class="success">&#10004;</span>

              Passed [equal]: true &#x3D;&#x3D; true


            </li>
            <li>
                <span class="success">&#10004;</span>

              Passed [equal]: true &#x3D;&#x3D; true


            </li>
            <li>
                <span class="success">&#10004;</span>

              Passed [equal]: true &#x3D;&#x3D; true


            </li>
            <li>
                <span class="success">&#10004;</span>

              Passed [equal]: true &#x3D;&#x3D; true


            </li>
            <li>
                <span class="success">&#10004;</span>

              Passed [equal]: true &#x3D;&#x3D; true


            </li>
            <li>
                <span class="success">&#10004;</span>

              Element &lt;//div[@id&#x3D;&quot;message&quot;] // strong&gt; was visible after 56 milliseconds.


            </li>
            <li>
                <span class="success">&#10004;</span>

              Passed [equal]: Profile updated. &#x3D;&#x3D; Profile updated.


            </li>
            <li>
                <span class="success">&#10004;</span>

              Element &lt;input[id&#x3D;first_name]&gt; was visible after 47 milliseconds.


            </li>
            <li>
                <span class="success">&#10004;</span>

              Passed [equal]: HoÃ ngjmf0w9ms97l &#x3D;&#x3D; HoÃ ngjmf0w9ms97l


            </li>
            <li>
                <span class="success">&#10004;</span>

              Element &lt;input[id&#x3D;last_name]&gt; was visible after 22 milliseconds.


            </li>
            <li>
                <span class="success">&#10004;</span>

              Passed [equal]: Vi3rm86qsvddr &#x3D;&#x3D; Vi3rm86qsvddr


            </li>
            <li>
                <span class="success">&#10004;</span>

              Element &lt;input[id&#x3D;nickname]&gt; was visible after 21 milliseconds.


            </li>
            <li>
                <span class="success">&#10004;</span>

              Passed [equal]: administrator &#x3D;&#x3D; administrator


            </li>
            <li>
                <span class="success">&#10004;</span>

              Element &lt;input[id&#x3D;url]&gt; was visible after 23 milliseconds.


            </li>
            <li>
                <span class="success">&#10004;</span>

              Passed [equal]: http://pnvteam1rxwgu27x9hc.com &#x3D;&#x3D; http://pnvteam1rxwgu27x9hc.com


            </li>
            <li>
                <span class="success">&#10004;</span>

              Element &lt;textarea[id&#x3D;description]&gt; was visible after 21 milliseconds.


            </li>
            <li>
                <span class="success">&#10004;</span>

              Passed [equal]: I am final year student at Passerellesnumeriques Viet Nam, with major is Testing and Software Developmentlua25uk7h7h &#x3D;&#x3D; I am final year student at Passerellesnumeriques Viet Nam, with major is Testing and Software Developmentlua25uk7h7h


            </li>
          <section data-featherlight-gallery data-featherlight-filter="a">
                <div class='gallery-row-title'>
                    <h4>Verify that Admin can edit the profile of admin successfully Screenshots checkpoint fails</h4>
                </div>
                <div class='gallery-row'>
                </div>
            </section>
        </ul>

        <p>
            <span class="success"><strong>OK.</strong></span>
            <span class="success"><strong>17</strong></span> assertions passed. (10.02s)
        </p>


      <hr>
      <h2>posts\adminPostTest</h2>

        <h3 class="suite">Verify that use can add new post with valid data <span class="toggle-assertions"></span></h3>
        
        <ul class="assertions">
            <li>
                <span class="success">&#10004;</span>

              Element &lt;button.editor-post-publish-button&gt; was visible after 33 milliseconds.


            </li>
            <li>
                <span class="success">&#10004;</span>

              Element &lt;div[class&#x3D;components-notice__content]&gt; was visible after 982 milliseconds.


            </li>
            <li>
                <span class="success">&#10004;</span>

              Passed [equal]: Post published.
View Post &#x3D;&#x3D; Post published.
View Post


            </li>
            <li>
                <span class="success">&#10004;</span>

              Element &lt;textarea[id&#x3D;post-title-0]&gt; was visible after 35 milliseconds.


            </li>
            <li>
                <span class="success">&#10004;</span>

              Passed [equal]: Post: 5 Where were you &#x3D;&#x3D; Post: 5 Where were you


            </li>
            <li>
                <span class="error">&#10006;</span>

              Timed out while waiting for element &lt;textarea[class&#x3D;editor-post-text-editor]&gt; to be present for 5000 milliseconds. - expected [0;32m&quot;visible&quot;[0m but got: [0;31m&quot;not found&quot;[0m

                Expected &quot;visible&quot; but got: &quot;not found&quot;

            </li>
          <section data-featherlight-gallery data-featherlight-filter="a">
                <div class='gallery-row-title'>
                    <h4>Verify that use can add new post with valid data Screenshots checkpoint fails</h4>
                </div>
                <div class='gallery-row'>
                                <div class='gallery-column'><a href='C:/Users/InternDN19.01.06/autoTest_PNVTeam1/reports/posts/adminPostTest/Verify-that-use-can-add-new-post-with-valid-data_FAILED_May-22-2019-152128-GMT+0700-(Indochina.png' class='thumbnail gallery'><img class='thumbnail' src='C:/Users/InternDN19.01.06/autoTest_PNVTeam1/reports/posts/adminPostTest/Verify-that-use-can-add-new-post-with-valid-data_FAILED_May-22-2019-152128-GMT+0700-(Indochina.png' alt='Timed out while waiting for element &lt;textarea[class&#x3D;editor-post-text-editor]&gt; to be present for 5000 milliseconds. - expected [0;32m&quot;visible&quot;[0m but got: [0;31m&quot;not found&quot;[0m' /></a></div>
                </div>
            </section>
        </ul>

        <p>
            <span class="error"><strong>FAILED:</strong></span>
            <span class="error"><strong>1</strong></span> assertions failed and
            <span class="success"><strong>5</span></strong> passed. (14.55s)
        </p>

        <h4>skipped</h4>
        <ul>
            <li>Verify that user can edit post with valid data</li>
        </ul>

      <hr>
      <h2>users\adminUserLoginTest</h2>

        <h3 class="suite">Verify that admin can login with valid account <span class="toggle-assertions"></span></h3>
        
        <ul class="assertions">
            <li>
                <span class="success">&#10004;</span>

              Element &lt;body&gt; was visible after 26 milliseconds.


            </li>
            <li>
                <span class="success">&#10004;</span>

              Element &lt;input[id&#x3D;user_login]&gt; was visible after 27 milliseconds.


            </li>
            <li>
                <span class="success">&#10004;</span>

              Element &lt;input[id&#x3D;user_pass]&gt; was visible after 39 milliseconds.


            </li>
            <li>
                <span class="success">&#10004;</span>

              Element &lt;//li[@id&#x3D;&quot;wp-admin-bar-logout&quot;]/a[text()&#x3D;&quot;Log Out&quot;]&gt; was visible after 339 milliseconds.


            </li>
            <li>
                <span class="success">&#10004;</span>

              Passed [equal]: true &#x3D;&#x3D; true


            </li>
            <li>
                <span class="success">&#10004;</span>

              Element &lt;//li[@id&#x3D;&quot;wp-admin-bar-logout&quot;]/a[text()&#x3D;&quot;Log Out&quot;]&gt; was visible after 17 milliseconds.


            </li>
          <section data-featherlight-gallery data-featherlight-filter="a">
                <div class='gallery-row-title'>
                    <h4>Verify that admin can login with valid account Screenshots checkpoint fails</h4>
                </div>
                <div class='gallery-row'>
                </div>
            </section>
        </ul>

        <p>
            <span class="success"><strong>OK.</strong></span>
            <span class="success"><strong>6</strong></span> assertions passed. (2.087s)
        </p>


      <hr>
      <h2>users\adminUserAddNewTest</h2>

        <h3 class="suite">Verify that user can add a new user with valid information <span class="toggle-assertions"></span></h3>
        
        <ul class="assertions">
            <li>
                <span class="success">&#10004;</span>

              Element &lt;//strong/a[text()&#x3D;&#x27;nightwatch.team15xv4cf8tm9c&#x27;]&gt; was visible after 35 milliseconds.


            </li>
            <li>
                <span class="success">&#10004;</span>

              Passed [equal]: nightwatch.team15xv4cf8tm9c &#x3D;&#x3D; nightwatch.team15xv4cf8tm9c


            </li>
            <li>
                <span class="success">&#10004;</span>

              Element &lt;//td[@class&#x3D;&#x27;name column-name&#x27; and ancestor::tr//a[text()&#x3D;&#x27;nightwatch.team15xv4cf8tm9c&#x27;]]&gt; was visible after 24 milliseconds.


            </li>
            <li>
                <span class="success">&#10004;</span>

              Passed [equal]: NightWatchor24sgdodq Team 1vthe4242a49 &#x3D;&#x3D; NightWatchor24sgdodq Team 1vthe4242a49


            </li>
            <li>
                <span class="success">&#10004;</span>

              Element &lt;//td[@class&#x3D;&#x27;email column-email&#x27;]/a[ancestor::tr//a[text()&#x3D;&#x27;nightwatch.team15xv4cf8tm9c&#x27;]]&gt; was visible after 26 milliseconds.


            </li>
            <li>
                <span class="success">&#10004;</span>

              Passed [equal]: nightwatchec0wn2pf6rr@gmail.com &#x3D;&#x3D; nightwatchec0wn2pf6rr@gmail.com


            </li>
            <li>
                <span class="success">&#10004;</span>

              Element &lt;//td[@class&#x3D;&#x27;role column-role&#x27; and ancestor::tr//a[text()&#x3D;&#x27;nightwatch.team15xv4cf8tm9c&#x27;]]&gt; was visible after 25 milliseconds.


            </li>
            <li>
                <span class="success">&#10004;</span>

              Passed [equal]: Subscriber &#x3D;&#x3D; Subscriber


            </li>
            <li>
                <span class="success">&#10004;</span>

              Element &lt;//li[@id&#x3D;&quot;wp-admin-bar-logout&quot;]/a[text()&#x3D;&quot;Log Out&quot;]&gt; was visible after 353 milliseconds.


            </li>
            <li>
                <span class="success">&#10004;</span>

              Element &lt;body&gt; was visible after 23 milliseconds.


            </li>
            <li>
                <span class="success">&#10004;</span>

              Element &lt;input[id&#x3D;user_login]&gt; was visible after 23 milliseconds.


            </li>
            <li>
                <span class="success">&#10004;</span>

              Element &lt;input[id&#x3D;user_pass]&gt; was visible after 30 milliseconds.


            </li>
            <li>
                <span class="error">&#10006;</span>

              Timed out while waiting for element &lt;//li[@id&#x3D;&quot;wp-admin-bar-logout&quot;]/a[text()&#x3D;&quot;Log Out&quot;]&gt; to be present for 5000 milliseconds. - expected [0;32m&quot;visible&quot;[0m but got: [0;31m&quot;not found&quot;[0m

                Expected &quot;visible&quot; but got: &quot;not found&quot;

            </li>
          <section data-featherlight-gallery data-featherlight-filter="a">
                <div class='gallery-row-title'>
                    <h4>Verify that user can add a new user with valid information Screenshots checkpoint fails</h4>
                </div>
                <div class='gallery-row'>
                                <div class='gallery-column'><a href='C:/Users/InternDN19.01.06/autoTest_PNVTeam1/reports/users/adminUserAddNewTest/Verify-that-user-can-add-a-new-user-with-valid-information_FAILED_May-22-2019-152140-GMT+0700-(Indochina.png' class='thumbnail gallery'><img class='thumbnail' src='C:/Users/InternDN19.01.06/autoTest_PNVTeam1/reports/users/adminUserAddNewTest/Verify-that-user-can-add-a-new-user-with-valid-information_FAILED_May-22-2019-152140-GMT+0700-(Indochina.png' alt='Timed out while waiting for element &lt;//li[@id&#x3D;&quot;wp-admin-bar-logout&quot;]/a[text()&#x3D;&quot;Log Out&quot;]&gt; to be present for 5000 milliseconds. - expected [0;32m&quot;visible&quot;[0m but got: [0;31m&quot;not found&quot;[0m' /></a></div>
                </div>
            </section>
        </ul>

        <p>
            <span class="error"><strong>FAILED:</strong></span>
            <span class="error"><strong>1</strong></span> assertions failed and
            <span class="success"><strong>12</span></strong> passed. (11.78s)
        </p>


      <hr>

  <div id="nightwatch-logo"></div>

  <script src="https://code.jquery.com/jquery-2.1.4.min.js"></script>
  <script>
  $(function() {
    $('div.stacktrace').on('click', 'a', function(evt) {
      evt.preventDefault();
      var $link = $(this);
      var $code = $link.parent().find('code');
      $code.toggle();
      $code.is(':visible') ? $link.text('hide stacktrace'):
                             $link.text('view stacktrace');
    });
    $('h3.suite')
      .on({
          click: function(evt) {
            $(this).next('ul.assertions').toggle();
            toggleAssertions(this);
          },
          mouseenter: function(evt) {
            toggleAssertions(this);
            $(this).find('span.toggle-assertions').show();
          },
          mouseleave: function(evt) {
            $(this).find('span.toggle-assertions').hide();
          }
      });
    function toggleAssertions(element) {
      if ( $(element).next('ul.assertions').is(':visible') ) {
        $(element).find('span.toggle-assertions').text('-');
      } else {
        $(element).find('span.toggle-assertions').text('+');
      }
    }
    $('#expand-collapse-all').on('click', function(evt) {
      $('ul.assertions').toggle();
    });
   if ( $(document).height() > $(window).height()) {
     $('ul.assertions').hide();
   }
  });
  </script>
</body>
</html>