<!DOCTYPE html>
<html>
<head>
  <title>Test Results - </title>

  <style>
    html, body {
      font-family: Arial,sans-serif;
      margin: 0;
      padding: 0;
    }
    body { padding: 10px 40px; }
    header { position: relative; }
    #expand-collapse-all {
      position: absolute;
      bottom: -25px;
      right: 0;
      padding: 3px 6px;
      border-radius: 4px;
      background-color: #000;
      font-size: 0.8em;
      color: #fff;
      cursor: pointer;
    }
    table { width: 100%; margin-bottom: 20px; }
      td {
        padding: 7px;
        border-top: none;
        border-left: 1px black solid;
        border-bottom: 1px black solid;
        border-right: none;
      }
      td.pass { color: #003b07; background: #86e191; }
      td.skip { color: #7d3a00; background: #ffd24a; }
      td.fail { color: #5e0e00; background: #ff9c8a; }
    tr:last-child       { border-top: 1px black solid; }
      tr:last-child td    { border-top: 1px black solid; }
      tr:first-child td   { border-top: 1px black solid; }
        td:last-child       { border-right: 1px black solid; }
    tr.overview td      { padding-bottom: 0px; border-bottom: none; }
    tr.overview.last td { padding-bottom: 3px; }
    .suite { cursor: pointer; }
      .suite > .toggle-assertions { display: none; font-weight: normal; margin-left: 2px; }
    ul.assertions     { list-style-type: none; }
      span.error      { color: #AD2B2B; }
      span.success    { color: #53891E; }
    .stacktrace { display: inline; }
      .stacktrace code { display: none; }
    #nightwatch-logo {
      position: absolute;
      top: 20px;
      right: 33px;
      width: 70px;
      height: 75px;
      background: transparent url('http://nightwatchjs.org/img/logo-nightwatch.png') no-repeat;
      background-size: 70px 75px;
    }
  </style>
</head>

<body>
  <h1>Test Results</h1>

  <header>
    <table border="0" cellpadding="0" cellspacing="0">
      <tr class="overview">
        <td colspan="3" title=""><strong>Browser:</strong> </td>
      </tr>
      <tr class="overview">
        <td colspan="3"><strong>Timestamp:</strong> Wed May 22 2019 16:26:47 GMT+0700 (Indochina Time)</td>
      </tr>
      <tr class="overview last">
        <td colspan="3"><strong>Tests:</strong> 0<br></td>
      </tr>
      <tr>
        <td class="pass"><strong>52</strong> passed</td>
        <td class="skip"><strong>13</strong> errors</td>
        <td class="fail"><strong>5</strong> failures</td>
      </tr>
    </table>

    <div id="controls">
      <div id="expand-collapse-all">toggle asssertions</div>
    </div>
  </header>
  

      <h2>categories\adminCategoryTest</h2>

        <h3 class="suite">Verify that admin can create a new category with valid data <span class="toggle-assertions"></span></h3>
        
        <ul class="assertions">
            <li>
                <span class="error">&#10006;</span>

              Timed out while waiting for element &lt;//td[@class&#x3D;&#x27;name column-name has-row-actions column-primary&#x27;]/strong/a[text()&#x3D;&#x27;clothestxyxeeyx89&#x27;]&gt; to be present for 5000 milliseconds. - expected [0;32m&quot;visible&quot;[0m but got: [0;31m&quot;not found&quot;[0m

                Expected &quot;visible&quot; but got: &quot;not found&quot;

            </li>
          <section data-featherlight-gallery data-featherlight-filter="a">
                <div class='gallery-row'>
                                <div class='gallery-column'><a href='C:/Users/InternDN19.01.06/autoTest_PNVTeam1/reports/categories/adminCategoryTest/Verify-that-admin-can-create-a-new-category-with-valid-data_FAILED_May-22-2019-162510-GMT+0700-(Indochina.png' class='thumbnail gallery'><img class='thumbnail' src='C:/Users/InternDN19.01.06/autoTest_PNVTeam1/reports/categories/adminCategoryTest/Verify-that-admin-can-create-a-new-category-with-valid-data_FAILED_May-22-2019-162510-GMT+0700-(Indochina.png' alt='Timed out while waiting for element &lt;//td[@class&#x3D;&#x27;name column-name has-row-actions column-primary&#x27;]/strong/a[text()&#x3D;&#x27;clothestxyxeeyx89&#x27;]&gt; to be present for 5000 milliseconds. - expected [0;32m&quot;visible&quot;[0m but got: [0;31m&quot;not found&quot;[0m' /></a></div>
                </div>
            </section>
        </ul>

        <p>
            <span class="error"><strong>FAILED:</strong></span>
            <span class="error"><strong>1</strong></span> assertions failed and
            <span class="success"><strong>0</span></strong> passed. (7.587s)
        </p>

        <h4>skipped</h4>
        <ul>
            <li>Verify that admin can edit category with valid data</li>
        </ul>

      <hr>
      <h2>medias\adminMediaAddTest</h2>

        <h3 class="suite">Verify that admin can add new image with valid data <span class="toggle-assertions"></span></h3>
        
        <ul class="assertions">
            <li>
                <span class="success">&#10004;</span>

              Passed [equal]: girl &#x3D;&#x3D; girl


            </li>
          <section data-featherlight-gallery data-featherlight-filter="a">
                <div class='gallery-row'>
                </div>
            </section>
        </ul>

        <p>
            <span class="success"><strong>OK.</strong></span>
            <span class="success"><strong>1</strong></span> assertions passed. (10.21s)
        </p>


      <hr>
      <h2>menus\adminMenuAddMenuTest</h2>

        <h3 class="suite">Verify that admin can add new Menu with valid data <span class="toggle-assertions"></span></h3>
        
        <ul class="assertions">
            <li>
                <span class="success">&#10004;</span>

              Element &lt;select[id&#x3D;select-menu-to-edit]&gt; was visible after 275 milliseconds.


            </li>
            <li>
                <span class="success">&#10004;</span>

              Passed [equal]: Commentsa1hoh6gv7ju &#x3D;&#x3D; Commentsa1hoh6gv7ju


            </li>
            <li>
                <span class="success">&#10004;</span>

              Element &lt;span[class&#x3D;delete-action]&gt;a&gt; was visible after 287 milliseconds.


            </li>
          <section data-featherlight-gallery data-featherlight-filter="a">
                <div class='gallery-row'>
                </div>
            </section>
        </ul>

        <p>
            <span class="success"><strong>OK.</strong></span>
            <span class="success"><strong>3</strong></span> assertions passed. (11.46s)
        </p>


      <hr>
      <h2>pages\adminPageTest</h2>

        <h3 class="suite">Verify that admin can add a new page with valid data <span class="toggle-assertions"></span></h3>
        
        <ul class="assertions">
            <li>
                <span class="error">&#10006;</span>

              Timed out while waiting for element &lt;button.editor-post-publish-button&gt; to be present for 5000 milliseconds. - expected [0;32m&quot;visible&quot;[0m but got: [0;31m&quot;not found&quot;[0m

                Expected &quot;visible&quot; but got: &quot;not found&quot;

            </li>
          <section data-featherlight-gallery data-featherlight-filter="a">
                <div class='gallery-row'>
                                <div class='gallery-column'><a href='C:/Users/InternDN19.01.06/autoTest_PNVTeam1/reports/pages/adminPageTest/Verify-that-admin-can-add-a-new-page-with-valid-data_FAILED_May-22-2019-162515-GMT+0700-(Indochina.png' class='thumbnail gallery'><img class='thumbnail' src='C:/Users/InternDN19.01.06/autoTest_PNVTeam1/reports/pages/adminPageTest/Verify-that-admin-can-add-a-new-page-with-valid-data_FAILED_May-22-2019-162515-GMT+0700-(Indochina.png' alt='Timed out while waiting for element &lt;button.editor-post-publish-button&gt; to be present for 5000 milliseconds. - expected [0;32m&quot;visible&quot;[0m but got: [0;31m&quot;not found&quot;[0m' /></a></div>
                </div>
            </section>
        </ul>

        <p>
            <span class="error"><strong>FAILED:</strong></span>
            <span class="error"><strong>1</strong></span> assertions failed and
            <span class="success"><strong>0</span></strong> passed. (13.27s)
        </p>

        <h4>skipped</h4>
        <ul>
            <li>Verify that admin can edit page with valid data</li>
        </ul>

      <hr>
      <h2>tags\adminTagTest</h2>

        <h3 class="suite">Verify that admin can add a new tag with valid data  <span class="toggle-assertions"></span></h3>
        
        <ul class="assertions">
            <li>
                <span class="error">&#10006;</span>

              Timed out while waiting for element &lt;//td[@class&#x3D;&#x27;name column-name has-row-actions column-primary&#x27;]/strong/a[text()&#x3D;&#x27;automation testing5w3z4aqgf5&#x27;]&gt; to be present for 5000 milliseconds. - expected [0;32m&quot;visible&quot;[0m but got: [0;31m&quot;not found&quot;[0m

                Expected &quot;visible&quot; but got: &quot;not found&quot;

            </li>
          <section data-featherlight-gallery data-featherlight-filter="a">
                <div class='gallery-row'>
                                <div class='gallery-column'><a href='C:/Users/InternDN19.01.06/autoTest_PNVTeam1/reports/tags/adminTagTest/Verify-that-admin-can-add-a-new-tag-with-valid-data-_FAILED_May-22-2019-162526-GMT+0700-(Indochina.png' class='thumbnail gallery'><img class='thumbnail' src='C:/Users/InternDN19.01.06/autoTest_PNVTeam1/reports/tags/adminTagTest/Verify-that-admin-can-add-a-new-tag-with-valid-data-_FAILED_May-22-2019-162526-GMT+0700-(Indochina.png' alt='Timed out while waiting for element &lt;//td[@class&#x3D;&#x27;name column-name has-row-actions column-primary&#x27;]/strong/a[text()&#x3D;&#x27;automation testing5w3z4aqgf5&#x27;]&gt; to be present for 5000 milliseconds. - expected [0;32m&quot;visible&quot;[0m but got: [0;31m&quot;not found&quot;[0m' /></a></div>
                </div>
            </section>
        </ul>

        <p>
            <span class="error"><strong>FAILED:</strong></span>
            <span class="error"><strong>1</strong></span> assertions failed and
            <span class="success"><strong>0</span></strong> passed. (7.632s)
        </p>

        <h4>skipped</h4>
        <ul>
            <li>Verify that admin can edit tag with valid data</li>
        </ul>

      <hr>
      <h2>users\adminUserLoginTest</h2>

        <h3 class="suite">Verify that admin can login with valid account <span class="toggle-assertions"></span></h3>
        
        <ul class="assertions">
            <li>
                <span class="success">&#10004;</span>

              Element &lt;body&gt; was visible after 306 milliseconds.


            </li>
            <li>
                <span class="success">&#10004;</span>

              Element &lt;input[id&#x3D;user_login]&gt; was visible after 289 milliseconds.


            </li>
            <li>
                <span class="success">&#10004;</span>

              Element &lt;input[id&#x3D;user_pass]&gt; was visible after 236 milliseconds.


            </li>
            <li>
                <span class="error">&#10006;</span>

              Timed out while waiting for element &lt;//li[@id&#x3D;&quot;wp-admin-bar-logout&quot;]/a[text()&#x3D;&quot;Log Out&quot;]&gt; to be visible for 5000 milliseconds. - expected [0;32m&quot;visible&quot;[0m but got: [0;31m&quot;not visible&quot;[0m

                Expected &quot;visible&quot; but got: &quot;not visible&quot;

            </li>
          <section data-featherlight-gallery data-featherlight-filter="a">
                <div class='gallery-row'>
                                <div class='gallery-column'><a href='C:/Users/InternDN19.01.06/autoTest_PNVTeam1/reports/users/adminUserLoginTest/Verify-that-admin-can-login-with-valid-account_FAILED_May-22-2019-162538-GMT+0700-(Indochina.png' class='thumbnail gallery'><img class='thumbnail' src='C:/Users/InternDN19.01.06/autoTest_PNVTeam1/reports/users/adminUserLoginTest/Verify-that-admin-can-login-with-valid-account_FAILED_May-22-2019-162538-GMT+0700-(Indochina.png' alt='Timed out while waiting for element &lt;//li[@id&#x3D;&quot;wp-admin-bar-logout&quot;]/a[text()&#x3D;&quot;Log Out&quot;]&gt; to be visible for 5000 milliseconds. - expected [0;32m&quot;visible&quot;[0m but got: [0;31m&quot;not visible&quot;[0m' /></a></div>
                </div>
            </section>
        </ul>

        <p>
            <span class="error"><strong>FAILED:</strong></span>
            <span class="error"><strong>1</strong></span> assertions failed and
            <span class="success"><strong>3</span></strong> passed. (8.912s)
        </p>


      <hr>
      <h2>users\adminUserAddNewTest</h2>

        <h3 class="suite">Verify that admin can add a new user with valid data <span class="toggle-assertions"></span></h3>
        
        <ul class="assertions">
            <li>
                <span class="error">&#10006;</span>

              Timed out while waiting for element &lt;//strong/a[text()&#x3D;&#x27;nightwatch.team1ijmv08q641j&#x27;]&gt; to be present for 5000 milliseconds. - expected [0;32m&quot;visible&quot;[0m but got: [0;31m&quot;not found&quot;[0m

                Expected &quot;visible&quot; but got: &quot;not found&quot;

            </li>
          <section data-featherlight-gallery data-featherlight-filter="a">
                <div class='gallery-row'>
                                <div class='gallery-column'><a href='C:/Users/InternDN19.01.06/autoTest_PNVTeam1/reports/users/adminUserAddNewTest/Verify-that-admin-can-add-a-new-user-with-valid-data_FAILED_May-22-2019-162535-GMT+0700-(Indochina.png' class='thumbnail gallery'><img class='thumbnail' src='C:/Users/InternDN19.01.06/autoTest_PNVTeam1/reports/users/adminUserAddNewTest/Verify-that-admin-can-add-a-new-user-with-valid-data_FAILED_May-22-2019-162535-GMT+0700-(Indochina.png' alt='Timed out while waiting for element &lt;//strong/a[text()&#x3D;&#x27;nightwatch.team1ijmv08q641j&#x27;]&gt; to be present for 5000 milliseconds. - expected [0;32m&quot;visible&quot;[0m but got: [0;31m&quot;not found&quot;[0m' /></a></div>
                </div>
            </section>
        </ul>

        <p>
            <span class="error"><strong>FAILED:</strong></span>
            <span class="error"><strong>1</strong></span> assertions failed and
            <span class="success"><strong>0</span></strong> passed. (14.98s)
        </p>


      <hr>
      <h2>posts\adminPostTest</h2>

        <h3 class="suite">Verify that admin can add a new post with valid data <span class="toggle-assertions"></span></h3>
        
        <ul class="assertions">
            <li>
                <span class="success">&#10004;</span>

              Element &lt;button.editor-post-publish-button&gt; was visible after 420 milliseconds.


            </li>
            <li>
                <span class="success">&#10004;</span>

              Element &lt;div[class&#x3D;components-notice__content]&gt; was visible after 1064 milliseconds.


            </li>
            <li>
                <span class="success">&#10004;</span>

              Passed [equal]: Post published.
View Post &#x3D;&#x3D; Post published.
View Post


            </li>
            <li>
                <span class="success">&#10004;</span>

              Element &lt;textarea[id&#x3D;post-title-0]&gt; was visible after 232 milliseconds.


            </li>
            <li>
                <span class="success">&#10004;</span>

              Passed [equal]: Post: Where were you &#x3D;&#x3D; Post: Where were you


            </li>
            <li>
                <span class="success">&#10004;</span>

              Element &lt;textarea[class&#x3D;editor-post-text-editor]&gt; was visible after 248 milliseconds.


            </li>
            <li>
                <span class="success">&#10004;</span>

              Passed [equal]: When you were in trouble and you needed a hand I was always there. &#x3D;&#x3D; When you were in trouble and you needed a hand I was always there.


            </li>
            <li>
                <span class="success">&#10004;</span>

              Element &lt;//strong/a[ancestor::tr[@id&#x3D;&#x27;post-3388&#x27;]]&gt; was visible after 189 milliseconds.


            </li>
            <li>
                <span class="success">&#10004;</span>

              Element &lt;//span[@class&#x3D;&#x27;trash&#x27;]/a[ancestor::tr[@id&#x3D;&#x27;post-3388&#x27;]]&gt; was visible after 192 milliseconds.


            </li>
          <section data-featherlight-gallery data-featherlight-filter="a">
                <div class='gallery-row'>
                </div>
            </section>
        </ul>

        <p>
            <span class="success"><strong>OK.</strong></span>
            <span class="success"><strong>9</strong></span> assertions passed. (22.71s)
        </p>
        <h3 class="suite">Verify that admin can edit post with valid data <span class="toggle-assertions"></span></h3>
        
        <ul class="assertions">
            <li>
                <span class="success">&#10004;</span>

              Element &lt;button.editor-post-publish-button&gt; was visible after 256 milliseconds.


            </li>
            <li>
                <span class="success">&#10004;</span>

              Element &lt;div[class&#x3D;components-notice__content]&gt; was visible after 957 milliseconds.


            </li>
            <li>
                <span class="success">&#10004;</span>

              Element &lt;//strong/a[ancestor::tr[@id&#x3D;&#x27;post-3390&#x27;]]&gt; was visible after 155 milliseconds.


            </li>
            <li>
                <span class="success">&#10004;</span>

              Element &lt;//span[@class&#x3D;&#x27;edit&#x27;]/a[ancestor::tr[@id&#x3D;&#x27;post-3390&#x27;]]&gt; was visible after 160 milliseconds.


            </li>
            <li>
                <span class="success">&#10004;</span>

              Element &lt;button.nux-dot-tip__disable&gt; was visible after 342 milliseconds.


            </li>
            <li>
                <span class="success">&#10004;</span>

              Element &lt;textarea[id&#x3D;post-title-0]&gt; was visible after 185 milliseconds.


            </li>
            <li>
                <span class="success">&#10004;</span>

              Element &lt;button.editor-post-publish-button&gt; was visible after 221 milliseconds.


            </li>
            <li>
                <span class="success">&#10004;</span>

              Element &lt;div[class&#x3D;components-notice__content]&gt; was visible after 869 milliseconds.


            </li>
            <li>
                <span class="success">&#10004;</span>

              Passed [equal]: Post updated.
View Post &#x3D;&#x3D; Post updated.
View Post


            </li>
            <li>
                <span class="success">&#10004;</span>

              Element &lt;textarea[id&#x3D;post-title-0]&gt; was visible after 247 milliseconds.


            </li>
            <li>
                <span class="success">&#10004;</span>

              Passed [equal]: Post: Where were you &#x3D;&#x3D; Post: Where were you


            </li>
            <li>
                <span class="success">&#10004;</span>

              Element &lt;textarea[class&#x3D;editor-post-text-editor]&gt; was visible after 182 milliseconds.


            </li>
            <li>
                <span class="success">&#10004;</span>

              Passed [equal]: I have some best friends their names are: Delia and Sofia. &#x3D;&#x3D; I have some best friends their names are: Delia and Sofia.


            </li>
            <li>
                <span class="success">&#10004;</span>

              Element &lt;//strong/a[ancestor::tr[@id&#x3D;&#x27;post-3390&#x27;]]&gt; was visible after 154 milliseconds.


            </li>
            <li>
                <span class="success">&#10004;</span>

              Element &lt;//span[@class&#x3D;&#x27;trash&#x27;]/a[ancestor::tr[@id&#x3D;&#x27;post-3390&#x27;]]&gt; was visible after 225 milliseconds.


            </li>
          <section data-featherlight-gallery data-featherlight-filter="a">
                <div class='gallery-row'>
                </div>
            </section>
        </ul>

        <p>
            <span class="success"><strong>OK.</strong></span>
            <span class="success"><strong>15</strong></span> assertions passed. (32.05s)
        </p>


      <hr>

  <div id="nightwatch-logo"></div>

  <script src="https://code.jquery.com/jquery-2.1.4.min.js"></script>
  <script>
  $(function() {
    $('div.stacktrace').on('click', 'a', function(evt) {
      evt.preventDefault();
      var $link = $(this);
      var $code = $link.parent().find('code');
      $code.toggle();
      $code.is(':visible') ? $link.text('hide stacktrace'):
                             $link.text('view stacktrace');
    });
    $('h3.suite')
      .on({
          click: function(evt) {
            $(this).next('ul.assertions').toggle();
            toggleAssertions(this);
          },
          mouseenter: function(evt) {
            toggleAssertions(this);
            $(this).find('span.toggle-assertions').show();
          },
          mouseleave: function(evt) {
            $(this).find('span.toggle-assertions').hide();
          }
      });
    function toggleAssertions(element) {
      if ( $(element).next('ul.assertions').is(':visible') ) {
        $(element).find('span.toggle-assertions').text('-');
      } else {
        $(element).find('span.toggle-assertions').text('+');
      }
    }
    $('#expand-collapse-all').on('click', function(evt) {
      $('ul.assertions').toggle();
    });
   if ( $(document).height() > $(window).height()) {
     $('ul.assertions').hide();
   }
  });
  </script>
</body>
</html>