<!DOCTYPE html>
<html>
<head>
  <title>Test Results - </title>

  <style>
    html, body {
      font-family: Arial,sans-serif;
      margin: 0;
      padding: 0;
    }
    body { padding: 10px 40px; }
    header { position: relative; }
    #expand-collapse-all {
      position: absolute;
      bottom: -25px;
      right: 0;
      padding: 3px 6px;
      border-radius: 4px;
      background-color: #000;
      font-size: 0.8em;
      color: #fff;
      cursor: pointer;
    }
    table { width: 100%; margin-bottom: 20px; }
      td {
        padding: 7px;
        border-top: none;
        border-left: 1px black solid;
        border-bottom: 1px black solid;
        border-right: none;
      }
      td.pass { color: #003b07; background: #86e191; }
      td.skip { color: #7d3a00; background: #ffd24a; }
      td.fail { color: #5e0e00; background: #ff9c8a; }
    tr:last-child       { border-top: 1px black solid; }
      tr:last-child td    { border-top: 1px black solid; }
      tr:first-child td   { border-top: 1px black solid; }
        td:last-child       { border-right: 1px black solid; }
    tr.overview td      { padding-bottom: 0px; border-bottom: none; }
    tr.overview.last td { padding-bottom: 3px; }
    .suite { cursor: pointer; }
      .suite > .toggle-assertions { display: none; font-weight: normal; margin-left: 2px; }
    ul.assertions     { list-style-type: none; }
      span.error      { color: #AD2B2B; }
      span.success    { color: #53891E; }
    .stacktrace { display: inline; }
      .stacktrace code { display: none; }
    #nightwatch-logo {
      position: absolute;
      top: 20px;
      right: 33px;
      width: 70px;
      height: 75px;
      background: transparent url('http://nightwatchjs.org/img/logo-nightwatch.png') no-repeat;
      background-size: 70px 75px;
    }
  </style>
</head>

<body>
  <h1>Test Results</h1>

  <header>
    <table border="0" cellpadding="0" cellspacing="0">
      <tr class="overview">
        <td colspan="3" title=""><strong>Browser:</strong> </td>
      </tr>
      <tr class="overview">
        <td colspan="3"><strong>Timestamp:</strong> Fri May 24 2019 10:51:05 GMT+0700 (Indochina Time)</td>
      </tr>
      <tr class="overview last">
        <td colspan="3"><strong>Tests:</strong> 0<br></td>
      </tr>
      <tr>
        <td class="pass"><strong>49</strong> passed</td>
        <td class="skip"><strong>2</strong> errors</td>
        <td class="fail"><strong>4</strong> failures</td>
      </tr>
    </table>

    <div id="controls">
      <div id="expand-collapse-all">toggle asssertions</div>
    </div>
  </header>
  

      <h2>categories\adminCategoryTest</h2>

        <h3 class="suite">Verify that user can create a new category with valid information <span class="toggle-assertions"></span></h3>
        
        <ul class="assertions">
            <li>
                <span class="error">&#10006;</span>

              Timed out while waiting for element &lt;//td[@class&#x3D;&#x27;name column-name has-row-actions column-primary&#x27;]/strong/a[text()&#x3D;&#x27;clothesmmk50nq4l2&#x27;]&gt; to be present for 5000 milliseconds. - expected [0;32m&quot;visible&quot;[0m but got: [0;31m&quot;not found&quot;[0m

                Expected &quot;visible&quot; but got: &quot;not found&quot;

            </li>
          <section data-featherlight-gallery data-featherlight-filter="a">
                <div class='gallery-row-title'>
                    <h4>Verify that user can create a new category with valid information Screenshots checkpoint fails</h4>
                </div>
                <div class='gallery-row'>
                                <div class='gallery-column'><a href='C:/Users/InternDN19.01.05/internship_project/autoTest_PNVTeam1/reports/nightwatch/categories/adminCategoryTest/Verify-that-user-can-create-a-new-category-with-valid-information_FAILED_May-24-2019-105015-GMT+0700-(Indochina.png' class='thumbnail gallery'><img class='thumbnail' src='C:/Users/InternDN19.01.05/internship_project/autoTest_PNVTeam1/reports/nightwatch/categories/adminCategoryTest/Verify-that-user-can-create-a-new-category-with-valid-information_FAILED_May-24-2019-105015-GMT+0700-(Indochina.png' alt='Timed out while waiting for element &lt;//td[@class&#x3D;&#x27;name column-name has-row-actions column-primary&#x27;]/strong/a[text()&#x3D;&#x27;clothesmmk50nq4l2&#x27;]&gt; to be present for 5000 milliseconds. - expected [0;32m&quot;visible&quot;[0m but got: [0;31m&quot;not found&quot;[0m' /></a></div>
                </div>
            </section>
        </ul>

        <p>
            <span class="error"><strong>FAILED:</strong></span>
            <span class="error"><strong>1</strong></span> assertions failed and
            <span class="success"><strong>0</span></strong> passed. (5.220s)
        </p>

        <h4>skipped</h4>
        <ul>
            <li>Verify that user can edit category with valid data information</li>
        </ul>

      <hr>
      <h2>pages\adminPageTest</h2>

        <h3 class="suite">Verify that admin can add new page with valid data successfully <span class="toggle-assertions"></span></h3>
        
        <ul class="assertions">
            <li>
                <span class="error">&#10006;</span>

              Timed out while waiting for element &lt;button.editor-post-publish-button&gt; to be present for 5000 milliseconds. - expected [0;32m&quot;visible&quot;[0m but got: [0;31m&quot;not found&quot;[0m

                Expected &quot;visible&quot; but got: &quot;not found&quot;

            </li>
          <section data-featherlight-gallery data-featherlight-filter="a">
                <div class='gallery-row-title'>
                    <h4>Verify that admin can add new page with valid data successfully Screenshots checkpoint fails</h4>
                </div>
                <div class='gallery-row'>
                                <div class='gallery-column'><a href='C:/Users/InternDN19.01.05/internship_project/autoTest_PNVTeam1/reports/nightwatch/pages/adminPageTest/Verify-that-admin-can-add-new-page-with-valid-data-successfully_FAILED_May-24-2019-105015-GMT+0700-(Indochina.png' class='thumbnail gallery'><img class='thumbnail' src='C:/Users/InternDN19.01.05/internship_project/autoTest_PNVTeam1/reports/nightwatch/pages/adminPageTest/Verify-that-admin-can-add-new-page-with-valid-data-successfully_FAILED_May-24-2019-105015-GMT+0700-(Indochina.png' alt='Timed out while waiting for element &lt;button.editor-post-publish-button&gt; to be present for 5000 milliseconds. - expected [0;32m&quot;visible&quot;[0m but got: [0;31m&quot;not found&quot;[0m' /></a></div>
                </div>
            </section>
        </ul>

        <p>
            <span class="error"><strong>FAILED:</strong></span>
            <span class="error"><strong>1</strong></span> assertions failed and
            <span class="success"><strong>0</span></strong> passed. (5.180s)
        </p>

        <h4>skipped</h4>
        <ul>
            <li>Verify that admin can edit page with valid data successfully</li>
        </ul>

      <hr>
      <h2>menus\adminMenuAddMenuTest</h2>

        <h3 class="suite">Verify that admin can add new Menu with valid data <span class="toggle-assertions"></span></h3>
        
        <ul class="assertions">
            <li>
                <span class="success">&#10004;</span>

              Element &lt;select[id&#x3D;select-menu-to-edit]&gt; was visible after 46 milliseconds.


            </li>
            <li>
                <span class="success">&#10004;</span>

              Passed [equal]: Commentss28e8cnng1f &#x3D;&#x3D; Commentss28e8cnng1f


            </li>
            <li>
                <span class="success">&#10004;</span>

              Element &lt;span[class&#x3D;delete-action]&gt;a&gt; was visible after 32 milliseconds.


            </li>
          <section data-featherlight-gallery data-featherlight-filter="a">
                <div class='gallery-row-title'>
                    <h4>Verify that admin can add new Menu with valid data Screenshots checkpoint fails</h4>
                </div>
                <div class='gallery-row'>
                </div>
            </section>
        </ul>

        <p>
            <span class="success"><strong>OK.</strong></span>
            <span class="success"><strong>3</strong></span> assertions passed. (4.150s)
        </p>


      <hr>
      <h2>medias\adminMediaAddTest</h2>

        <h3 class="suite">Verify that admin can add new image <span class="toggle-assertions"></span></h3>
        
        <ul class="assertions">
            <li>
                <span class="success">&#10004;</span>

              Passed [equal]: girl &#x3D;&#x3D; girl


            </li>
          <section data-featherlight-gallery data-featherlight-filter="a">
                <div class='gallery-row-title'>
                    <h4>Verify that admin can add new image Screenshots checkpoint fails</h4>
                </div>
                <div class='gallery-row'>
                </div>
            </section>
        </ul>

        <p>
            <span class="success"><strong>OK.</strong></span>
            <span class="success"><strong>1</strong></span> assertions passed. (4.150s)
        </p>


      <hr>
      <h2>posts\adminPostTest</h2>


        <h4>skipped</h4>
        <ul>
            <li>Verify that use can add new post with valid data</li>
            <li>Verify that user can edit post with valid data</li>
        </ul>

      <hr>
      <h2>users\adminEditAdminProfileTest</h2>


        <h4>skipped</h4>
        <ul>
            <li>Verify that Admin can edit the profile of admin successfully</li>
        </ul>

      <hr>
      <h2>users\adminUserLoginTest</h2>

        <h3 class="suite">Verify that admin can login with valid account <span class="toggle-assertions"></span></h3>
        
        <ul class="assertions">
            <li>
                <span class="success">&#10004;</span>

              Element &lt;body&gt; was visible after 59 milliseconds.


            </li>
            <li>
                <span class="success">&#10004;</span>

              Element &lt;input[id&#x3D;user_login]&gt; was visible after 47 milliseconds.


            </li>
            <li>
                <span class="success">&#10004;</span>

              Element &lt;input[id&#x3D;user_pass]&gt; was visible after 43 milliseconds.


            </li>
            <li>
                <span class="success">&#10004;</span>

              Element &lt;//li[@id&#x3D;&quot;wp-admin-bar-logout&quot;]/a[text()&#x3D;&quot;Log Out&quot;]&gt; was visible after 380 milliseconds.


            </li>
            <li>
                <span class="success">&#10004;</span>

              Passed [equal]: true &#x3D;&#x3D; true


            </li>
            <li>
                <span class="success">&#10004;</span>

              Element &lt;//li[@id&#x3D;&quot;wp-admin-bar-logout&quot;]/a[text()&#x3D;&quot;Log Out&quot;]&gt; was visible after 55 milliseconds.


            </li>
          <section data-featherlight-gallery data-featherlight-filter="a">
                <div class='gallery-row-title'>
                    <h4>Verify that admin can login with valid account Screenshots checkpoint fails</h4>
                </div>
                <div class='gallery-row'>
                </div>
            </section>
        </ul>

        <p>
            <span class="success"><strong>OK.</strong></span>
            <span class="success"><strong>6</strong></span> assertions passed. (2.829s)
        </p>


      <hr>
      <h2>tags\adminTagTest</h2>

        <h3 class="suite">Verify that admin can add new tag successfully <span class="toggle-assertions"></span></h3>
        
        <ul class="assertions">
            <li>
                <span class="success">&#10004;</span>

              Element &lt;//td[@class&#x3D;&#x27;name column-name has-row-actions column-primary&#x27;]/strong/a[text()&#x3D;&#x27;automation testingtsohlls50k&#x27;]&gt; was visible after 342 milliseconds.


            </li>
            <li>
                <span class="success">&#10004;</span>

              Passed [equal]: automation testingtsohlls50k &#x3D;&#x3D; automation testingtsohlls50k


            </li>
            <li>
                <span class="success">&#10004;</span>

              Element &lt;//td[@class&#x3D;&#x27;slug column-slug&#x27; and ancestor::tr//a[text()&#x3D;&#x27;automation testingtsohlls50k&#x27;]]&gt; was visible after 32 milliseconds.


            </li>
            <li>
                <span class="success">&#10004;</span>

              Passed [equal]: automation-testh9760z7r7n8 &#x3D;&#x3D; automation-testh9760z7r7n8


            </li>
            <li>
                <span class="success">&#10004;</span>

              Element &lt;//td[@class&#x3D;&#x27;description column-description&#x27;]/p[ancestor::tr//a[text()&#x3D;&#x27;automation testingtsohlls50k&#x27;]]&gt; was visible after 39 milliseconds.


            </li>
            <li>
                <span class="success">&#10004;</span>

              Passed [equal]: To learn Automation testing &#x3D;&#x3D; To learn Automation testing


            </li>
            <li>
                <span class="success">&#10004;</span>

              Element &lt;//td[@class&#x3D;&#x27;name column-name has-row-actions column-primary&#x27;]/strong/a[text()&#x3D;&#x27;automation testingtsohlls50k&#x27;]&gt; was visible after 49 milliseconds.


            </li>
            <li>
                <span class="success">&#10004;</span>

              Element &lt;//span[@class&#x3D;&#x27;delete&#x27;]/a[ancestor::td//a[text()&#x3D;&#x27;automation testingtsohlls50k&#x27;]]&gt; was visible after 36 milliseconds.


            </li>
          <section data-featherlight-gallery data-featherlight-filter="a">
                <div class='gallery-row-title'>
                    <h4>Verify that admin can add new tag successfully Screenshots checkpoint fails</h4>
                </div>
                <div class='gallery-row'>
                </div>
            </section>
        </ul>

        <p>
            <span class="success"><strong>OK.</strong></span>
            <span class="success"><strong>8</strong></span> assertions passed. (2.823s)
        </p>
        <h3 class="suite">Verify that Admin can edit tag  <span class="toggle-assertions"></span></h3>
        
        <ul class="assertions">
            <li>
                <span class="success">&#10004;</span>

              Element &lt;//td[@class&#x3D;&#x27;name column-name has-row-actions column-primary&#x27;]/strong/a[text()&#x3D;&#x27;automation testingtsohlls50k&#x27;]&gt; was visible after 410 milliseconds.


            </li>
            <li>
                <span class="error">&#10006;</span>

              Timed out while waiting for element &lt;//span[@class&#x3D;&#x27;edit&#x27;]/a[ancestor::td//a[text()&#x3D;&#x27;automation testingtsohlls50k&#x27;]]&gt; to be visible for 5000 milliseconds. - expected [0;32m&quot;visible&quot;[0m but got: [0;31m&quot;not visible&quot;[0m

                Expected &quot;visible&quot; but got: &quot;not visible&quot;

            </li>
          <section data-featherlight-gallery data-featherlight-filter="a">
                <div class='gallery-row-title'>
                    <h4>Verify that Admin can edit tag  Screenshots checkpoint fails</h4>
                </div>
                <div class='gallery-row'>
                                <div class='gallery-column'><a href='C:/Users/InternDN19.01.05/internship_project/autoTest_PNVTeam1/reports/nightwatch/tags/adminTagTest/Verify-that-Admin-can-edit-tag-_FAILED_May-24-2019-105100-GMT+0700-(Indochina.png' class='thumbnail gallery'><img class='thumbnail' src='C:/Users/InternDN19.01.05/internship_project/autoTest_PNVTeam1/reports/nightwatch/tags/adminTagTest/Verify-that-Admin-can-edit-tag-_FAILED_May-24-2019-105100-GMT+0700-(Indochina.png' alt='Timed out while waiting for element &lt;//span[@class&#x3D;&#x27;edit&#x27;]/a[ancestor::td//a[text()&#x3D;&#x27;automation testingtsohlls50k&#x27;]]&gt; to be visible for 5000 milliseconds. - expected [0;32m&quot;visible&quot;[0m but got: [0;31m&quot;not visible&quot;[0m' /></a></div>
                </div>
            </section>
        </ul>

        <p>
            <span class="error"><strong>FAILED:</strong></span>
            <span class="error"><strong>1</strong></span> assertions failed and
            <span class="success"><strong>1</span></strong> passed. (7.262s)
        </p>


      <hr>
      <h2>users\adminUserAddNewTest</h2>

        <h3 class="suite">Verify that user can add a new user with valid information <span class="toggle-assertions"></span></h3>
        
        <ul class="assertions">
            <li>
                <span class="success">&#10004;</span>

              Element &lt;//strong/a[text()&#x3D;&#x27;nightwatch.team1oobsjqsnk2&#x27;]&gt; was visible after 77 milliseconds.


            </li>
            <li>
                <span class="success">&#10004;</span>

              Passed [equal]: nightwatch.team1oobsjqsnk2 &#x3D;&#x3D; nightwatch.team1oobsjqsnk2


            </li>
            <li>
                <span class="success">&#10004;</span>

              Element &lt;//td[@class&#x3D;&#x27;name column-name&#x27; and ancestor::tr//a[text()&#x3D;&#x27;nightwatch.team1oobsjqsnk2&#x27;]]&gt; was visible after 33 milliseconds.


            </li>
            <li>
                <span class="success">&#10004;</span>

              Passed [equal]: NightWatchi2i5utkv5x Team 1yf1dt3m9368 &#x3D;&#x3D; NightWatchi2i5utkv5x Team 1yf1dt3m9368


            </li>
            <li>
                <span class="success">&#10004;</span>

              Element &lt;//td[@class&#x3D;&#x27;email column-email&#x27;]/a[ancestor::tr//a[text()&#x3D;&#x27;nightwatch.team1oobsjqsnk2&#x27;]]&gt; was visible after 49 milliseconds.


            </li>
            <li>
                <span class="success">&#10004;</span>

              Passed [equal]: nightwatch6g69y4zkrl8@gmail.com &#x3D;&#x3D; nightwatch6g69y4zkrl8@gmail.com


            </li>
            <li>
                <span class="success">&#10004;</span>

              Element &lt;//td[@class&#x3D;&#x27;role column-role&#x27; and ancestor::tr//a[text()&#x3D;&#x27;nightwatch.team1oobsjqsnk2&#x27;]]&gt; was visible after 33 milliseconds.


            </li>
            <li>
                <span class="success">&#10004;</span>

              Passed [equal]: Subscriber &#x3D;&#x3D; Subscriber


            </li>
            <li>
                <span class="success">&#10004;</span>

              Element &lt;//li[@id&#x3D;&quot;wp-admin-bar-logout&quot;]/a[text()&#x3D;&quot;Log Out&quot;]&gt; was visible after 374 milliseconds.


            </li>
            <li>
                <span class="success">&#10004;</span>

              Element &lt;body&gt; was visible after 57 milliseconds.


            </li>
            <li>
                <span class="success">&#10004;</span>

              Element &lt;input[id&#x3D;user_login]&gt; was visible after 50 milliseconds.


            </li>
            <li>
                <span class="success">&#10004;</span>

              Element &lt;input[id&#x3D;user_pass]&gt; was visible after 35 milliseconds.


            </li>
            <li>
                <span class="error">&#10006;</span>

              Timed out while waiting for element &lt;//li[@id&#x3D;&quot;wp-admin-bar-logout&quot;]/a[text()&#x3D;&quot;Log Out&quot;]&gt; to be present for 5000 milliseconds. - expected [0;32m&quot;visible&quot;[0m but got: [0;31m&quot;not found&quot;[0m

                Expected &quot;visible&quot; but got: &quot;not found&quot;

            </li>
          <section data-featherlight-gallery data-featherlight-filter="a">
                <div class='gallery-row-title'>
                    <h4>Verify that user can add a new user with valid information Screenshots checkpoint fails</h4>
                </div>
                <div class='gallery-row'>
                                <div class='gallery-column'><a href='C:/Users/InternDN19.01.05/internship_project/autoTest_PNVTeam1/reports/nightwatch/users/adminUserAddNewTest/Verify-that-user-can-add-a-new-user-with-valid-information_FAILED_May-24-2019-105103-GMT+0700-(Indochina.png' class='thumbnail gallery'><img class='thumbnail' src='C:/Users/InternDN19.01.05/internship_project/autoTest_PNVTeam1/reports/nightwatch/users/adminUserAddNewTest/Verify-that-user-can-add-a-new-user-with-valid-information_FAILED_May-24-2019-105103-GMT+0700-(Indochina.png' alt='Timed out while waiting for element &lt;//li[@id&#x3D;&quot;wp-admin-bar-logout&quot;]/a[text()&#x3D;&quot;Log Out&quot;]&gt; to be present for 5000 milliseconds. - expected [0;32m&quot;visible&quot;[0m but got: [0;31m&quot;not found&quot;[0m' /></a></div>
                </div>
            </section>
        </ul>

        <p>
            <span class="error"><strong>FAILED:</strong></span>
            <span class="error"><strong>1</strong></span> assertions failed and
            <span class="success"><strong>12</span></strong> passed. (13.12s)
        </p>


      <hr>

  <div id="nightwatch-logo"></div>

  <script src="https://code.jquery.com/jquery-2.1.4.min.js"></script>
  <script>
  $(function() {
    $('div.stacktrace').on('click', 'a', function(evt) {
      evt.preventDefault();
      var $link = $(this);
      var $code = $link.parent().find('code');
      $code.toggle();
      $code.is(':visible') ? $link.text('hide stacktrace'):
                             $link.text('view stacktrace');
    });
    $('h3.suite')
      .on({
          click: function(evt) {
            $(this).next('ul.assertions').toggle();
            toggleAssertions(this);
          },
          mouseenter: function(evt) {
            toggleAssertions(this);
            $(this).find('span.toggle-assertions').show();
          },
          mouseleave: function(evt) {
            $(this).find('span.toggle-assertions').hide();
          }
      });
    function toggleAssertions(element) {
      if ( $(element).next('ul.assertions').is(':visible') ) {
        $(element).find('span.toggle-assertions').text('-');
      } else {
        $(element).find('span.toggle-assertions').text('+');
      }
    }
    $('#expand-collapse-all').on('click', function(evt) {
      $('ul.assertions').toggle();
    });
   if ( $(document).height() > $(window).height()) {
     $('ul.assertions').hide();
   }
  });
  </script>
</body>
</html>