<?xml version="1.0" encoding="UTF-8" ?>
<testsuites errors="0"
            failures="1"
            tests="2">

  <testsuite name="medias.adminMediaAddTest"
    errors="0" failures="1" hostname="" id="" package="adminMediaAddTest" skipped="0"
    tests="2" time="2.123" timestamp="">
  
    <testcase name="Step 1: Go to media page " classname="medias.adminMediaAddTest" time="0.03400" assertions="0">
    </testcase>
  
    <testcase name="Step 2: Add media" classname="medias.adminMediaAddTest" time="2.089" assertions="1">  <failure message="Testing if element &lt;Element [name=@image]&gt; contains text: &#34;1234&#34;. Element could not be located in 1000 ms. - expected [0;32m&#34;1234&#34;[0m but got: [0;31m&#34;null&#34;[0m">    at Page.checkCorrectImage (C:\Users\InternDN19.01.05\internship_project\autoTest_PNVTeam1\page-objects\medias\adminMediaAddPage.js:11:32)
    at Object.Step 2: Add media (C:\Users\InternDN19.01.05\internship_project\autoTest_PNVTeam1\tests\medias\adminMediaAddTest.js:26:14)</failure>

    <failure message="    at Page.checkCorrectImage (C:\Users\InternDN19.01.05\internship_project\autoTest_PNVTeam1\page-objects\medias\adminMediaAddPage.js:11:32)">    at Object.Step 2: Add media (C:\Users\InternDN19.01.05\internship_project\autoTest_PNVTeam1\tests\medias\adminMediaAddTest.js:26:14)</failure>
    </testcase>
  

  

  
  </testsuite>
</testsuites>
