<?xml version="1.0" encoding="UTF-8" ?>
<testsuites errors="0"
            failures="1"
            tests="3">

  <testsuite name="tests.loginDataDrivenTest"
    errors="0" failures="1" hostname="" id="" package="loginDataDrivenTest" skipped="0"
    tests="3" time="5.575" timestamp="">
  
    <testcase name="Login Page Initial Render" classname="tests.loginDataDrivenTest" time="1.689" assertions="11">

    

    

    

    

    

    

    

    

    

    

    
    </testcase>
  
    <testcase name="Data-driven Testing for login with Invalid account" classname="tests.loginDataDrivenTest" time="0.3510" assertions="0">
    </testcase>
  
    <testcase name="Login with valid account" classname="tests.loginDataDrivenTest" time="3.535" assertions="5">

    

    

    

      <failure message="Testing if element &lt;Element [name=@errorPasswordValidationMess]&gt; contains text: &#34;Vui lòng nhập mật khẩu&#34;. Element could not be located in 1000 ms. - expected [0;32m&#34;Vui lòng nhập mật khẩu&#34;[0m but got: [0;31m&#34;null&#34;[0m">    at Page.checkMessageExist (C:\Users\InternDN19.01.06\Automation Project\autoTest_PNVTeam1\pages\loginPage.js:73:14)
    at C:\Users\InternDN19.01.06\Automation Project\autoTest_PNVTeam1\tests\loginDataDrivenTest.js:36:27</failure>

    <failure message="    at Page.checkMessageExist (C:\Users\InternDN19.01.06\Automation Project\autoTest_PNVTeam1\pages\loginPage.js:73:14)">    at C:\Users\InternDN19.01.06\Automation Project\autoTest_PNVTeam1\tests\loginDataDrivenTest.js:36:27</failure>
    </testcase>
  

  

  
  </testsuite>
</testsuites>
