<?xml version="1.0" encoding="UTF-8" ?>
<testsuites errors="0"
            failures="9"
            tests="1">

  <testsuite name="tests.registerTest"
    errors="0" failures="9" hostname="" id="" package="registerTest" skipped="3"
    tests="1" time="1.127" timestamp="">
  
    <testcase name="TC1: User cannot register when user leave blank all fields" classname="tests.registerTest" time="1.127" assertions="1">  <failure message="Testing if element &lt;Element [name=@errorNameValidationMess]&gt; is visible. Element could not be located in 1000 ms. - expected [0;32m&#34;true&#34;[0m but got: [0;31m&#34;null&#34;[0m">    at Page.validationErrorMessage (C:\Users\InternDN19.01.05\intern_Project\autoTest_PNVTeam1\pages\registerPage.js:29:17)
    at Object.TC1: User cannot register when user leave blank all fields (C:\Users\InternDN19.01.05\intern_Project\autoTest_PNVTeam1\tests\registerTest.js:17:14)</failure>

    <failure message="    at Page.validationErrorMessage (C:\Users\InternDN19.01.05\intern_Project\autoTest_PNVTeam1\pages\registerPage.js:29:17)">    at Object.TC1: User cannot register when user leave blank all fields (C:\Users\InternDN19.01.05\intern_Project\autoTest_PNVTeam1\tests\registerTest.js:17:14)</failure>
    </testcase>
  

  

  
    
    <testcase
      name="TC2: User cannot register when user enters confirm password field not match with password field" classname="tests.registerTest">
      <skipped />
    </testcase>
    
    <testcase
      name="TC3: user cannot register when user enters email existent" classname="tests.registerTest">
      <skipped />
    </testcase>
    
    <testcase
      name="TC4: User is able to register success with valid data" classname="tests.registerTest">
      <skipped />
    </testcase>
    
  
  </testsuite>
</testsuites>
