<?xml version="1.0" encoding="UTF-8" ?>
<testsuites errors="2"
            failures="1"
            tests="3">

  <testsuite name="categories.adminCategoryEditTest"
    errors="2" failures="1" hostname="" id="" package="adminCategoryEditTest" skipped="0"
    tests="3" time="3.518" timestamp="">
  
    <testcase name="Pre-condition: Login to the admin page, delete all category and add a new category " classname="categories.adminCategoryEditTest" time="3.321" assertions="2">

    

    
    </testcase>
  
    <testcase name="Step 1: Go to the Edit Category page" classname="categories.adminCategoryEditTest" time="0.002000" assertions="0">
    </testcase>
  
    <testcase name="Step 2: Edit category" classname="categories.adminCategoryEditTest" time="0.1950" assertions="1">  <failure message="Failed [equal]: ({
  error: [
    &#39;  (Session info: chrome=73.0.3683.103)&#39;,
    &#39;  (Driver info: chromedriver=73.0.3683.68 (47787ec04b6e38e22703e856e101e840b65afe72),platform=Windows NT 10.0.17134 x86_64)&#39;
  ],
  message: &#39;no such element: Unable to locate element: {&#34;method&#34;:&#34;xpath&#34;,&#34;selector&#34;:&#34;//div[@id=&#34;message&#34;]//strong&#34;}&#39;
} == &#39;Category updated.&#39;) - expected [0;32m&#34;Category updated.&#34;[0m but got: [0;31m&#34;[object Object]&#34;[0m">  error: [
    &#39;  (Session info: chrome=73.0.3683.103)&#39;,
    &#39;  (Driver info: chromedriver=73.0.3683.68 (47787ec04b6e38e22703e856e101e840b65afe72),platform=Windows NT 10.0.17134 x86_64)&#39;
  ],
  message: &#39;no such element: Unable to locate element: {&#34;method&#34;:&#34;xpath&#34;,&#34;selector&#34;:&#34;//div[@id=&#34;message&#34;]//strong&#34;}&#39;
} == &#39;Category updated.&#39;
    at C:\Users\InternDN19.01.06\autoTest_PNVTeam1\tests\categories\adminCategoryEditTest.js:31:28
    at NightwatchAPI.&lt;anonymous&gt; (C:\Users\InternDN19.01.06\autoTest_PNVTeam1\page-objects\categories\adminCategoryPage.js:37:17)
    at processTicksAndRejections (internal/process/task_queues.js:86:5)</failure>

    <failure message="  error: [">    &#39;  (Session info: chrome=73.0.3683.103)&#39;,
    &#39;  (Driver info: chromedriver=73.0.3683.68 (47787ec04b6e38e22703e856e101e840b65afe72),platform=Windows NT 10.0.17134 x86_64)&#39;
  ],
  message: &#39;no such element: Unable to locate element: {&#34;method&#34;:&#34;xpath&#34;,&#34;selector&#34;:&#34;//div[@id=&#34;message&#34;]//strong&#34;}&#39;
} == &#39;Category updated.&#39;
    at C:\Users\InternDN19.01.06\autoTest_PNVTeam1\tests\categories\adminCategoryEditTest.js:31:28
    at NightwatchAPI.&lt;anonymous&gt; (C:\Users\InternDN19.01.06\autoTest_PNVTeam1\page-objects\categories\adminCategoryPage.js:37:17)
    at processTicksAndRejections (internal/process/task_queues.js:86:5)</failure>
    </testcase>
  

  

  
  </testsuite>
</testsuites>
