<?xml version="1.0" encoding="UTF-8" ?>
<testsuites errors="0"
            failures="1"
            tests="1">

  <testsuite name="categories.xpathDemo"
    errors="0" failures="1" hostname="" id="" package="xpathDemo" skipped="0"
    tests="1" time="1.531" timestamp="">
  
    <testcase name="Pre-condition" classname="categories.xpathDemo" time="1.531" assertions="2">

    

    <failure message="AssertionError [ERR_ASSERTION]: Error while running &#34;getText&#34; command: &#39;Add New&#39; == &#39;Add New123&#39; - expected &#34;Add New123&#34; but got: &#34;Add New&#34;">    at C:\Users\InternDN19.01.06\autoTest_PNVTeam1\tests\categories\xpathDemo.js:15:20
    at NightwatchAPI.&lt;anonymous&gt; (C:\Users\InternDN19.01.06\autoTest_PNVTeam1\page-objects\base-objects\adminBasePage.js:26:17)
    at processTicksAndRejections (internal/process/task_queues.js:86:5)</failure>
    </testcase>
  

  

  
  </testsuite>
</testsuites>
