{
  "tests" : [ {
    "name" : "Verify that the login page displays all elements correctly on tablet device",
    "startedAt" : 1559010010634,
    "endedAt" : 1559010023519,
    "failed" : true,
    "statistic" : {
      "passed" : 1,
      "errors" : 1,
      "warnings" : 0,
      "total" : 2
    },
    "testId" : "1-verify-that-the-login-page-displays-all-elements-correctly-on-tablet-device",
    "groups" : [ ],
    "failed" : true,
    "duration" : 12885,
    "exceptionStacktrace" : "org.mozilla.javascript.WrappedException: Wrapped com.galenframework.parser.SyntaxException: JavaScript error inside statement\n    in specs/login/loginPage.gspec:111 (<cmd>#141)\r\n\tat org.mozilla.javascript.Context.throwAsScriptRuntimeEx(Context.java:1914)\r\n\tat org.mozilla.javascript.MemberBox.invoke(MemberBox.java:148)\r\n\tat org.mozilla.javascript.NativeJavaMethod.call(NativeJavaMethod.java:225)\r\n\tat org.mozilla.javascript.optimizer.OptRuntime.callN(OptRuntime.java:52)\r\n\tat org.mozilla.javascript.gen._cmd__19._c_checkLayout_7(<cmd>:141)\r\n\tat org.mozilla.javascript.gen._cmd__19.call(<cmd>)\r\n\tat org.mozilla.javascript.optimizer.OptRuntime.callName(OptRuntime.java:63)\r\n\tat org.mozilla.javascript.gen.C__Users_InternDN19_01_04_autoTest_PNVTeam1_tests_galen_login_login_test_js_21._c_anonymous_1(C:\\Users\\InternDN19.01.04\\autoTest_PNVTeam1\\tests\\galen\\login\\login.test.js:4)\r\n\tat org.mozilla.javascript.gen.C__Users_InternDN19_01_04_autoTest_PNVTeam1_tests_galen_login_login_test_js_21.call(C:\\Users\\InternDN19.01.04\\autoTest_PNVTeam1\\tests\\galen\\login\\login.test.js)\r\n\tat org.mozilla.javascript.ScriptRuntime.applyOrCall(ScriptRuntime.java:2697)\r\n\tat org.mozilla.javascript.BaseFunction.execIdCall(BaseFunction.java:287)\r\n\tat org.mozilla.javascript.IdFunctionObject.call(IdFunctionObject.java:101)\r\n\tat org.mozilla.javascript.optimizer.OptRuntime.callN(OptRuntime.java:52)\r\n\tat org.mozilla.javascript.gen.C__Users_InternDN19_01_04_autoTest_PNVTeam1_tests_galen_login____init_js_22._c_anonymous_4(C:\\Users\\InternDN19.01.04\\autoTest_PNVTeam1\\tests\\galen\\login\\..\\init.js:53)\r\n\tat org.mozilla.javascript.gen.C__Users_InternDN19_01_04_autoTest_PNVTeam1_tests_galen_login____init_js_22.call(C:\\Users\\InternDN19.01.04\\autoTest_PNVTeam1\\tests\\galen\\login\\..\\init.js)\r\n\tat org.mozilla.javascript.ScriptRuntime.applyOrCall(ScriptRuntime.java:2697)\r\n\tat org.mozilla.javascript.BaseFunction.execIdCall(BaseFunction.java:287)\r\n\tat org.mozilla.javascript.IdFunctionObject.call(IdFunctionObject.java:101)\r\n\tat org.mozilla.javascript.optimizer.OptRuntime.call2(OptRuntime.java:42)\r\n\tat org.mozilla.javascript.gen._cmd__18._c_invokeFunc_2(<cmd>:33)\r\n\tat org.mozilla.javascript.gen._cmd__18.call(<cmd>)\r\n\tat org.mozilla.javascript.optimizer.OptRuntime.callName(OptRuntime.java:63)\r\n\tat org.mozilla.javascript.gen._cmd__18._c_anonymous_22(<cmd>:280)\r\n\tat org.mozilla.javascript.gen._cmd__18.call(<cmd>)\r\n\tat org.mozilla.javascript.ContextFactory.doTopCall(ContextFactory.java:399)\r\n\tat org.mozilla.javascript.ScriptRuntime.doTopCall(ScriptRuntime.java:3452)\r\n\tat org.mozilla.javascript.gen._cmd__18.call(<cmd>)\r\n\tat org.mozilla.javascript.JavaAdapter.doCall(JavaAdapter.java:606)\r\n\tat org.mozilla.javascript.JavaAdapter.access$000(JavaAdapter.java:15)\r\n\tat org.mozilla.javascript.JavaAdapter$1.run(JavaAdapter.java:586)\r\n\tat org.mozilla.javascript.Context.call(Context.java:526)\r\n\tat org.mozilla.javascript.ContextFactory.call(ContextFactory.java:509)\r\n\tat org.mozilla.javascript.JavaAdapter.callMethod(JavaAdapter.java:583)\r\n\tat adapter2.execute(<adapter>)\r\n\tat com.galenframework.TestRunnable.runTest(TestRunnable.java:75)\r\n\tat com.galenframework.TestRunnable.run(TestRunnable.java:101)\r\n\tat java.util.concurrent.ThreadPoolExecutor.runWorker(Unknown Source)\r\n\tat java.util.concurrent.ThreadPoolExecutor$Worker.run(Unknown Source)\r\n\tat java.lang.Thread.run(Unknown Source)\r\nCaused by: com.galenframework.parser.SyntaxException: JavaScript error inside statement\n    in specs/login/loginPage.gspec:111\r\n\tat com.galenframework.speclang2.pagespec.PageSpecHandler.processExpressionsIn(PageSpecHandler.java:385)\r\n\tat com.galenframework.speclang2.pagespec.MacroProcessor.process(MacroProcessor.java:82)\r\n\tat com.galenframework.speclang2.pagespec.MacroProcessor.processNonMacroStatement(MacroProcessor.java:178)\r\n\tat com.galenframework.speclang2.pagespec.MacroProcessor.process(MacroProcessor.java:86)\r\n\tat com.galenframework.speclang2.pagespec.MacroProcessor.processMacroStatement(MacroProcessor.java:203)\r\n\tat com.galenframework.speclang2.pagespec.MacroProcessor.process(MacroProcessor.java:84)\r\n\tat com.galenframework.speclang2.pagespec.MacroProcessor.processNonMacroStatement(MacroProcessor.java:178)\r\n\tat com.galenframework.speclang2.pagespec.MacroProcessor.process(MacroProcessor.java:86)\r\n\tat com.galenframework.speclang2.pagespec.PageSpecReader.read(PageSpecReader.java:61)\r\n\tat com.galenframework.speclang2.pagespec.PageSpecReader.read(PageSpecReader.java:45)\r\n\tat com.galenframework.api.Galen.checkLayout(Galen.java:68)\r\n\tat com.galenframework.javascript.GalenJsApi.checkLayout(GalenJsApi.java:104)\r\n\tat sun.reflect.NativeMethodAccessorImpl.invoke0(Native Method)\r\n\tat sun.reflect.NativeMethodAccessorImpl.invoke(Unknown Source)\r\n\tat sun.reflect.DelegatingMethodAccessorImpl.invoke(Unknown Source)\r\n\tat java.lang.reflect.Method.invoke(Unknown Source)\r\n\tat org.mozilla.javascript.MemberBox.invoke(MemberBox.java:126)\r\n\t... 37 more\r\nCaused by: org.mozilla.javascript.EcmaError: ReferenceError: \"backto_store_text\" is not defined. (<cmd>#1)\r\n\tat org.mozilla.javascript.ScriptRuntime.constructError(ScriptRuntime.java:4142)\r\n\tat org.mozilla.javascript.ScriptRuntime.constructError(ScriptRuntime.java:4120)\r\n\tat org.mozilla.javascript.ScriptRuntime.notFoundError(ScriptRuntime.java:4210)\r\n\tat org.mozilla.javascript.ScriptRuntime.name(ScriptRuntime.java:1886)\r\n\tat org.mozilla.javascript.gen._cmd__51._c_script_0(<cmd>:1)\r\n\tat org.mozilla.javascript.gen._cmd__51.call(<cmd>)\r\n\tat org.mozilla.javascript.gen._cmd__51.exec(<cmd>)\r\n\tat org.mozilla.javascript.Context.evaluateString(Context.java:1244)\r\n\tat com.galenframework.javascript.GalenJsExecutor.evalStrictToString(GalenJsExecutor.java:126)\r\n\tat com.galenframework.parser.VarsParser.readJsExpression(VarsParser.java:119)\r\n\tat com.galenframework.parser.VarsParser.getExpressionValueString(VarsParser.java:102)\r\n\tat com.galenframework.parser.VarsParser.parse(VarsParser.java:71)\r\n\tat com.galenframework.speclang2.pagespec.PageSpecHandler.processExpressionsIn(PageSpecHandler.java:383)\r\n\t... 53 more\r\n",
    "exceptionMessage" : "WrappedException: Wrapped com.galenframework.parser.SyntaxException: JavaScript error inside statement\n    in specs/login/loginPage.gspec:111 (<cmd>#141)"
  }, {
    "name" : "Verify that the login page displays all elements correctly on mobile device",
    "startedAt" : 1559010010634,
    "endedAt" : 1559010023665,
    "failed" : true,
    "statistic" : {
      "passed" : 1,
      "errors" : 1,
      "warnings" : 0,
      "total" : 2
    },
    "testId" : "2-verify-that-the-login-page-displays-all-elements-correctly-on-mobile-device",
    "groups" : [ ],
    "failed" : true,
    "duration" : 13031,
    "exceptionStacktrace" : "org.mozilla.javascript.WrappedException: Wrapped com.galenframework.parser.SyntaxException: JavaScript error inside statement\n    in specs/login/loginPage.gspec:64 (<cmd>#141)\r\n\tat org.mozilla.javascript.Context.throwAsScriptRuntimeEx(Context.java:1914)\r\n\tat org.mozilla.javascript.MemberBox.invoke(MemberBox.java:148)\r\n\tat org.mozilla.javascript.NativeJavaMethod.call(NativeJavaMethod.java:225)\r\n\tat org.mozilla.javascript.optimizer.OptRuntime.callN(OptRuntime.java:52)\r\n\tat org.mozilla.javascript.gen._cmd__19._c_checkLayout_7(<cmd>:141)\r\n\tat org.mozilla.javascript.gen._cmd__19.call(<cmd>)\r\n\tat org.mozilla.javascript.optimizer.OptRuntime.callName(OptRuntime.java:63)\r\n\tat org.mozilla.javascript.gen.C__Users_InternDN19_01_04_autoTest_PNVTeam1_tests_galen_login_login_test_js_21._c_anonymous_1(C:\\Users\\InternDN19.01.04\\autoTest_PNVTeam1\\tests\\galen\\login\\login.test.js:4)\r\n\tat org.mozilla.javascript.gen.C__Users_InternDN19_01_04_autoTest_PNVTeam1_tests_galen_login_login_test_js_21.call(C:\\Users\\InternDN19.01.04\\autoTest_PNVTeam1\\tests\\galen\\login\\login.test.js)\r\n\tat org.mozilla.javascript.ScriptRuntime.applyOrCall(ScriptRuntime.java:2697)\r\n\tat org.mozilla.javascript.BaseFunction.execIdCall(BaseFunction.java:287)\r\n\tat org.mozilla.javascript.IdFunctionObject.call(IdFunctionObject.java:101)\r\n\tat org.mozilla.javascript.optimizer.OptRuntime.callN(OptRuntime.java:52)\r\n\tat org.mozilla.javascript.gen.C__Users_InternDN19_01_04_autoTest_PNVTeam1_tests_galen_login____init_js_22._c_anonymous_4(C:\\Users\\InternDN19.01.04\\autoTest_PNVTeam1\\tests\\galen\\login\\..\\init.js:53)\r\n\tat org.mozilla.javascript.gen.C__Users_InternDN19_01_04_autoTest_PNVTeam1_tests_galen_login____init_js_22.call(C:\\Users\\InternDN19.01.04\\autoTest_PNVTeam1\\tests\\galen\\login\\..\\init.js)\r\n\tat org.mozilla.javascript.ScriptRuntime.applyOrCall(ScriptRuntime.java:2697)\r\n\tat org.mozilla.javascript.BaseFunction.execIdCall(BaseFunction.java:287)\r\n\tat org.mozilla.javascript.IdFunctionObject.call(IdFunctionObject.java:101)\r\n\tat org.mozilla.javascript.optimizer.OptRuntime.call2(OptRuntime.java:42)\r\n\tat org.mozilla.javascript.gen._cmd__18._c_invokeFunc_2(<cmd>:33)\r\n\tat org.mozilla.javascript.gen._cmd__18.call(<cmd>)\r\n\tat org.mozilla.javascript.optimizer.OptRuntime.callName(OptRuntime.java:63)\r\n\tat org.mozilla.javascript.gen._cmd__18._c_anonymous_22(<cmd>:280)\r\n\tat org.mozilla.javascript.gen._cmd__18.call(<cmd>)\r\n\tat org.mozilla.javascript.ContextFactory.doTopCall(ContextFactory.java:399)\r\n\tat org.mozilla.javascript.ScriptRuntime.doTopCall(ScriptRuntime.java:3452)\r\n\tat org.mozilla.javascript.gen._cmd__18.call(<cmd>)\r\n\tat org.mozilla.javascript.JavaAdapter.doCall(JavaAdapter.java:606)\r\n\tat org.mozilla.javascript.JavaAdapter.access$000(JavaAdapter.java:15)\r\n\tat org.mozilla.javascript.JavaAdapter$1.run(JavaAdapter.java:586)\r\n\tat org.mozilla.javascript.Context.call(Context.java:526)\r\n\tat org.mozilla.javascript.ContextFactory.call(ContextFactory.java:509)\r\n\tat org.mozilla.javascript.JavaAdapter.callMethod(JavaAdapter.java:583)\r\n\tat adapter2.execute(<adapter>)\r\n\tat com.galenframework.TestRunnable.runTest(TestRunnable.java:75)\r\n\tat com.galenframework.TestRunnable.run(TestRunnable.java:101)\r\n\tat java.util.concurrent.ThreadPoolExecutor.runWorker(Unknown Source)\r\n\tat java.util.concurrent.ThreadPoolExecutor$Worker.run(Unknown Source)\r\n\tat java.lang.Thread.run(Unknown Source)\r\nCaused by: com.galenframework.parser.SyntaxException: JavaScript error inside statement\n    in specs/login/loginPage.gspec:64\r\n\tat com.galenframework.speclang2.pagespec.PageSpecHandler.processExpressionsIn(PageSpecHandler.java:385)\r\n\tat com.galenframework.speclang2.pagespec.MacroProcessor.process(MacroProcessor.java:82)\r\n\tat com.galenframework.speclang2.pagespec.MacroProcessor.processNonMacroStatement(MacroProcessor.java:178)\r\n\tat com.galenframework.speclang2.pagespec.MacroProcessor.process(MacroProcessor.java:86)\r\n\tat com.galenframework.speclang2.pagespec.MacroProcessor.processMacroStatement(MacroProcessor.java:203)\r\n\tat com.galenframework.speclang2.pagespec.MacroProcessor.process(MacroProcessor.java:84)\r\n\tat com.galenframework.speclang2.pagespec.MacroProcessor.processNonMacroStatement(MacroProcessor.java:178)\r\n\tat com.galenframework.speclang2.pagespec.MacroProcessor.process(MacroProcessor.java:86)\r\n\tat com.galenframework.speclang2.pagespec.PageSpecReader.read(PageSpecReader.java:61)\r\n\tat com.galenframework.speclang2.pagespec.PageSpecReader.read(PageSpecReader.java:45)\r\n\tat com.galenframework.api.Galen.checkLayout(Galen.java:68)\r\n\tat com.galenframework.javascript.GalenJsApi.checkLayout(GalenJsApi.java:104)\r\n\tat sun.reflect.NativeMethodAccessorImpl.invoke0(Native Method)\r\n\tat sun.reflect.NativeMethodAccessorImpl.invoke(Unknown Source)\r\n\tat sun.reflect.DelegatingMethodAccessorImpl.invoke(Unknown Source)\r\n\tat java.lang.reflect.Method.invoke(Unknown Source)\r\n\tat org.mozilla.javascript.MemberBox.invoke(MemberBox.java:126)\r\n\t... 37 more\r\nCaused by: org.mozilla.javascript.EcmaError: ReferenceError: \"backto_store_text\" is not defined. (<cmd>#1)\r\n\tat org.mozilla.javascript.ScriptRuntime.constructError(ScriptRuntime.java:4142)\r\n\tat org.mozilla.javascript.ScriptRuntime.constructError(ScriptRuntime.java:4120)\r\n\tat org.mozilla.javascript.ScriptRuntime.notFoundError(ScriptRuntime.java:4210)\r\n\tat org.mozilla.javascript.ScriptRuntime.name(ScriptRuntime.java:1886)\r\n\tat org.mozilla.javascript.gen._cmd__74._c_script_0(<cmd>:1)\r\n\tat org.mozilla.javascript.gen._cmd__74.call(<cmd>)\r\n\tat org.mozilla.javascript.gen._cmd__74.exec(<cmd>)\r\n\tat org.mozilla.javascript.Context.evaluateString(Context.java:1244)\r\n\tat com.galenframework.javascript.GalenJsExecutor.evalStrictToString(GalenJsExecutor.java:126)\r\n\tat com.galenframework.parser.VarsParser.readJsExpression(VarsParser.java:119)\r\n\tat com.galenframework.parser.VarsParser.getExpressionValueString(VarsParser.java:102)\r\n\tat com.galenframework.parser.VarsParser.parse(VarsParser.java:71)\r\n\tat com.galenframework.speclang2.pagespec.PageSpecHandler.processExpressionsIn(PageSpecHandler.java:383)\r\n\t... 53 more\r\n",
    "exceptionMessage" : "WrappedException: Wrapped com.galenframework.parser.SyntaxException: JavaScript error inside statement\n    in specs/login/loginPage.gspec:64 (<cmd>#141)"
  }, {
    "name" : "Verify that the add category page displays all elements correctly on mobile device",
    "startedAt" : 1559010010635,
    "endedAt" : 1559010035482,
    "failed" : true,
    "statistic" : {
      "passed" : 4,
      "errors" : 1,
      "warnings" : 0,
      "total" : 5
    },
    "testId" : "3-verify-that-the-add-category-page-displays-all-elements-correctly-on-mobile-device",
    "groups" : [ ],
    "failed" : true,
    "duration" : 24847,
    "exceptionStacktrace" : "org.mozilla.javascript.JavaScriptException: Error: No such element: xpath //div[@id='wpwrap']//div[@id='wpcontent']//li[@id='wp-admin-bar-menu-toggle']//span[@class='ab-icon'] (<cmd>#340)\r\n\tat org.mozilla.javascript.gen._cmd__20._c_anonymous_26(<cmd>:340)\r\n\tat org.mozilla.javascript.gen._cmd__20.call(<cmd>)\r\n\tat org.mozilla.javascript.optimizer.OptRuntime.call1(OptRuntime.java:32)\r\n\tat org.mozilla.javascript.gen._cmd__20._c_anonymous_43(<cmd>:446)\r\n\tat org.mozilla.javascript.gen._cmd__20.call(<cmd>)\r\n\tat org.mozilla.javascript.optimizer.OptRuntime.callProp0(OptRuntime.java:85)\r\n\tat org.mozilla.javascript.gen._cmd__20._c_anonymous_44(<cmd>:453)\r\n\tat org.mozilla.javascript.gen._cmd__20.call(<cmd>)\r\n\tat org.mozilla.javascript.optimizer.OptRuntime.callProp0(OptRuntime.java:85)\r\n\tat org.mozilla.javascript.gen.C__Users_InternDN19_01_04_autoTest_PNVTeam1_tests_galen_category__________page_objects_galen_dashboard_dashboardPage_js_25._c_anonymous_1(C:\\Users\\InternDN19.01.04\\autoTest_PNVTeam1\\tests\\galen\\category\\..\\..\\..\\page-objects\\galen\\dashboard\\dashboardPage.js:10)\r\n\tat org.mozilla.javascript.gen.C__Users_InternDN19_01_04_autoTest_PNVTeam1_tests_galen_category__________page_objects_galen_dashboard_dashboardPage_js_25.call(C:\\Users\\InternDN19.01.04\\autoTest_PNVTeam1\\tests\\galen\\category\\..\\..\\..\\page-objects\\galen\\dashboard\\dashboardPage.js)\r\n\tat org.mozilla.javascript.optimizer.OptRuntime.callProp0(OptRuntime.java:85)\r\n\tat org.mozilla.javascript.gen.C__Users_InternDN19_01_04_autoTest_PNVTeam1_tests_galen_category_category_test_js_23._c_anonymous_1(C:\\Users\\InternDN19.01.04\\autoTest_PNVTeam1\\tests\\galen\\category\\category.test.js:12)\r\n\tat org.mozilla.javascript.gen.C__Users_InternDN19_01_04_autoTest_PNVTeam1_tests_galen_category_category_test_js_23.call(C:\\Users\\InternDN19.01.04\\autoTest_PNVTeam1\\tests\\galen\\category\\category.test.js)\r\n\tat org.mozilla.javascript.ScriptRuntime.applyOrCall(ScriptRuntime.java:2697)\r\n\tat org.mozilla.javascript.BaseFunction.execIdCall(BaseFunction.java:287)\r\n\tat org.mozilla.javascript.IdFunctionObject.call(IdFunctionObject.java:101)\r\n\tat org.mozilla.javascript.optimizer.OptRuntime.callN(OptRuntime.java:52)\r\n\tat org.mozilla.javascript.gen.C__Users_InternDN19_01_04_autoTest_PNVTeam1_tests_galen_login____init_js_22._c_anonymous_4(C:\\Users\\InternDN19.01.04\\autoTest_PNVTeam1\\tests\\galen\\login\\..\\init.js:53)\r\n\tat org.mozilla.javascript.gen.C__Users_InternDN19_01_04_autoTest_PNVTeam1_tests_galen_login____init_js_22.call(C:\\Users\\InternDN19.01.04\\autoTest_PNVTeam1\\tests\\galen\\login\\..\\init.js)\r\n\tat org.mozilla.javascript.ScriptRuntime.applyOrCall(ScriptRuntime.java:2697)\r\n\tat org.mozilla.javascript.BaseFunction.execIdCall(BaseFunction.java:287)\r\n\tat org.mozilla.javascript.IdFunctionObject.call(IdFunctionObject.java:101)\r\n\tat org.mozilla.javascript.optimizer.OptRuntime.call2(OptRuntime.java:42)\r\n\tat org.mozilla.javascript.gen._cmd__18._c_invokeFunc_2(<cmd>:33)\r\n\tat org.mozilla.javascript.gen._cmd__18.call(<cmd>)\r\n\tat org.mozilla.javascript.optimizer.OptRuntime.callName(OptRuntime.java:63)\r\n\tat org.mozilla.javascript.gen._cmd__18._c_anonymous_22(<cmd>:280)\r\n\tat org.mozilla.javascript.gen._cmd__18.call(<cmd>)\r\n\tat org.mozilla.javascript.ContextFactory.doTopCall(ContextFactory.java:399)\r\n\tat org.mozilla.javascript.ScriptRuntime.doTopCall(ScriptRuntime.java:3452)\r\n\tat org.mozilla.javascript.gen._cmd__18.call(<cmd>)\r\n\tat org.mozilla.javascript.JavaAdapter.doCall(JavaAdapter.java:606)\r\n\tat org.mozilla.javascript.JavaAdapter.access$000(JavaAdapter.java:15)\r\n\tat org.mozilla.javascript.JavaAdapter$1.run(JavaAdapter.java:586)\r\n\tat org.mozilla.javascript.Context.call(Context.java:526)\r\n\tat org.mozilla.javascript.ContextFactory.call(ContextFactory.java:509)\r\n\tat org.mozilla.javascript.JavaAdapter.callMethod(JavaAdapter.java:583)\r\n\tat adapter2.execute(<adapter>)\r\n\tat com.galenframework.TestRunnable.runTest(TestRunnable.java:75)\r\n\tat com.galenframework.TestRunnable.run(TestRunnable.java:101)\r\n\tat java.util.concurrent.ThreadPoolExecutor.runWorker(Unknown Source)\r\n\tat java.util.concurrent.ThreadPoolExecutor$Worker.run(Unknown Source)\r\n\tat java.lang.Thread.run(Unknown Source)\r\n",
    "exceptionMessage" : "JavaScriptException: Error: No such element: xpath //div[@id='wpwrap']//div[@id='wpcontent']//li[@id='wp-admin-bar-menu-toggle']//span[@class='ab-icon'] (<cmd>#340)"
  }, {
    "name" : "Verify that the add post page displays all elements correctly on mobile device",
    "startedAt" : 1559010010635,
    "endedAt" : 1559010038586,
    "failed" : false,
    "statistic" : {
      "passed" : 40,
      "errors" : 0,
      "warnings" : 0,
      "total" : 40
    },
    "testId" : "4-verify-that-the-add-post-page-displays-all-elements-correctly-on-mobile-device",
    "groups" : [ ],
    "failed" : false,
    "duration" : 27951
  }, {
    "name" : "Verify that the add media page displays all elements correctly on tablet device",
    "startedAt" : 1559010010636,
    "endedAt" : 1559010038274,
    "failed" : false,
    "statistic" : {
      "passed" : 29,
      "errors" : 0,
      "warnings" : 0,
      "total" : 29
    },
    "testId" : "5-verify-that-the-add-media-page-displays-all-elements-correctly-on-tablet-device",
    "groups" : [ ],
    "failed" : false,
    "duration" : 27638
  }, {
    "name" : "Verify that the add category page displays all elements correctly on desktop device",
    "startedAt" : 1559010010635,
    "endedAt" : 1559010042361,
    "failed" : false,
    "statistic" : {
      "passed" : 124,
      "errors" : 0,
      "warnings" : 0,
      "total" : 124
    },
    "testId" : "6-verify-that-the-add-category-page-displays-all-elements-correctly-on-desktop-device",
    "groups" : [ ],
    "failed" : false,
    "duration" : 31726
  }, {
    "name" : "Verify that the login page displays all elements correctly on desktop device",
    "startedAt" : 1559010010634,
    "endedAt" : 1559010030289,
    "failed" : true,
    "statistic" : {
      "passed" : 1,
      "errors" : 1,
      "warnings" : 0,
      "total" : 2
    },
    "testId" : "7-verify-that-the-login-page-displays-all-elements-correctly-on-desktop-device",
    "groups" : [ ],
    "failed" : true,
    "duration" : 19655,
    "exceptionStacktrace" : "org.mozilla.javascript.WrappedException: Wrapped com.galenframework.parser.SyntaxException: JavaScript error inside statement\n    in specs/login/loginPage.gspec:111 (<cmd>#141)\r\n\tat org.mozilla.javascript.Context.throwAsScriptRuntimeEx(Context.java:1914)\r\n\tat org.mozilla.javascript.MemberBox.invoke(MemberBox.java:148)\r\n\tat org.mozilla.javascript.NativeJavaMethod.call(NativeJavaMethod.java:225)\r\n\tat org.mozilla.javascript.optimizer.OptRuntime.callN(OptRuntime.java:52)\r\n\tat org.mozilla.javascript.gen._cmd__19._c_checkLayout_7(<cmd>:141)\r\n\tat org.mozilla.javascript.gen._cmd__19.call(<cmd>)\r\n\tat org.mozilla.javascript.optimizer.OptRuntime.callName(OptRuntime.java:63)\r\n\tat org.mozilla.javascript.gen.C__Users_InternDN19_01_04_autoTest_PNVTeam1_tests_galen_login_login_test_js_21._c_anonymous_1(C:\\Users\\InternDN19.01.04\\autoTest_PNVTeam1\\tests\\galen\\login\\login.test.js:4)\r\n\tat org.mozilla.javascript.gen.C__Users_InternDN19_01_04_autoTest_PNVTeam1_tests_galen_login_login_test_js_21.call(C:\\Users\\InternDN19.01.04\\autoTest_PNVTeam1\\tests\\galen\\login\\login.test.js)\r\n\tat org.mozilla.javascript.ScriptRuntime.applyOrCall(ScriptRuntime.java:2697)\r\n\tat org.mozilla.javascript.BaseFunction.execIdCall(BaseFunction.java:287)\r\n\tat org.mozilla.javascript.IdFunctionObject.call(IdFunctionObject.java:101)\r\n\tat org.mozilla.javascript.optimizer.OptRuntime.callN(OptRuntime.java:52)\r\n\tat org.mozilla.javascript.gen.C__Users_InternDN19_01_04_autoTest_PNVTeam1_tests_galen_login____init_js_22._c_anonymous_4(C:\\Users\\InternDN19.01.04\\autoTest_PNVTeam1\\tests\\galen\\login\\..\\init.js:53)\r\n\tat org.mozilla.javascript.gen.C__Users_InternDN19_01_04_autoTest_PNVTeam1_tests_galen_login____init_js_22.call(C:\\Users\\InternDN19.01.04\\autoTest_PNVTeam1\\tests\\galen\\login\\..\\init.js)\r\n\tat org.mozilla.javascript.ScriptRuntime.applyOrCall(ScriptRuntime.java:2697)\r\n\tat org.mozilla.javascript.BaseFunction.execIdCall(BaseFunction.java:287)\r\n\tat org.mozilla.javascript.IdFunctionObject.call(IdFunctionObject.java:101)\r\n\tat org.mozilla.javascript.optimizer.OptRuntime.call2(OptRuntime.java:42)\r\n\tat org.mozilla.javascript.gen._cmd__18._c_invokeFunc_2(<cmd>:33)\r\n\tat org.mozilla.javascript.gen._cmd__18.call(<cmd>)\r\n\tat org.mozilla.javascript.optimizer.OptRuntime.callName(OptRuntime.java:63)\r\n\tat org.mozilla.javascript.gen._cmd__18._c_anonymous_22(<cmd>:280)\r\n\tat org.mozilla.javascript.gen._cmd__18.call(<cmd>)\r\n\tat org.mozilla.javascript.ContextFactory.doTopCall(ContextFactory.java:399)\r\n\tat org.mozilla.javascript.ScriptRuntime.doTopCall(ScriptRuntime.java:3452)\r\n\tat org.mozilla.javascript.gen._cmd__18.call(<cmd>)\r\n\tat org.mozilla.javascript.JavaAdapter.doCall(JavaAdapter.java:606)\r\n\tat org.mozilla.javascript.JavaAdapter.access$000(JavaAdapter.java:15)\r\n\tat org.mozilla.javascript.JavaAdapter$1.run(JavaAdapter.java:586)\r\n\tat org.mozilla.javascript.Context.call(Context.java:526)\r\n\tat org.mozilla.javascript.ContextFactory.call(ContextFactory.java:509)\r\n\tat org.mozilla.javascript.JavaAdapter.callMethod(JavaAdapter.java:583)\r\n\tat adapter2.execute(<adapter>)\r\n\tat com.galenframework.TestRunnable.runTest(TestRunnable.java:75)\r\n\tat com.galenframework.TestRunnable.run(TestRunnable.java:101)\r\n\tat java.util.concurrent.ThreadPoolExecutor.runWorker(Unknown Source)\r\n\tat java.util.concurrent.ThreadPoolExecutor$Worker.run(Unknown Source)\r\n\tat java.lang.Thread.run(Unknown Source)\r\nCaused by: com.galenframework.parser.SyntaxException: JavaScript error inside statement\n    in specs/login/loginPage.gspec:111\r\n\tat com.galenframework.speclang2.pagespec.PageSpecHandler.processExpressionsIn(PageSpecHandler.java:385)\r\n\tat com.galenframework.speclang2.pagespec.MacroProcessor.process(MacroProcessor.java:82)\r\n\tat com.galenframework.speclang2.pagespec.MacroProcessor.processNonMacroStatement(MacroProcessor.java:178)\r\n\tat com.galenframework.speclang2.pagespec.MacroProcessor.process(MacroProcessor.java:86)\r\n\tat com.galenframework.speclang2.pagespec.MacroProcessor.processMacroStatement(MacroProcessor.java:203)\r\n\tat com.galenframework.speclang2.pagespec.MacroProcessor.process(MacroProcessor.java:84)\r\n\tat com.galenframework.speclang2.pagespec.MacroProcessor.processNonMacroStatement(MacroProcessor.java:178)\r\n\tat com.galenframework.speclang2.pagespec.MacroProcessor.process(MacroProcessor.java:86)\r\n\tat com.galenframework.speclang2.pagespec.PageSpecReader.read(PageSpecReader.java:61)\r\n\tat com.galenframework.speclang2.pagespec.PageSpecReader.read(PageSpecReader.java:45)\r\n\tat com.galenframework.api.Galen.checkLayout(Galen.java:68)\r\n\tat com.galenframework.javascript.GalenJsApi.checkLayout(GalenJsApi.java:104)\r\n\tat sun.reflect.NativeMethodAccessorImpl.invoke0(Native Method)\r\n\tat sun.reflect.NativeMethodAccessorImpl.invoke(Unknown Source)\r\n\tat sun.reflect.DelegatingMethodAccessorImpl.invoke(Unknown Source)\r\n\tat java.lang.reflect.Method.invoke(Unknown Source)\r\n\tat org.mozilla.javascript.MemberBox.invoke(MemberBox.java:126)\r\n\t... 37 more\r\nCaused by: org.mozilla.javascript.EcmaError: ReferenceError: \"backto_store_text\" is not defined. (<cmd>#1)\r\n\tat org.mozilla.javascript.ScriptRuntime.constructError(ScriptRuntime.java:4142)\r\n\tat org.mozilla.javascript.ScriptRuntime.constructError(ScriptRuntime.java:4120)\r\n\tat org.mozilla.javascript.ScriptRuntime.notFoundError(ScriptRuntime.java:4210)\r\n\tat org.mozilla.javascript.ScriptRuntime.name(ScriptRuntime.java:1886)\r\n\tat org.mozilla.javascript.gen._cmd__97._c_script_0(<cmd>:1)\r\n\tat org.mozilla.javascript.gen._cmd__97.call(<cmd>)\r\n\tat org.mozilla.javascript.gen._cmd__97.exec(<cmd>)\r\n\tat org.mozilla.javascript.Context.evaluateString(Context.java:1244)\r\n\tat com.galenframework.javascript.GalenJsExecutor.evalStrictToString(GalenJsExecutor.java:126)\r\n\tat com.galenframework.parser.VarsParser.readJsExpression(VarsParser.java:119)\r\n\tat com.galenframework.parser.VarsParser.getExpressionValueString(VarsParser.java:102)\r\n\tat com.galenframework.parser.VarsParser.parse(VarsParser.java:71)\r\n\tat com.galenframework.speclang2.pagespec.PageSpecHandler.processExpressionsIn(PageSpecHandler.java:383)\r\n\t... 53 more\r\n",
    "exceptionMessage" : "WrappedException: Wrapped com.galenframework.parser.SyntaxException: JavaScript error inside statement\n    in specs/login/loginPage.gspec:111 (<cmd>#141)"
  }, {
    "name" : "Verify that the add media page displays all elements correctly on desktop device",
    "startedAt" : 1559010010636,
    "endedAt" : 1559010038584,
    "failed" : false,
    "statistic" : {
      "passed" : 36,
      "errors" : 0,
      "warnings" : 0,
      "total" : 36
    },
    "testId" : "8-verify-that-the-add-media-page-displays-all-elements-correctly-on-desktop-device",
    "groups" : [ ],
    "failed" : false,
    "duration" : 27948
  }, {
    "name" : "Verify that the add media page displays all elements correctly on mobile device",
    "startedAt" : 1559010010635,
    "endedAt" : 1559010037945,
    "failed" : false,
    "statistic" : {
      "passed" : 29,
      "errors" : 0,
      "warnings" : 0,
      "total" : 29
    },
    "testId" : "9-verify-that-the-add-media-page-displays-all-elements-correctly-on-mobile-device",
    "groups" : [ ],
    "failed" : false,
    "duration" : 27310
  }, {
    "name" : "Verify that the add post page displays all elements correctly on tablet device",
    "startedAt" : 1559010010635,
    "endedAt" : 1559010042602,
    "failed" : false,
    "statistic" : {
      "passed" : 40,
      "errors" : 0,
      "warnings" : 0,
      "total" : 40
    },
    "testId" : "10-verify-that-the-add-post-page-displays-all-elements-correctly-on-tablet-device",
    "groups" : [ ],
    "failed" : false,
    "duration" : 31967
  }, {
    "name" : "Verify that the add category page displays all elements correctly on tablet device",
    "startedAt" : 1559010010635,
    "endedAt" : 1559010043959,
    "failed" : false,
    "statistic" : {
      "passed" : 101,
      "errors" : 0,
      "warnings" : 0,
      "total" : 101
    },
    "testId" : "11-verify-that-the-add-category-page-displays-all-elements-correctly-on-tablet-device",
    "groups" : [ ],
    "failed" : false,
    "duration" : 33324
  }, {
    "name" : "Verify that the add post page displays all elements correctly on desktop device",
    "startedAt" : 1559010010635,
    "endedAt" : 1559010046374,
    "failed" : false,
    "statistic" : {
      "passed" : 96,
      "errors" : 0,
      "warnings" : 0,
      "total" : 96
    },
    "testId" : "12-verify-that-the-add-post-page-displays-all-elements-correctly-on-desktop-device",
    "groups" : [ ],
    "failed" : false,
    "duration" : 35739
  } ]
}