<?xml version="1.0" encoding="UTF-8" ?>
<testsuites errors="1"
            failures="2"
            tests="3">

  <testsuite name="posts.adminPostEditTest"
    errors="1" failures="2" hostname="" id="" package="adminPostEditTest" skipped="0"
    tests="3" time="8.400" timestamp="">
  
    <testcase name="Precondition: Login with valid account, create a new post" classname="posts.adminPostEditTest" time="0.02900" assertions="0">
    </testcase>
  
    <testcase name="Step 1: Go to edit post" classname="posts.adminPostEditTest" time="1.382" assertions="1">  <failure message="Testing if the page title equals &#34;Posts ‹ Store Front Website — WordPress&#34; in 1000 ms. - expected [0;32m&#34;Posts ‹ Store Front Website — WordPress&#34;[0m but got: [0;31m&#34;Log In ‹ Store Front Website — WordPress&#34;[0m">    at Page.goToEditPost (C:\Users\InternDN19.01.05\internship_project\autoTest_PNVTeam1\page-objects\posts\adminPostAddPage.js:39:21)
    at Object.Step 1: Go to edit post (C:\Users\InternDN19.01.05\internship_project\autoTest_PNVTeam1\tests\posts\adminPostEditTest.js:21:18)</failure>

    <failure message="    at Page.goToEditPost (C:\Users\InternDN19.01.05\internship_project\autoTest_PNVTeam1\page-objects\posts\adminPostAddPage.js:39:21)">    at Object.Step 1: Go to edit post (C:\Users\InternDN19.01.05\internship_project\autoTest_PNVTeam1\tests\posts\adminPostEditTest.js:21:18)</failure>
    </testcase>
  
    <testcase name="Step 2: Edit Information in post" classname="posts.adminPostEditTest" time="6.989" assertions="1">  <failure message="Timed out while waiting for element &lt;//a[@class=&#34;components-button components-notice__action is-link&#34;]&gt; to be present for 5000 milliseconds. - expected [0;32m&#34;visible&#34;[0m but got: [0;31m&#34;not found&#34;[0m">    at Page.viewPost (C:\Users\InternDN19.01.05\internship_project\autoTest_PNVTeam1\page-objects\posts\adminPostAddPage.js:16:14)
    at Object.Step 2: Edit Information in post (C:\Users\InternDN19.01.05\internship_project\autoTest_PNVTeam1\tests\posts\adminPostEditTest.js:26:14)</failure>

    <failure message="    at Page.viewPost (C:\Users\InternDN19.01.05\internship_project\autoTest_PNVTeam1\page-objects\posts\adminPostAddPage.js:16:14)">    at Object.Step 2: Edit Information in post (C:\Users\InternDN19.01.05\internship_project\autoTest_PNVTeam1\tests\posts\adminPostEditTest.js:26:14)</failure>
    </testcase>
  

  

  
  </testsuite>
</testsuites>
