<?xml version="1.0" encoding="UTF-8" ?>
<testsuites errors="0"
            failures="1"
            tests="2">

  <testsuite name="posts.adminPostAddTest"
    errors="0" failures="1" hostname="" id="" package="adminPostAddTest" skipped="0"
    tests="2" time="29.35" timestamp="">
  
    <testcase name="Verify that User Admin is able add new post with valid data" classname="posts.adminPostAddTest" time="19.22" assertions="8">

    

    

    

    

    

    

    

    
    </testcase>
  
    <testcase name="Verify that User Admin is able edit post with valid data" classname="posts.adminPostAddTest" time="10.13" assertions="6">

    

    

    

    

      <failure message="Failed [equal]: (&#39;Post: 92&#39; == &#39;Post: 93&#39;) - expected [0;32m&#34;Post: 93&#34;[0m but got: [0;31m&#34;Post: 92&#34;[0m">    at C:\Users\InternDN19.01.05\internship_project\autoTest_PNVTeam1\tests\posts\adminPostAddTest.js:43:28
    at NightwatchAPI.&lt;anonymous&gt; (C:\Users\InternDN19.01.05\internship_project\autoTest_PNVTeam1\page-objects\posts\adminPostAddPage.js:29:17)
    at processTicksAndRejections (internal/process/task_queues.js:86:5)</failure>
<system-out>[[ATTACHMENT|C:\Users\InternDN19.01.05\internship_project\autoTest_PNVTeam1\reports\posts\adminPostAddTest\Verify-that-User-Admin-is-able-edit-post-with-valid-data_FAILED_May-07-2019-155129-GMT+0700-(Indochina.png]]</system-out>
    <failure message="    at C:\Users\InternDN19.01.05\internship_project\autoTest_PNVTeam1\tests\posts\adminPostAddTest.js:43:28">    at NightwatchAPI.&lt;anonymous&gt; (C:\Users\InternDN19.01.05\internship_project\autoTest_PNVTeam1\page-objects\posts\adminPostAddPage.js:29:17)
    at processTicksAndRejections (internal/process/task_queues.js:86:5)</failure>
    </testcase>
  

  

  
  </testsuite>
</testsuites>
