<?xml version="1.0" encoding="UTF-8" ?>
<testsuites errors="19"
            failures="3"
            tests="1">

  <testsuite name="posts.demo"
    errors="19" failures="3" hostname="" id="" package="demo" skipped="0"
    tests="1" time="26.57" timestamp="">
  
    <testcase name="Demo test Google" classname="posts.demo" time="26.57" assertions="3">  <failure message="Timed out while waiting for element &lt;body&gt; to be present for 10000 milliseconds. - expected [0;32m&#34;visible&#34;[0m but got: [0;31m&#34;not found&#34;[0m">    at Object.Demo test Google (C:\Users\InternDN19.01.05\internship_project\autoTest_PNVTeam1\tests\posts\demo.js:5:10)
    at processTicksAndRejections (internal/process/task_queues.js:86:5)</failure>

      <failure message="Timed out while waiting for element &lt;input[name=btnK]&gt; to be present for 10000 milliseconds. - expected [0;32m&#34;visible&#34;[0m but got: [0;31m&#34;not found&#34;[0m">    at Object.Demo test Google (C:\Users\InternDN19.01.05\internship_project\autoTest_PNVTeam1\tests\posts\demo.js:7:10)
    at processTicksAndRejections (internal/process/task_queues.js:86:5)</failure>

      <failure message="Testing if element &lt;#main&gt; contains text: &#34;Night Watch&#34;. Element could not be located in 5000 ms. - expected [0;32m&#34;Night Watch&#34;[0m but got: [0;31m&#34;null&#34;[0m">    at Object.Demo test Google (C:\Users\InternDN19.01.05\internship_project\autoTest_PNVTeam1\tests\posts\demo.js:10:17)
    at processTicksAndRejections (internal/process/task_queues.js:86:5)</failure>

    <failure message="    at Object.Demo test Google (C:\Users\InternDN19.01.05\internship_project\autoTest_PNVTeam1\tests\posts\demo.js:10:17)">    at processTicksAndRejections (internal/process/task_queues.js:86:5)</failure>
    </testcase>
  

  

  
  </testsuite>
</testsuites>
