<?xml version="1.0" encoding="UTF-8" ?>
<testsuites errors="0"
            failures="1"
            tests="2">

  <testsuite name="posts.adminPostTest"
    errors="0" failures="1" hostname="" id="" package="adminPostTest" skipped="0"
    tests="2" time="34.01" timestamp="">
  
    <testcase name="Verify that admin can add a new post with valid data" classname="posts.adminPostTest" time="18.37" assertions="9">

    

    

    

    

    

    

    

    

    
    </testcase>
  
    <testcase name="Verify that admin can edit post with valid data" classname="posts.adminPostTest" time="15.64" assertions="4">

    

    

      <failure message="Timed out while waiting for element &lt;//span[@class=&#39;edit&#39;]/a[ancestor::tr[@id=&#39;post-3648&#39;]]&gt; to be visible for 5000 milliseconds. - expected [0;32m&#34;visible&#34;[0m but got: [0;31m&#34;not visible&#34;[0m">    at Page.clickLink (C:\Users\InternDN19.01.04\autoTest_PNVTeam1\page-objects\nightwatch\posts\adminPostViewAllPage.js:13:18)
    at Page.goToAction (C:\Users\InternDN19.01.04\autoTest_PNVTeam1\page-objects\nightwatch\posts\adminPostViewAllPage.js:19:26)
    at NightwatchAPI.&lt;anonymous&gt; (C:\Users\InternDN19.01.04\autoTest_PNVTeam1\tests\nightwatch\posts\adminPostTest.js:52:33)
    at processTicksAndRejections (internal/process/task_queues.js:79:9)</failure>
<system-out>[[ATTACHMENT|C:\Users\InternDN19.01.04\autoTest_PNVTeam1\reports\nightwatch\posts\adminPostTest\Verify-that-admin-can-edit-post-with-valid-data_FAILED_May-27-2019-164920-GMT+0700-(Indochina.png]]</system-out>
    <failure message="    at Page.clickLink (C:\Users\InternDN19.01.04\autoTest_PNVTeam1\page-objects\nightwatch\posts\adminPostViewAllPage.js:13:18)">    at Page.goToAction (C:\Users\InternDN19.01.04\autoTest_PNVTeam1\page-objects\nightwatch\posts\adminPostViewAllPage.js:19:26)
    at NightwatchAPI.&lt;anonymous&gt; (C:\Users\InternDN19.01.04\autoTest_PNVTeam1\tests\nightwatch\posts\adminPostTest.js:52:33)
    at processTicksAndRejections (internal/process/task_queues.js:79:9)</failure>
    </testcase>
  

  

  
  </testsuite>
</testsuites>
