<?xml version="1.0" encoding="UTF-8" ?>
<testsuites errors="1"
            failures="1"
            tests="2">

  <testsuite name="tags.adminTagTest"
    errors="1" failures="1" hostname="" id="" package="adminTagTest" skipped="0"
    tests="2" time="29.69" timestamp="">
  
    <testcase name="Verify that admin can add a new tag with valid data " classname="tags.adminTagTest" time="9.463" assertions="8">

    

    

    

    

    

    

    

    
    </testcase>
  
    <testcase name="Verify that admin can edit tag with valid data" classname="tags.adminTagTest" time="20.23" assertions="12">

    

    

    

    

    

    

    

    

    

    

      <failure message="Timed out while waiting for element &lt;//span[@class=&#39;delete&#39;]/a[ancestor::td//a[text()=&#39;automationhuni87nd9n&#39;]]&gt; to be visible for 5000 milliseconds. - expected [0;32m&#34;visible&#34;[0m but got: [0;31m&#34;not visible&#34;[0m">    at Page.clickLink (C:\Users\InternDN19.01.04\autoTest_PNVTeam1\page-objects\nightwatch\tags\adminTagAddPage.js:41:18)
    at Page.goToAction (C:\Users\InternDN19.01.04\autoTest_PNVTeam1\page-objects\nightwatch\tags\adminTagAddPage.js:50:26)
    at NightwatchAPI.&lt;anonymous&gt; (C:\Users\InternDN19.01.04\autoTest_PNVTeam1\tests\nightwatch\tags\adminTagTest.js:57:24)
    at processTicksAndRejections (internal/process/task_queues.js:79:9)</failure>
<system-out>[[ATTACHMENT|C:\Users\InternDN19.01.04\autoTest_PNVTeam1\reports\nightwatch\tags\adminTagTest\Verify-that-admin-can-edit-tag-with-valid-data_FAILED_May-27-2019-165545-GMT+0700-(Indochina.png]]</system-out>
    <failure message="    at Page.clickLink (C:\Users\InternDN19.01.04\autoTest_PNVTeam1\page-objects\nightwatch\tags\adminTagAddPage.js:41:18)">    at Page.goToAction (C:\Users\InternDN19.01.04\autoTest_PNVTeam1\page-objects\nightwatch\tags\adminTagAddPage.js:50:26)
    at NightwatchAPI.&lt;anonymous&gt; (C:\Users\InternDN19.01.04\autoTest_PNVTeam1\tests\nightwatch\tags\adminTagTest.js:57:24)
    at processTicksAndRejections (internal/process/task_queues.js:79:9)</failure>
    </testcase>
  

  

  
  </testsuite>
</testsuites>
