<?xml version="1.0" encoding="UTF-8" ?>
<testsuites errors="0"
            failures="1"
            tests="3">

  <testsuite name="users.adminUserAddNewTest"
    errors="0" failures="1" hostname="" id="" package="adminUserAddNewTest" skipped="0"
    tests="3" time="4.164" timestamp="">
  
    <testcase name="Step 1: Login to the admin page" classname="users.adminUserAddNewTest" time="1.098" assertions="0">
    </testcase>
  
    <testcase name="Step 2: Go to the add new user page" classname="users.adminUserAddNewTest" time="0.9190" assertions="0">
    </testcase>
  
    <testcase name="Step 3: Add new user" classname="users.adminUserAddNewTest" time="2.147" assertions="1">  <failure message="Testing if element &lt;Element [name=@collumnUsername]&gt; contains text: &#34;nightwatch&#34;. Element could not be located in 1000 ms. - expected [0;32m&#34;nightwatch&#34;[0m but got: [0;31m&#34;null&#34;[0m">    at Page.checkContainsText (C:\Users\InternDN19.01.06\autoTest_PNVTeam1\page-objects\users\adminUserManagementPage.js:4:32)
    at Object.Step 3: Add new user (C:\Users\InternDN19.01.06\autoTest_PNVTeam1\tests\users\adminUserAddNewTest.js:24:14)</failure>

    <failure message="    at Page.checkContainsText (C:\Users\InternDN19.01.06\autoTest_PNVTeam1\page-objects\users\adminUserManagementPage.js:4:32)">    at Object.Step 3: Add new user (C:\Users\InternDN19.01.06\autoTest_PNVTeam1\tests\users\adminUserAddNewTest.js:24:14)</failure>
    </testcase>
  

  

  
  </testsuite>
</testsuites>
