<?xml version="1.0" encoding="UTF-8" ?>
<testsuites errors="0"
            failures="1"
            tests="1">

  <testsuite name="tags.adminTagTest"
    errors="0" failures="1" hostname="" id="" package="adminTagTest" skipped="1"
    tests="1" time="5.034" timestamp="">
  
    <testcase name="Verify that admin can add new tag successfully" classname="tags.adminTagTest" time="5.034" assertions="2">

      <failure message="Failed [equal]: (&#39;automation&#39; == &#39;automation testing&#39;) - expected [0;32m&#34;automation testing&#34;[0m but got: [0;31m&#34;automation&#34;[0m">    at C:\Users\InternDN19.01.05\internship_project\autoTest_PNVTeam1\tests\tags\adminTagTest.js:23:28
    at NightwatchAPI.&lt;anonymous&gt; (C:\Users\InternDN19.01.05\internship_project\autoTest_PNVTeam1\commands\commons\getContains.js:3:9)
    at processTicksAndRejections (internal/process/task_queues.js:86:5)</failure>
<system-out>[[ATTACHMENT|C:\Users\InternDN19.01.05\internship_project\autoTest_PNVTeam1\reports\tags\adminTagTest\Verify-that-admin-can-add-new-tag-successfully_FAILED_May-07-2019-161143-GMT+0700-(Indochina.png]]</system-out>
    <failure message="    at C:\Users\InternDN19.01.05\internship_project\autoTest_PNVTeam1\tests\tags\adminTagTest.js:23:28">    at NightwatchAPI.&lt;anonymous&gt; (C:\Users\InternDN19.01.05\internship_project\autoTest_PNVTeam1\commands\commons\getContains.js:3:9)
    at processTicksAndRejections (internal/process/task_queues.js:86:5)</failure>
    </testcase>
  

  

  
    
    <testcase
      name="Verify that Admin can edit tag " classname="tags.adminTagTest">
      <skipped />
    </testcase>
    
  
  </testsuite>
</testsuites>
